[2025-09-29 09:28:09] [INFO] [3fj6fsk4] GET /api/tamano_etiqueta
[2025-09-29 09:28:09] [DEBUG] [3fj6fsk4] Listando todas las etiquetas
[2025-09-29 09:28:09] [DEBUG] SQL: SELECT ek.ETIQUETA_ID, ek.NOMBRE, ek.WIDTH, ek.HEIGHT, ek.MARGEN, ek.ALTO_BARRA, ek.FONT_SIZE_CLAVE_ARTICULO FROM ETIQUETAS_KRKN ek ORDER BY ek.NOMBRE | params: []
[2025-09-29 09:28:11] [ERROR] Error en consulta Firebird: Dynamic SQL Error, SQL error code = -204, Table unknown, ETIQUETAS_KRKN, At line 10, column 12
[2025-09-29 09:28:11] [ERROR] Error GET /api/tamano_etiqueta: Dynamic SQL Error, SQL error code = -204, Table unknown, ETIQUETAS_KRKN, At line 10, column 12
[2025-09-29 09:28:11] [DEBUG] Stack: Error: Dynamic SQL Error, SQL error code = -204, Table unknown, ETIQUETAS_KRKN, At line 10, column 12
    at doCallback (webpack-internal:///(rsc)/./node_modules/.pnpm/node-firebird@1.1.9/node_modules/node-firebird/lib/callback.js:23:21)
    at eval (webpack-internal:///(rsc)/./node_modules/.pnpm/node-firebird@1.1.9/node_modules/node-firebird/lib/wire/connection.js:172:21)
    at loop (webpack-internal:///(rsc)/./node_modules/.pnpm/node-firebird@1.1.9/node_modules/node-firebird/lib/wire/connection.js:229:33)
    at parseOpResponse (webpack-internal:///(rsc)/./node_modules/.pnpm/node-firebird@1.1.9/node_modules/node-firebird/lib/wire/connection.js:515:29)
    at loop (webpack-internal:///(rsc)/./node_modules/.pnpm/node-firebird@1.1.9/node_modules/node-firebird/lib/wire/connection.js:227:33)
    at parseOpResponse (webpack-internal:///(rsc)/./node_modules/.pnpm/node-firebird@1.1.9/node_modules/node-firebird/lib/wire/connection.js:515:29)
    at decodeResponse (webpack-internal:///(rsc)/./node_modules/.pnpm/node-firebird@1.1.9/node_modules/node-firebird/lib/wire/connection.js:237:24)
    at Socket.eval (webpack-internal:///(rsc)/./node_modules/.pnpm/node-firebird@1.1.9/node_modules/node-firebird/lib/wire/connection.js:149:13)
    at Socket.emit (node:events:518:28)
    at addChunk (node:internal/streams/readable:559:12)
    at readableAddChunkPushByteMode (node:internal/streams/readable:510:3)
    at Readable.push (node:internal/streams/readable:390:5)
    at TCP.onStreamRead (node:internal/stream_base_commons:190:23)
    at TCP.callbackTrampoline (node:internal/async_hooks:130:17)
[2025-09-29 09:28:14] [INFO] [qwyyy9yq] Iniciando GET /api/articulos
[2025-09-29 09:28:14] [DEBUG] [qwyyy9yq] q recibido: "45"
[2025-09-29 09:28:14] [INFO] [qwyyy9yq] Solicitud sin token (endpoint público)
[2025-09-29 09:28:14] [DEBUG] Ejecutando consulta: SELECT FIRST 10 ca.CLAVE_ARTICULO, a.NOMBRE FROM CLAVES_ARTICULOS ca INNER JOIN ARTICULOS a ON a.ARTICULO_ID = ca.ARTICULO_ID WHERE UPPER(ca.CLAVE_ARTICULO) LIKE UPPER(?) OR UPPER(a.NOMBRE) LIKE UPPER(?) ORDER BY a.NOMBRE con parámetros: ["%45%","%45%"]
[2025-09-29 09:28:15] [INFO] [yna6rnwh] Iniciando GET /api/articulos
[2025-09-29 09:28:15] [DEBUG] [yna6rnwh] q recibido: "45272"
[2025-09-29 09:28:15] [INFO] [yna6rnwh] Solicitud sin token (endpoint público)
[2025-09-29 09:28:15] [DEBUG] Ejecutando consulta: SELECT FIRST 10 ca.CLAVE_ARTICULO, a.NOMBRE FROM CLAVES_ARTICULOS ca INNER JOIN ARTICULOS a ON a.ARTICULO_ID = ca.ARTICULO_ID WHERE UPPER(ca.CLAVE_ARTICULO) LIKE UPPER(?) OR UPPER(a.NOMBRE) LIKE UPPER(?) ORDER BY a.NOMBRE con parámetros: ["%45272%","%45272%"]
[2025-09-29 09:28:16] [DEBUG] Consulta OK. Filas: 10
[2025-09-29 09:28:16] [INFO] [qwyyy9yq] Búsqueda completada. Coincidencias: 10
[2025-09-29 09:28:17] [DEBUG] Consulta OK. Filas: 1
[2025-09-29 09:28:17] [INFO] [yna6rnwh] Búsqueda completada. Coincidencias: 1
[2025-09-29 09:28:18] [INFO] [zdztdgs1] Iniciando GET /api/articulos
[2025-09-29 09:28:18] [DEBUG] [zdztdgs1] q recibido: "28"
[2025-09-29 09:28:18] [INFO] [zdztdgs1] Solicitud sin token (endpoint público)
[2025-09-29 09:28:18] [DEBUG] Ejecutando consulta: SELECT FIRST 10 ca.CLAVE_ARTICULO, a.NOMBRE FROM CLAVES_ARTICULOS ca INNER JOIN ARTICULOS a ON a.ARTICULO_ID = ca.ARTICULO_ID WHERE UPPER(ca.CLAVE_ARTICULO) LIKE UPPER(?) OR UPPER(a.NOMBRE) LIKE UPPER(?) ORDER BY a.NOMBRE con parámetros: ["%28%","%28%"]
[2025-09-29 09:28:20] [DEBUG] Consulta OK. Filas: 10
[2025-09-29 09:28:20] [INFO] [zdztdgs1] Búsqueda completada. Coincidencias: 10
[2025-09-29 09:28:23] [INFO] [v5p2s0yj] Iniciando GET /api/articulos
[2025-09-29 09:28:23] [DEBUG] [v5p2s0yj] q recibido: "199"
[2025-09-29 09:28:23] [INFO] [v5p2s0yj] Solicitud sin token (endpoint público)
[2025-09-29 09:28:23] [DEBUG] Ejecutando consulta: SELECT FIRST 10 ca.CLAVE_ARTICULO, a.NOMBRE FROM CLAVES_ARTICULOS ca INNER JOIN ARTICULOS a ON a.ARTICULO_ID = ca.ARTICULO_ID WHERE UPPER(ca.CLAVE_ARTICULO) LIKE UPPER(?) OR UPPER(a.NOMBRE) LIKE UPPER(?) ORDER BY a.NOMBRE con parámetros: ["%199%","%199%"]
[2025-09-29 09:28:25] [INFO] [knmcigoa] Iniciando GET /api/articulos
[2025-09-29 09:28:25] [DEBUG] [knmcigoa] q recibido: "1995"
[2025-09-29 09:28:25] [INFO] [knmcigoa] Solicitud sin token (endpoint público)
[2025-09-29 09:28:25] [DEBUG] Ejecutando consulta: SELECT FIRST 10 ca.CLAVE_ARTICULO, a.NOMBRE FROM CLAVES_ARTICULOS ca INNER JOIN ARTICULOS a ON a.ARTICULO_ID = ca.ARTICULO_ID WHERE UPPER(ca.CLAVE_ARTICULO) LIKE UPPER(?) OR UPPER(a.NOMBRE) LIKE UPPER(?) ORDER BY a.NOMBRE con parámetros: ["%1995%","%1995%"]
[2025-09-29 09:28:25] [DEBUG] Consulta OK. Filas: 10
[2025-09-29 09:28:25] [INFO] [v5p2s0yj] Búsqueda completada. Coincidencias: 10
[2025-09-29 09:28:26] [INFO] [nma9gtwa] Iniciando GET /api/articulos
[2025-09-29 09:28:26] [DEBUG] [nma9gtwa] q recibido: "199"
[2025-09-29 09:28:26] [INFO] [nma9gtwa] Solicitud sin token (endpoint público)
[2025-09-29 09:28:26] [DEBUG] Ejecutando consulta: SELECT FIRST 10 ca.CLAVE_ARTICULO, a.NOMBRE FROM CLAVES_ARTICULOS ca INNER JOIN ARTICULOS a ON a.ARTICULO_ID = ca.ARTICULO_ID WHERE UPPER(ca.CLAVE_ARTICULO) LIKE UPPER(?) OR UPPER(a.NOMBRE) LIKE UPPER(?) ORDER BY a.NOMBRE con parámetros: ["%199%","%199%"]
[2025-09-29 09:28:27] [DEBUG] Consulta OK. Filas: 10
[2025-09-29 09:28:27] [INFO] [knmcigoa] Búsqueda completada. Coincidencias: 10
[2025-09-29 09:28:28] [DEBUG] Consulta OK. Filas: 10
[2025-09-29 09:28:28] [INFO] [nma9gtwa] Búsqueda completada. Coincidencias: 10
[2025-09-29 09:28:36] [INFO] [ewvbmrs6] Iniciando GET /api/articulos
[2025-09-29 09:28:36] [DEBUG] [ewvbmrs6] q recibido: "444"
[2025-09-29 09:28:36] [INFO] [ewvbmrs6] Solicitud sin token (endpoint público)
[2025-09-29 09:28:36] [DEBUG] Ejecutando consulta: SELECT FIRST 10 ca.CLAVE_ARTICULO, a.NOMBRE FROM CLAVES_ARTICULOS ca INNER JOIN ARTICULOS a ON a.ARTICULO_ID = ca.ARTICULO_ID WHERE UPPER(ca.CLAVE_ARTICULO) LIKE UPPER(?) OR UPPER(a.NOMBRE) LIKE UPPER(?) ORDER BY a.NOMBRE con parámetros: ["%444%","%444%"]
[2025-09-29 09:28:37] [INFO] [gsj80d8k] Iniciando GET /api/articulos
[2025-09-29 09:28:37] [DEBUG] [gsj80d8k] q recibido: "44478"
[2025-09-29 09:28:37] [INFO] [gsj80d8k] Solicitud sin token (endpoint público)
[2025-09-29 09:28:37] [DEBUG] Ejecutando consulta: SELECT FIRST 10 ca.CLAVE_ARTICULO, a.NOMBRE FROM CLAVES_ARTICULOS ca INNER JOIN ARTICULOS a ON a.ARTICULO_ID = ca.ARTICULO_ID WHERE UPPER(ca.CLAVE_ARTICULO) LIKE UPPER(?) OR UPPER(a.NOMBRE) LIKE UPPER(?) ORDER BY a.NOMBRE con parámetros: ["%44478%","%44478%"]
[2025-09-29 09:28:38] [DEBUG] Consulta OK. Filas: 10
[2025-09-29 09:28:38] [INFO] [ewvbmrs6] Búsqueda completada. Coincidencias: 10
[2025-09-29 09:28:39] [DEBUG] Consulta OK. Filas: 1
[2025-09-29 09:28:39] [INFO] [gsj80d8k] Búsqueda completada. Coincidencias: 1
[2025-09-29 09:28:40] [INFO] [1ltpcb04] Iniciando GET /api/articulos
[2025-09-29 09:28:40] [DEBUG] [1ltpcb04] q recibido: "49"
[2025-09-29 09:28:40] [INFO] [1ltpcb04] Solicitud sin token (endpoint público)
[2025-09-29 09:28:40] [DEBUG] Ejecutando consulta: SELECT FIRST 10 ca.CLAVE_ARTICULO, a.NOMBRE FROM CLAVES_ARTICULOS ca INNER JOIN ARTICULOS a ON a.ARTICULO_ID = ca.ARTICULO_ID WHERE UPPER(ca.CLAVE_ARTICULO) LIKE UPPER(?) OR UPPER(a.NOMBRE) LIKE UPPER(?) ORDER BY a.NOMBRE con parámetros: ["%49%","%49%"]
[2025-09-29 09:28:41] [INFO] [l98hy8jc] Iniciando GET /api/articulos
[2025-09-29 09:28:41] [DEBUG] [l98hy8jc] q recibido: "4990"
[2025-09-29 09:28:41] [INFO] [l98hy8jc] Solicitud sin token (endpoint público)
[2025-09-29 09:28:41] [DEBUG] Ejecutando consulta: SELECT FIRST 10 ca.CLAVE_ARTICULO, a.NOMBRE FROM CLAVES_ARTICULOS ca INNER JOIN ARTICULOS a ON a.ARTICULO_ID = ca.ARTICULO_ID WHERE UPPER(ca.CLAVE_ARTICULO) LIKE UPPER(?) OR UPPER(a.NOMBRE) LIKE UPPER(?) ORDER BY a.NOMBRE con parámetros: ["%4990%","%4990%"]
[2025-09-29 09:28:42] [DEBUG] Consulta OK. Filas: 10
[2025-09-29 09:28:42] [INFO] [1ltpcb04] Búsqueda completada. Coincidencias: 10
[2025-09-29 09:28:42] [INFO] [6odgau7b] Iniciando GET /api/articulos
[2025-09-29 09:28:42] [DEBUG] [6odgau7b] q recibido: "49907"
[2025-09-29 09:28:42] [INFO] [6odgau7b] Solicitud sin token (endpoint público)
[2025-09-29 09:28:42] [DEBUG] Ejecutando consulta: SELECT FIRST 10 ca.CLAVE_ARTICULO, a.NOMBRE FROM CLAVES_ARTICULOS ca INNER JOIN ARTICULOS a ON a.ARTICULO_ID = ca.ARTICULO_ID WHERE UPPER(ca.CLAVE_ARTICULO) LIKE UPPER(?) OR UPPER(a.NOMBRE) LIKE UPPER(?) ORDER BY a.NOMBRE con parámetros: ["%49907%","%49907%"]
[2025-09-29 09:28:43] [DEBUG] Consulta OK. Filas: 10
[2025-09-29 09:28:43] [INFO] [l98hy8jc] Búsqueda completada. Coincidencias: 10
[2025-09-29 09:28:45] [DEBUG] Consulta OK. Filas: 4
[2025-09-29 09:28:45] [INFO] [6odgau7b] Búsqueda completada. Coincidencias: 4
[2025-09-29 09:29:56] [INFO] [mwqxz8wq] Iniciando GET /api/articulos
[2025-09-29 09:29:56] [DEBUG] [mwqxz8wq] q recibido: "452"
[2025-09-29 09:29:56] [INFO] [mwqxz8wq] Solicitud sin token (endpoint público)
[2025-09-29 09:29:56] [DEBUG] Ejecutando consulta: SELECT FIRST 10 ca.CLAVE_ARTICULO, a.NOMBRE FROM CLAVES_ARTICULOS ca INNER JOIN ARTICULOS a ON a.ARTICULO_ID = ca.ARTICULO_ID WHERE UPPER(ca.CLAVE_ARTICULO) LIKE UPPER(?) OR UPPER(a.NOMBRE) LIKE UPPER(?) ORDER BY a.NOMBRE con parámetros: ["%452%","%452%"]
[2025-09-29 09:29:57] [ERROR] Error conectando a Firebird: Your user name and password are not defined. Ask your database
administrator to set up a Firebird login

[2025-09-29 09:29:57] [ERROR] [mwqxz8wq] Error en GET /api/articulos: Your user name and password are not defined. Ask your database
administrator to set up a Firebird login

[2025-09-29 09:29:57] [DEBUG] [mwqxz8wq] Stack: Error: Your user name and password are not defined. Ask your database
administrator to set up a Firebird login

    at doCallback (webpack-internal:///(rsc)/./node_modules/.pnpm/node-firebird@1.1.9/node_modules/node-firebird/lib/callback.js:23:21)
    at eval (webpack-internal:///(rsc)/./node_modules/.pnpm/node-firebird@1.1.9/node_modules/node-firebird/lib/wire/connection.js:172:21)
    at loop (webpack-internal:///(rsc)/./node_modules/.pnpm/node-firebird@1.1.9/node_modules/node-firebird/lib/wire/connection.js:232:29)
    at parseOpResponse (webpack-internal:///(rsc)/./node_modules/.pnpm/node-firebird@1.1.9/node_modules/node-firebird/lib/wire/connection.js:515:29)
    at decodeResponse (webpack-internal:///(rsc)/./node_modules/.pnpm/node-firebird@1.1.9/node_modules/node-firebird/lib/wire/connection.js:237:24)
    at Socket.eval (webpack-internal:///(rsc)/./node_modules/.pnpm/node-firebird@1.1.9/node_modules/node-firebird/lib/wire/connection.js:149:13)
    at Socket.emit (node:events:518:28)
    at addChunk (node:internal/streams/readable:559:12)
    at readableAddChunkPushByteMode (node:internal/streams/readable:510:3)
    at Readable.push (node:internal/streams/readable:390:5)
    at TCP.onStreamRead (node:internal/stream_base_commons:190:23)
    at TCP.callbackTrampoline (node:internal/async_hooks:130:17)
[2025-09-29 09:29:57] [INFO] [tukt7m32] Iniciando GET /api/articulos
[2025-09-29 09:29:57] [DEBUG] [tukt7m32] q recibido: "45272"
[2025-09-29 09:29:57] [INFO] [tukt7m32] Solicitud sin token (endpoint público)
[2025-09-29 09:29:57] [DEBUG] Ejecutando consulta: SELECT FIRST 10 ca.CLAVE_ARTICULO, a.NOMBRE FROM CLAVES_ARTICULOS ca INNER JOIN ARTICULOS a ON a.ARTICULO_ID = ca.ARTICULO_ID WHERE UPPER(ca.CLAVE_ARTICULO) LIKE UPPER(?) OR UPPER(a.NOMBRE) LIKE UPPER(?) ORDER BY a.NOMBRE con parámetros: ["%45272%","%45272%"]
[2025-09-29 09:29:59] [DEBUG] Consulta OK. Filas: 1
[2025-09-29 09:29:59] [INFO] [tukt7m32] Búsqueda completada. Coincidencias: 1
[2025-09-29 09:30:01] [INFO] [18rgqa4i] Iniciando GET /api/articulos
[2025-09-29 09:30:01] [DEBUG] [18rgqa4i] q recibido: "28"
[2025-09-29 09:30:01] [INFO] [18rgqa4i] Solicitud sin token (endpoint público)
[2025-09-29 09:30:01] [DEBUG] Ejecutando consulta: SELECT FIRST 10 ca.CLAVE_ARTICULO, a.NOMBRE FROM CLAVES_ARTICULOS ca INNER JOIN ARTICULOS a ON a.ARTICULO_ID = ca.ARTICULO_ID WHERE UPPER(ca.CLAVE_ARTICULO) LIKE UPPER(?) OR UPPER(a.NOMBRE) LIKE UPPER(?) ORDER BY a.NOMBRE con parámetros: ["%28%","%28%"]
[2025-09-29 09:30:03] [DEBUG] Consulta OK. Filas: 10
[2025-09-29 09:30:03] [INFO] [18rgqa4i] Búsqueda completada. Coincidencias: 10
[2025-09-29 09:30:06] [INFO] [8ojyn8uc] Iniciando GET /api/articulos
[2025-09-29 09:30:06] [DEBUG] [8ojyn8uc] q recibido: "199"
[2025-09-29 09:30:06] [INFO] [8ojyn8uc] Solicitud sin token (endpoint público)
[2025-09-29 09:30:06] [DEBUG] Ejecutando consulta: SELECT FIRST 10 ca.CLAVE_ARTICULO, a.NOMBRE FROM CLAVES_ARTICULOS ca INNER JOIN ARTICULOS a ON a.ARTICULO_ID = ca.ARTICULO_ID WHERE UPPER(ca.CLAVE_ARTICULO) LIKE UPPER(?) OR UPPER(a.NOMBRE) LIKE UPPER(?) ORDER BY a.NOMBRE con parámetros: ["%199%","%199%"]
[2025-09-29 09:30:07] [DEBUG] Consulta OK. Filas: 10
[2025-09-29 09:30:07] [INFO] [8ojyn8uc] Búsqueda completada. Coincidencias: 10
[2025-09-29 09:30:15] [INFO] [launusts] Iniciando GET /api/articulos
[2025-09-29 09:30:15] [DEBUG] [launusts] q recibido: "444"
[2025-09-29 09:30:15] [INFO] [launusts] Solicitud sin token (endpoint público)
[2025-09-29 09:30:15] [DEBUG] Ejecutando consulta: SELECT FIRST 10 ca.CLAVE_ARTICULO, a.NOMBRE FROM CLAVES_ARTICULOS ca INNER JOIN ARTICULOS a ON a.ARTICULO_ID = ca.ARTICULO_ID WHERE UPPER(ca.CLAVE_ARTICULO) LIKE UPPER(?) OR UPPER(a.NOMBRE) LIKE UPPER(?) ORDER BY a.NOMBRE con parámetros: ["%444%","%444%"]
[2025-09-29 09:30:16] [ERROR] Error conectando a Firebird: Your user name and password are not defined. Ask your database
administrator to set up a Firebird login

[2025-09-29 09:30:16] [ERROR] [launusts] Error en GET /api/articulos: Your user name and password are not defined. Ask your database
administrator to set up a Firebird login

[2025-09-29 09:30:16] [DEBUG] [launusts] Stack: Error: Your user name and password are not defined. Ask your database
administrator to set up a Firebird login

    at doCallback (webpack-internal:///(rsc)/./node_modules/.pnpm/node-firebird@1.1.9/node_modules/node-firebird/lib/callback.js:23:21)
    at eval (webpack-internal:///(rsc)/./node_modules/.pnpm/node-firebird@1.1.9/node_modules/node-firebird/lib/wire/connection.js:172:21)
    at loop (webpack-internal:///(rsc)/./node_modules/.pnpm/node-firebird@1.1.9/node_modules/node-firebird/lib/wire/connection.js:232:29)
    at parseOpResponse (webpack-internal:///(rsc)/./node_modules/.pnpm/node-firebird@1.1.9/node_modules/node-firebird/lib/wire/connection.js:515:29)
    at decodeResponse (webpack-internal:///(rsc)/./node_modules/.pnpm/node-firebird@1.1.9/node_modules/node-firebird/lib/wire/connection.js:237:24)
    at Socket.eval (webpack-internal:///(rsc)/./node_modules/.pnpm/node-firebird@1.1.9/node_modules/node-firebird/lib/wire/connection.js:149:13)
    at Socket.emit (node:events:518:28)
    at addChunk (node:internal/streams/readable:559:12)
    at readableAddChunkPushByteMode (node:internal/streams/readable:510:3)
    at Readable.push (node:internal/streams/readable:390:5)
    at TCP.onStreamRead (node:internal/stream_base_commons:190:23)
    at TCP.callbackTrampoline (node:internal/async_hooks:130:17)
[2025-09-29 11:08:48] [INFO] [l4ei8s6j] GET /api/tamano_etiqueta
[2025-09-29 11:08:48] [DEBUG] [l4ei8s6j] Listando todas las etiquetas
[2025-09-29 11:08:48] [DEBUG] SQL: SELECT ek.ETIQUETA_ID, ek.NOMBRE, ek.WIDTH, ek.HEIGHT, ek.MARGEN, ek.ALTO_BARRA, ek.FONT_SIZE_CLAVE_ARTICULO FROM ETIQUETAS_KRKN ek ORDER BY ek.NOMBRE | params: []
[2025-09-29 11:08:49] [ERROR] Error en consulta Firebird: Dynamic SQL Error, SQL error code = -204, Table unknown, ETIQUETAS_KRKN, At line 10, column 12
[2025-09-29 11:08:49] [ERROR] Error GET /api/tamano_etiqueta: Dynamic SQL Error, SQL error code = -204, Table unknown, ETIQUETAS_KRKN, At line 10, column 12
[2025-09-29 11:08:49] [DEBUG] Stack: Error: Dynamic SQL Error, SQL error code = -204, Table unknown, ETIQUETAS_KRKN, At line 10, column 12
    at doCallback (webpack-internal:///(rsc)/./node_modules/.pnpm/node-firebird@1.1.9/node_modules/node-firebird/lib/callback.js:23:21)
    at eval (webpack-internal:///(rsc)/./node_modules/.pnpm/node-firebird@1.1.9/node_modules/node-firebird/lib/wire/connection.js:172:21)
    at loop (webpack-internal:///(rsc)/./node_modules/.pnpm/node-firebird@1.1.9/node_modules/node-firebird/lib/wire/connection.js:229:33)
    at parseOpResponse (webpack-internal:///(rsc)/./node_modules/.pnpm/node-firebird@1.1.9/node_modules/node-firebird/lib/wire/connection.js:515:29)
    at loop (webpack-internal:///(rsc)/./node_modules/.pnpm/node-firebird@1.1.9/node_modules/node-firebird/lib/wire/connection.js:227:33)
    at parseOpResponse (webpack-internal:///(rsc)/./node_modules/.pnpm/node-firebird@1.1.9/node_modules/node-firebird/lib/wire/connection.js:515:29)
    at decodeResponse (webpack-internal:///(rsc)/./node_modules/.pnpm/node-firebird@1.1.9/node_modules/node-firebird/lib/wire/connection.js:237:24)
    at Socket.eval (webpack-internal:///(rsc)/./node_modules/.pnpm/node-firebird@1.1.9/node_modules/node-firebird/lib/wire/connection.js:149:13)
    at Socket.emit (node:events:518:28)
    at addChunk (node:internal/streams/readable:559:12)
    at readableAddChunkPushByteMode (node:internal/streams/readable:510:3)
    at Readable.push (node:internal/streams/readable:390:5)
    at TCP.onStreamRead (node:internal/stream_base_commons:190:23)
    at TCP.callbackTrampoline (node:internal/async_hooks:130:17)
[2025-09-29 13:17:33] [INFO] [tbve5sp7] GET /api/tamano_etiqueta
[2025-09-29 13:17:33] [DEBUG] [tbve5sp7] Listando todas las etiquetas
[2025-09-29 13:17:33] [DEBUG] SQL: SELECT ek.ETIQUETA_ID, ek.NOMBRE, ek.WIDTH, ek.HEIGHT, ek.MARGEN, ek.ALTO_BARRA, ek.FONT_SIZE_CLAVE_ARTICULO FROM ETIQUETAS_KRKN ek ORDER BY ek.NOMBRE | params: []
[2025-09-29 13:17:34] [ERROR] Error en consulta Firebird: Dynamic SQL Error, SQL error code = -204, Table unknown, ETIQUETAS_KRKN, At line 10, column 12
[2025-09-29 13:17:34] [ERROR] Error GET /api/tamano_etiqueta: Dynamic SQL Error, SQL error code = -204, Table unknown, ETIQUETAS_KRKN, At line 10, column 12
[2025-09-29 13:17:34] [DEBUG] Stack: Error: Dynamic SQL Error, SQL error code = -204, Table unknown, ETIQUETAS_KRKN, At line 10, column 12
    at doCallback (webpack-internal:///(rsc)/./node_modules/.pnpm/node-firebird@1.1.9/node_modules/node-firebird/lib/callback.js:23:21)
    at eval (webpack-internal:///(rsc)/./node_modules/.pnpm/node-firebird@1.1.9/node_modules/node-firebird/lib/wire/connection.js:172:21)
    at loop (webpack-internal:///(rsc)/./node_modules/.pnpm/node-firebird@1.1.9/node_modules/node-firebird/lib/wire/connection.js:229:33)
    at parseOpResponse (webpack-internal:///(rsc)/./node_modules/.pnpm/node-firebird@1.1.9/node_modules/node-firebird/lib/wire/connection.js:515:29)
    at loop (webpack-internal:///(rsc)/./node_modules/.pnpm/node-firebird@1.1.9/node_modules/node-firebird/lib/wire/connection.js:227:33)
    at parseOpResponse (webpack-internal:///(rsc)/./node_modules/.pnpm/node-firebird@1.1.9/node_modules/node-firebird/lib/wire/connection.js:515:29)
    at decodeResponse (webpack-internal:///(rsc)/./node_modules/.pnpm/node-firebird@1.1.9/node_modules/node-firebird/lib/wire/connection.js:237:24)
    at Socket.eval (webpack-internal:///(rsc)/./node_modules/.pnpm/node-firebird@1.1.9/node_modules/node-firebird/lib/wire/connection.js:149:13)
    at Socket.emit (node:events:518:28)
    at addChunk (node:internal/streams/readable:559:12)
    at readableAddChunkPushByteMode (node:internal/streams/readable:510:3)
    at Readable.push (node:internal/streams/readable:390:5)
    at TCP.onStreamRead (node:internal/stream_base_commons:190:23)
    at TCP.callbackTrampoline (node:internal/async_hooks:130:17)
[2025-09-29 13:52:10] [INFO] [kkb8ki5l] Iniciando GET /api/articulos
[2025-09-29 13:52:10] [DEBUG] [kkb8ki5l] q recibido: "45"
[2025-09-29 13:52:10] [INFO] [kkb8ki5l] Solicitud sin token (endpoint público)
[2025-09-29 13:52:10] [DEBUG] Ejecutando consulta: SELECT FIRST 10 ca.CLAVE_ARTICULO, a.NOMBRE FROM CLAVES_ARTICULOS ca INNER JOIN ARTICULOS a ON a.ARTICULO_ID = ca.ARTICULO_ID WHERE UPPER(ca.CLAVE_ARTICULO) LIKE UPPER(?) OR UPPER(a.NOMBRE) LIKE UPPER(?) ORDER BY a.NOMBRE con parámetros: ["%45%","%45%"]
[2025-09-29 13:52:10] [INFO] [al694yfh] Iniciando GET /api/articulos
[2025-09-29 13:52:10] [DEBUG] [al694yfh] q recibido: "450"
[2025-09-29 13:52:10] [INFO] [al694yfh] Solicitud sin token (endpoint público)
[2025-09-29 13:52:10] [DEBUG] Ejecutando consulta: SELECT FIRST 10 ca.CLAVE_ARTICULO, a.NOMBRE FROM CLAVES_ARTICULOS ca INNER JOIN ARTICULOS a ON a.ARTICULO_ID = ca.ARTICULO_ID WHERE UPPER(ca.CLAVE_ARTICULO) LIKE UPPER(?) OR UPPER(a.NOMBRE) LIKE UPPER(?) ORDER BY a.NOMBRE con parámetros: ["%450%","%450%"]
[2025-09-29 13:52:12] [DEBUG] Consulta OK. Filas: 10
[2025-09-29 13:52:12] [INFO] [kkb8ki5l] Búsqueda completada. Coincidencias: 10
[2025-09-29 13:52:12] [DEBUG] Consulta OK. Filas: 10
[2025-09-29 13:52:12] [INFO] [al694yfh] Búsqueda completada. Coincidencias: 10
[2025-09-29 16:46:17] [INFO] [yww32ezu] GET /api/tamano_etiqueta
[2025-09-29 16:46:17] [DEBUG] [yww32ezu] Listando todas las etiquetas
[2025-09-29 16:46:17] [DEBUG] SQL: SELECT ek.ETIQUETA_ID, ek.NOMBRE, ek.WIDTH, ek.HEIGHT, ek.MARGEN, ek.ALTO_BARRA, ek.FONT_SIZE_CLAVE_ARTICULO FROM ETIQUETAS_KRKN ek ORDER BY ek.NOMBRE | params: []
[2025-09-29 16:46:19] [INFO] [vyrxkw05] Iniciando GET /api/articulos
[2025-09-29 16:46:19] [DEBUG] [vyrxkw05] q recibido: "SABD"
[2025-09-29 16:46:19] [INFO] [vyrxkw05] Solicitud sin token (endpoint público)
[2025-09-29 16:46:19] [DEBUG] Ejecutando consulta: SELECT FIRST 10 ca.CLAVE_ARTICULO, a.NOMBRE FROM CLAVES_ARTICULOS ca INNER JOIN ARTICULOS a ON a.ARTICULO_ID = ca.ARTICULO_ID WHERE UPPER(ca.CLAVE_ARTICULO) LIKE UPPER(?) OR UPPER(a.NOMBRE) LIKE UPPER(?) ORDER BY a.NOMBRE con parámetros: ["%SABD%","%SABD%"]
[2025-09-29 16:46:19] [ERROR] Error en consulta Firebird: Dynamic SQL Error, SQL error code = -204, Table unknown, ETIQUETAS_KRKN, At line 10, column 12
[2025-09-29 16:46:19] [ERROR] Error GET /api/tamano_etiqueta: Dynamic SQL Error, SQL error code = -204, Table unknown, ETIQUETAS_KRKN, At line 10, column 12
[2025-09-29 16:46:19] [DEBUG] Stack: Error: Dynamic SQL Error, SQL error code = -204, Table unknown, ETIQUETAS_KRKN, At line 10, column 12
    at doCallback (webpack-internal:///(rsc)/./node_modules/.pnpm/node-firebird@1.1.9/node_modules/node-firebird/lib/callback.js:23:21)
    at eval (webpack-internal:///(rsc)/./node_modules/.pnpm/node-firebird@1.1.9/node_modules/node-firebird/lib/wire/connection.js:172:21)
    at loop (webpack-internal:///(rsc)/./node_modules/.pnpm/node-firebird@1.1.9/node_modules/node-firebird/lib/wire/connection.js:229:33)
    at parseOpResponse (webpack-internal:///(rsc)/./node_modules/.pnpm/node-firebird@1.1.9/node_modules/node-firebird/lib/wire/connection.js:515:29)
    at loop (webpack-internal:///(rsc)/./node_modules/.pnpm/node-firebird@1.1.9/node_modules/node-firebird/lib/wire/connection.js:227:33)
    at parseOpResponse (webpack-internal:///(rsc)/./node_modules/.pnpm/node-firebird@1.1.9/node_modules/node-firebird/lib/wire/connection.js:515:29)
    at decodeResponse (webpack-internal:///(rsc)/./node_modules/.pnpm/node-firebird@1.1.9/node_modules/node-firebird/lib/wire/connection.js:237:24)
    at Socket.eval (webpack-internal:///(rsc)/./node_modules/.pnpm/node-firebird@1.1.9/node_modules/node-firebird/lib/wire/connection.js:149:13)
    at Socket.emit (node:events:518:28)
    at addChunk (node:internal/streams/readable:559:12)
    at readableAddChunkPushByteMode (node:internal/streams/readable:510:3)
    at Readable.push (node:internal/streams/readable:390:5)
    at TCP.onStreamRead (node:internal/stream_base_commons:190:23)
    at TCP.callbackTrampoline (node:internal/async_hooks:130:17)
[2025-09-29 16:46:20] [INFO] [j7m1y6qh] Iniciando GET /api/articulos
[2025-09-29 16:46:20] [DEBUG] [j7m1y6qh] q recibido: "SANDA"
[2025-09-29 16:46:20] [INFO] [j7m1y6qh] Solicitud sin token (endpoint público)
[2025-09-29 16:46:20] [DEBUG] Ejecutando consulta: SELECT FIRST 10 ca.CLAVE_ARTICULO, a.NOMBRE FROM CLAVES_ARTICULOS ca INNER JOIN ARTICULOS a ON a.ARTICULO_ID = ca.ARTICULO_ID WHERE UPPER(ca.CLAVE_ARTICULO) LIKE UPPER(?) OR UPPER(a.NOMBRE) LIKE UPPER(?) ORDER BY a.NOMBRE con parámetros: ["%SANDA%","%SANDA%"]
[2025-09-29 16:46:21] [INFO] [l1qztmwd] Iniciando GET /api/articulos
[2025-09-29 16:46:21] [DEBUG] [l1qztmwd] q recibido: "SANDALIAS"
[2025-09-29 16:46:21] [INFO] [l1qztmwd] Solicitud sin token (endpoint público)
[2025-09-29 16:46:21] [DEBUG] Ejecutando consulta: SELECT FIRST 10 ca.CLAVE_ARTICULO, a.NOMBRE FROM CLAVES_ARTICULOS ca INNER JOIN ARTICULOS a ON a.ARTICULO_ID = ca.ARTICULO_ID WHERE UPPER(ca.CLAVE_ARTICULO) LIKE UPPER(?) OR UPPER(a.NOMBRE) LIKE UPPER(?) ORDER BY a.NOMBRE con parámetros: ["%SANDALIAS%","%SANDALIAS%"]
[2025-09-29 16:46:21] [DEBUG] Consulta OK. Filas: 0
[2025-09-29 16:46:21] [INFO] [vyrxkw05] Búsqueda completada. Coincidencias: 0
[2025-09-29 16:46:22] [DEBUG] Consulta OK. Filas: 0
[2025-09-29 16:46:22] [INFO] [j7m1y6qh] Búsqueda completada. Coincidencias: 0
[2025-09-29 16:46:23] [DEBUG] Consulta OK. Filas: 0
[2025-09-29 16:46:23] [INFO] [l1qztmwd] Búsqueda completada. Coincidencias: 0
[2025-09-29 16:46:25] [INFO] [umnj4tqh] Iniciando GET /api/articulos
[2025-09-29 16:46:25] [DEBUG] [umnj4tqh] q recibido: "SANDALIAS"
[2025-09-29 16:46:25] [INFO] [umnj4tqh] Solicitud sin token (endpoint público)
[2025-09-29 16:46:25] [DEBUG] Ejecutando consulta: SELECT FIRST 10 ca.CLAVE_ARTICULO, a.NOMBRE FROM CLAVES_ARTICULOS ca INNER JOIN ARTICULOS a ON a.ARTICULO_ID = ca.ARTICULO_ID WHERE UPPER(ca.CLAVE_ARTICULO) LIKE UPPER(?) OR UPPER(a.NOMBRE) LIKE UPPER(?) ORDER BY a.NOMBRE con parámetros: ["%SANDALIAS%","%SANDALIAS%"]
[2025-09-29 16:46:27] [DEBUG] Consulta OK. Filas: 0
[2025-09-29 16:46:27] [INFO] [umnj4tqh] Búsqueda completada. Coincidencias: 0
[2025-09-29 16:46:28] [INFO] [13loy3rt] Iniciando GET /api/articulos
[2025-09-29 16:46:28] [DEBUG] [13loy3rt] q recibido: "SANDALIAS"
[2025-09-29 16:46:28] [INFO] [13loy3rt] Solicitud sin token (endpoint público)
[2025-09-29 16:46:28] [DEBUG] Ejecutando consulta: SELECT FIRST 10 ca.CLAVE_ARTICULO, a.NOMBRE FROM CLAVES_ARTICULOS ca INNER JOIN ARTICULOS a ON a.ARTICULO_ID = ca.ARTICULO_ID WHERE UPPER(ca.CLAVE_ARTICULO) LIKE UPPER(?) OR UPPER(a.NOMBRE) LIKE UPPER(?) ORDER BY a.NOMBRE con parámetros: ["%SANDALIAS%","%SANDALIAS%"]
[2025-09-29 16:46:30] [DEBUG] Consulta OK. Filas: 0
[2025-09-29 16:46:30] [INFO] [13loy3rt] Búsqueda completada. Coincidencias: 0
[2025-09-29 17:51:00] [INFO] [5q5d4h8l] GET /api/tamano_etiqueta
[2025-09-29 17:51:00] [DEBUG] [5q5d4h8l] Listando todas las etiquetas
[2025-09-29 17:51:00] [DEBUG] SQL: SELECT ek.ETIQUETA_ID, ek.NOMBRE, ek.WIDTH, ek.HEIGHT, ek.MARGEN, ek.ALTO_BARRA, ek.FONT_SIZE_CLAVE_ARTICULO FROM ETIQUETAS_KRKN ek ORDER BY ek.NOMBRE | params: []
[2025-09-29 17:51:02] [ERROR] Error en consulta Firebird: Dynamic SQL Error, SQL error code = -204, Table unknown, ETIQUETAS_KRKN, At line 10, column 12
[2025-09-29 17:51:02] [ERROR] Error GET /api/tamano_etiqueta: Dynamic SQL Error, SQL error code = -204, Table unknown, ETIQUETAS_KRKN, At line 10, column 12
[2025-09-29 17:51:02] [DEBUG] Stack: Error: Dynamic SQL Error, SQL error code = -204, Table unknown, ETIQUETAS_KRKN, At line 10, column 12
    at doCallback (webpack-internal:///(rsc)/./node_modules/.pnpm/node-firebird@1.1.9/node_modules/node-firebird/lib/callback.js:23:21)
    at eval (webpack-internal:///(rsc)/./node_modules/.pnpm/node-firebird@1.1.9/node_modules/node-firebird/lib/wire/connection.js:172:21)
    at loop (webpack-internal:///(rsc)/./node_modules/.pnpm/node-firebird@1.1.9/node_modules/node-firebird/lib/wire/connection.js:229:33)
    at parseOpResponse (webpack-internal:///(rsc)/./node_modules/.pnpm/node-firebird@1.1.9/node_modules/node-firebird/lib/wire/connection.js:515:29)
    at loop (webpack-internal:///(rsc)/./node_modules/.pnpm/node-firebird@1.1.9/node_modules/node-firebird/lib/wire/connection.js:227:33)
    at parseOpResponse (webpack-internal:///(rsc)/./node_modules/.pnpm/node-firebird@1.1.9/node_modules/node-firebird/lib/wire/connection.js:515:29)
    at decodeResponse (webpack-internal:///(rsc)/./node_modules/.pnpm/node-firebird@1.1.9/node_modules/node-firebird/lib/wire/connection.js:237:24)
    at Socket.eval (webpack-internal:///(rsc)/./node_modules/.pnpm/node-firebird@1.1.9/node_modules/node-firebird/lib/wire/connection.js:149:13)
    at Socket.emit (node:events:518:28)
    at addChunk (node:internal/streams/readable:559:12)
    at readableAddChunkPushByteMode (node:internal/streams/readable:510:3)
    at Readable.push (node:internal/streams/readable:390:5)
    at TCP.onStreamRead (node:internal/stream_base_commons:190:23)
    at TCP.callbackTrampoline (node:internal/async_hooks:130:17)
[2025-09-29 17:51:02] [INFO] [3jisb28c] GET /api/tamano_etiqueta
[2025-09-29 17:51:02] [DEBUG] [3jisb28c] Listando todas las etiquetas
[2025-09-29 17:51:02] [DEBUG] SQL: SELECT ek.ETIQUETA_ID, ek.NOMBRE, ek.WIDTH, ek.HEIGHT, ek.MARGEN, ek.ALTO_BARRA, ek.FONT_SIZE_CLAVE_ARTICULO FROM ETIQUETAS_KRKN ek ORDER BY ek.NOMBRE | params: []
[2025-09-29 17:51:03] [ERROR] Error conectando a Firebird: Your user name and password are not defined. Ask your database
administrator to set up a Firebird login

[2025-09-29 17:51:03] [ERROR] Error GET /api/tamano_etiqueta: Your user name and password are not defined. Ask your database
administrator to set up a Firebird login

[2025-09-29 17:51:03] [DEBUG] Stack: Error: Your user name and password are not defined. Ask your database
administrator to set up a Firebird login

    at doCallback (webpack-internal:///(rsc)/./node_modules/.pnpm/node-firebird@1.1.9/node_modules/node-firebird/lib/callback.js:23:21)
    at eval (webpack-internal:///(rsc)/./node_modules/.pnpm/node-firebird@1.1.9/node_modules/node-firebird/lib/wire/connection.js:172:21)
    at loop (webpack-internal:///(rsc)/./node_modules/.pnpm/node-firebird@1.1.9/node_modules/node-firebird/lib/wire/connection.js:232:29)
    at parseOpResponse (webpack-internal:///(rsc)/./node_modules/.pnpm/node-firebird@1.1.9/node_modules/node-firebird/lib/wire/connection.js:515:29)
    at decodeResponse (webpack-internal:///(rsc)/./node_modules/.pnpm/node-firebird@1.1.9/node_modules/node-firebird/lib/wire/connection.js:237:24)
    at Socket.eval (webpack-internal:///(rsc)/./node_modules/.pnpm/node-firebird@1.1.9/node_modules/node-firebird/lib/wire/connection.js:149:13)
    at Socket.emit (node:events:518:28)
    at addChunk (node:internal/streams/readable:559:12)
    at readableAddChunkPushByteMode (node:internal/streams/readable:510:3)
    at Readable.push (node:internal/streams/readable:390:5)
    at TCP.onStreamRead (node:internal/stream_base_commons:190:23)
    at TCP.callbackTrampoline (node:internal/async_hooks:130:17)
[2025-09-29 17:51:09] [INFO] [wrj1aunw] Iniciando GET /api/articulos
[2025-09-29 17:51:09] [DEBUG] [wrj1aunw] q recibido: "CINTA"
[2025-09-29 17:51:09] [INFO] [wrj1aunw] Solicitud sin token (endpoint público)
[2025-09-29 17:51:09] [DEBUG] Ejecutando consulta: SELECT FIRST 10 ca.CLAVE_ARTICULO, a.NOMBRE FROM CLAVES_ARTICULOS ca INNER JOIN ARTICULOS a ON a.ARTICULO_ID = ca.ARTICULO_ID WHERE UPPER(ca.CLAVE_ARTICULO) LIKE UPPER(?) OR UPPER(a.NOMBRE) LIKE UPPER(?) ORDER BY a.NOMBRE con parámetros: ["%CINTA%","%CINTA%"]
[2025-09-29 17:51:11] [DEBUG] Consulta OK. Filas: 10
[2025-09-29 17:51:11] [INFO] [wrj1aunw] Búsqueda completada. Coincidencias: 10
[2025-09-29 17:51:22] [INFO] [5f86hg5m] Iniciando GET /api/articulos
[2025-09-29 17:51:22] [DEBUG] [5f86hg5m] q recibido: "125"
[2025-09-29 17:51:22] [INFO] [5f86hg5m] Solicitud sin token (endpoint público)
[2025-09-29 17:51:22] [DEBUG] Ejecutando consulta: SELECT FIRST 10 ca.CLAVE_ARTICULO, a.NOMBRE FROM CLAVES_ARTICULOS ca INNER JOIN ARTICULOS a ON a.ARTICULO_ID = ca.ARTICULO_ID WHERE UPPER(ca.CLAVE_ARTICULO) LIKE UPPER(?) OR UPPER(a.NOMBRE) LIKE UPPER(?) ORDER BY a.NOMBRE con parámetros: ["%125%","%125%"]
[2025-09-29 17:51:23] [INFO] [2c86houp] Iniciando GET /api/articulos
[2025-09-29 17:51:23] [DEBUG] [2c86houp] q recibido: "12500"
[2025-09-29 17:51:23] [INFO] [2c86houp] Solicitud sin token (endpoint público)
[2025-09-29 17:51:23] [DEBUG] Ejecutando consulta: SELECT FIRST 10 ca.CLAVE_ARTICULO, a.NOMBRE FROM CLAVES_ARTICULOS ca INNER JOIN ARTICULOS a ON a.ARTICULO_ID = ca.ARTICULO_ID WHERE UPPER(ca.CLAVE_ARTICULO) LIKE UPPER(?) OR UPPER(a.NOMBRE) LIKE UPPER(?) ORDER BY a.NOMBRE con parámetros: ["%12500%","%12500%"]
[2025-09-29 17:51:24] [DEBUG] Consulta OK. Filas: 10
[2025-09-29 17:51:24] [INFO] [5f86hg5m] Búsqueda completada. Coincidencias: 10
[2025-09-29 17:51:25] [DEBUG] Consulta OK. Filas: 10
[2025-09-29 17:51:25] [INFO] [2c86houp] Búsqueda completada. Coincidencias: 10
[2025-09-29 17:51:29] [INFO] [899apxy1] Iniciando GET /api/articulos
[2025-09-29 17:51:29] [DEBUG] [899apxy1] q recibido: "12500"
[2025-09-29 17:51:29] [INFO] [899apxy1] Solicitud sin token (endpoint público)
[2025-09-29 17:51:29] [DEBUG] Ejecutando consulta: SELECT FIRST 10 ca.CLAVE_ARTICULO, a.NOMBRE FROM CLAVES_ARTICULOS ca INNER JOIN ARTICULOS a ON a.ARTICULO_ID = ca.ARTICULO_ID WHERE UPPER(ca.CLAVE_ARTICULO) LIKE UPPER(?) OR UPPER(a.NOMBRE) LIKE UPPER(?) ORDER BY a.NOMBRE con parámetros: ["%12500%","%12500%"]
[2025-09-29 17:51:31] [DEBUG] Consulta OK. Filas: 10
[2025-09-29 17:51:31] [INFO] [899apxy1] Búsqueda completada. Coincidencias: 10
[2025-09-29 17:53:00] [INFO] [dhpxur6l] GET /api/buscarArticulo
[2025-09-29 17:53:00] [DEBUG] [dhpxur6l] Ejecutando SP DET_ART_ETIQUETAS con (codigo='12500', almacen=19)
[2025-09-29 17:53:00] [DEBUG] SQL: SELECT R_CODIGO, R_DESCRIPCION, R_UNIDAD_VENTA, R_INVENTARIO_MAXIMO, R_PRECIO_LIST_IVA, R_PRECIO_MAYOR_IVA, R_ESTATUS FROM DET_ART_ETIQUETAS(?, ?) | params: ["12500",19]
[2025-09-29 17:53:02] [DEBUG] Consulta OK. Filas: 1
[2025-09-29 17:53:02] [INFO] [dhpxur6l] Resultados: 1
