[2025-10-02 13:56:40] [INFO] [fwm9cp7f] GET /api/tamano_etiqueta
[2025-10-02 13:56:40] [DEBUG] [fwm9cp7f] Listando todas las etiquetas
[2025-10-02 13:56:40] [DEBUG] SQL: SELECT ek.ETIQUETA_ID, ek.NOMBRE, ek.WIDTH, ek.HEIGHT, ek.MARGEN, ek.ALTO_BARRA, ek.FONT_SIZE_CLAVE_ARTICULO FROM ETIQUETAS_KRKN ek ORDER BY ek.NOMBRE | params: []
[2025-10-02 13:56:41] [ERROR] Error en consulta Firebird: Dynamic SQL Error, SQL error code = -204, Table unknown, ETIQUETAS_KRKN, At line 10, column 12
[2025-10-02 13:56:41] [ERROR] Error GET /api/tamano_etiqueta: Dynamic SQL Error, SQL error code = -204, Table unknown, ETIQUETAS_KRKN, At line 10, column 12
[2025-10-02 13:56:41] [DEBUG] Stack: Error: Dynamic SQL Error, SQL error code = -204, Table unknown, ETIQUETAS_KRKN, At line 10, column 12
    at doCallback (C:\inetpub\wwwroot\kraken\.next\server\chunks\2105.js:1:24415)
    at C:\inetpub\wwwroot\kraken\.next\server\chunks\2105.js:1:194897
    at L (C:\inetpub\wwwroot\kraken\.next\server\chunks\2105.js:1:189394)
    at S (C:\inetpub\wwwroot\kraken\.next\server\chunks\2105.js:1:184962)
    at L (C:\inetpub\wwwroot\kraken\.next\server\chunks\2105.js:1:189384)
    at S (C:\inetpub\wwwroot\kraken\.next\server\chunks\2105.js:1:184962)
    at C:\inetpub\wwwroot\kraken\.next\server\chunks\2105.js:1:189423
    at Socket.<anonymous> (C:\inetpub\wwwroot\kraken\.next\server\chunks\2105.js:1:194616)
    at Socket.emit (node:events:517:28)
    at addChunk (node:internal/streams/readable:335:12)
[2025-10-02 13:57:51] [INFO] [lqt4vjkr] GET /api/tamano_etiqueta
[2025-10-02 13:57:51] [DEBUG] [lqt4vjkr] Listando todas las etiquetas
[2025-10-02 13:57:51] [DEBUG] SQL: SELECT ek.ETIQUETA_ID, ek.NOMBRE, ek.WIDTH, ek.HEIGHT, ek.MARGEN, ek.ALTO_BARRA, ek.FONT_SIZE_CLAVE_ARTICULO FROM ETIQUETAS_KRKN ek ORDER BY ek.NOMBRE | params: []
[2025-10-02 13:57:51] [ERROR] Error conectando a Firebird: Your user name and password are not defined. Ask your database
administrator to set up a Firebird login

[2025-10-02 13:57:51] [ERROR] Error GET /api/tamano_etiqueta: Your user name and password are not defined. Ask your database
administrator to set up a Firebird login

[2025-10-02 13:57:51] [DEBUG] Stack: Error: Your user name and password are not defined. Ask your database
administrator to set up a Firebird login

    at doCallback (C:\inetpub\wwwroot\kraken\.next\server\chunks\2105.js:1:24415)
    at C:\inetpub\wwwroot\kraken\.next\server\chunks\2105.js:1:194897
    at L (C:\inetpub\wwwroot\kraken\.next\server\chunks\2105.js:1:189405)
    at S (C:\inetpub\wwwroot\kraken\.next\server\chunks\2105.js:1:184962)
    at C:\inetpub\wwwroot\kraken\.next\server\chunks\2105.js:1:189423
    at Socket.<anonymous> (C:\inetpub\wwwroot\kraken\.next\server\chunks\2105.js:1:194616)
    at Socket.emit (node:events:517:28)
    at addChunk (node:internal/streams/readable:335:12)
    at readableAddChunk (node:internal/streams/readable:308:9)
    at Readable.push (node:internal/streams/readable:245:10)
[2025-10-02 13:58:18] [INFO] [7km6croc] Iniciando GET /api/articulos
[2025-10-02 13:58:18] [DEBUG] [7km6croc] q recibido: "49"
[2025-10-02 13:58:18] [INFO] [7km6croc] Solicitud sin token (endpoint público)
[2025-10-02 13:58:18] [DEBUG] Ejecutando consulta: SELECT FIRST 10 ca.CLAVE_ARTICULO, a.NOMBRE FROM CLAVES_ARTICULOS ca INNER JOIN ARTICULOS a ON a.ARTICULO_ID = ca.ARTICULO_ID WHERE UPPER(ca.CLAVE_ARTICULO) LIKE UPPER(?) OR UPPER(a.NOMBRE) LIKE UPPER(?) ORDER BY a.NOMBRE con parámetros: ["%49%","%49%"]
[2025-10-02 13:58:19] [INFO] [hh8vep1q] Iniciando GET /api/articulos
[2025-10-02 13:58:19] [DEBUG] [hh8vep1q] q recibido: "49200"
[2025-10-02 13:58:19] [INFO] [hh8vep1q] Solicitud sin token (endpoint público)
[2025-10-02 13:58:19] [DEBUG] Ejecutando consulta: SELECT FIRST 10 ca.CLAVE_ARTICULO, a.NOMBRE FROM CLAVES_ARTICULOS ca INNER JOIN ARTICULOS a ON a.ARTICULO_ID = ca.ARTICULO_ID WHERE UPPER(ca.CLAVE_ARTICULO) LIKE UPPER(?) OR UPPER(a.NOMBRE) LIKE UPPER(?) ORDER BY a.NOMBRE con parámetros: ["%49200%","%49200%"]
[2025-10-02 13:58:19] [DEBUG] Consulta OK. Filas: 10
[2025-10-02 13:58:19] [INFO] [7km6croc] Búsqueda completada. Coincidencias: 10
[2025-10-02 13:58:21] [DEBUG] Consulta OK. Filas: 2
[2025-10-02 13:58:21] [INFO] [hh8vep1q] Búsqueda completada. Coincidencias: 2
[2025-10-02 14:06:36] [INFO] [wdlrff0i] GET /api/tamano_etiqueta
[2025-10-02 14:06:36] [DEBUG] [wdlrff0i] Listando todas las etiquetas
[2025-10-02 14:06:36] [DEBUG] SQL: SELECT ek.ETIQUETA_ID, ek.NOMBRE, ek.WIDTH, ek.HEIGHT, ek.MARGEN, ek.ALTO_BARRA, ek.FONT_SIZE_CLAVE_ARTICULO FROM ETIQUETAS_KRKN ek ORDER BY ek.NOMBRE | params: []
[2025-10-02 14:06:37] [ERROR] Error en consulta Firebird: Dynamic SQL Error, SQL error code = -204, Table unknown, ETIQUETAS_KRKN, At line 10, column 12
[2025-10-02 14:06:37] [ERROR] Error GET /api/tamano_etiqueta: Dynamic SQL Error, SQL error code = -204, Table unknown, ETIQUETAS_KRKN, At line 10, column 12
[2025-10-02 14:06:37] [DEBUG] Stack: Error: Dynamic SQL Error, SQL error code = -204, Table unknown, ETIQUETAS_KRKN, At line 10, column 12
    at doCallback (C:\inetpub\wwwroot\kraken\.next\server\chunks\2105.js:1:24415)
    at C:\inetpub\wwwroot\kraken\.next\server\chunks\2105.js:1:194897
    at L (C:\inetpub\wwwroot\kraken\.next\server\chunks\2105.js:1:189394)
    at S (C:\inetpub\wwwroot\kraken\.next\server\chunks\2105.js:1:184962)
    at L (C:\inetpub\wwwroot\kraken\.next\server\chunks\2105.js:1:189384)
    at S (C:\inetpub\wwwroot\kraken\.next\server\chunks\2105.js:1:184962)
    at C:\inetpub\wwwroot\kraken\.next\server\chunks\2105.js:1:189423
    at Socket.<anonymous> (C:\inetpub\wwwroot\kraken\.next\server\chunks\2105.js:1:194616)
    at Socket.emit (node:events:517:28)
    at addChunk (node:internal/streams/readable:335:12)
[2025-10-02 14:26:26] [INFO] [ycavxmlm] GET /api/tamano_etiqueta
[2025-10-02 14:26:26] [DEBUG] [ycavxmlm] Listando todas las etiquetas
[2025-10-02 14:26:26] [DEBUG] SQL: SELECT ek.ETIQUETA_ID, ek.NOMBRE, ek.WIDTH, ek.HEIGHT, ek.MARGEN, ek.ALTO_BARRA, ek.FONT_SIZE_CLAVE_ARTICULO FROM ETIQUETAS_KRKN ek ORDER BY ek.NOMBRE | params: []
[2025-10-02 14:26:27] [ERROR] Error en consulta Firebird: Dynamic SQL Error, SQL error code = -204, Table unknown, ETIQUETAS_KRKN, At line 10, column 12
[2025-10-02 14:26:27] [ERROR] Error GET /api/tamano_etiqueta: Dynamic SQL Error, SQL error code = -204, Table unknown, ETIQUETAS_KRKN, At line 10, column 12
[2025-10-02 14:26:27] [DEBUG] Stack: Error: Dynamic SQL Error, SQL error code = -204, Table unknown, ETIQUETAS_KRKN, At line 10, column 12
    at doCallback (C:\inetpub\wwwroot\kraken\.next\server\chunks\2105.js:1:24415)
    at C:\inetpub\wwwroot\kraken\.next\server\chunks\2105.js:1:194897
    at L (C:\inetpub\wwwroot\kraken\.next\server\chunks\2105.js:1:189394)
    at S (C:\inetpub\wwwroot\kraken\.next\server\chunks\2105.js:1:184962)
    at L (C:\inetpub\wwwroot\kraken\.next\server\chunks\2105.js:1:189384)
    at S (C:\inetpub\wwwroot\kraken\.next\server\chunks\2105.js:1:184962)
    at C:\inetpub\wwwroot\kraken\.next\server\chunks\2105.js:1:189423
    at Socket.<anonymous> (C:\inetpub\wwwroot\kraken\.next\server\chunks\2105.js:1:194616)
    at Socket.emit (node:events:517:28)
    at addChunk (node:internal/streams/readable:335:12)
[2025-10-02 16:29:22] [INFO] [h87zwxua] GET /api/tamano_etiqueta
[2025-10-02 16:29:22] [DEBUG] [h87zwxua] Listando todas las etiquetas
[2025-10-02 16:29:22] [DEBUG] SQL: SELECT ek.ETIQUETA_ID, ek.NOMBRE, ek.WIDTH, ek.HEIGHT, ek.MARGEN, ek.ALTO_BARRA, ek.FONT_SIZE_CLAVE_ARTICULO FROM ETIQUETAS_KRKN ek ORDER BY ek.NOMBRE | params: []
[2025-10-02 16:29:23] [ERROR] Error en consulta Firebird: Dynamic SQL Error, SQL error code = -204, Table unknown, ETIQUETAS_KRKN, At line 10, column 12
[2025-10-02 16:29:23] [ERROR] Error GET /api/tamano_etiqueta: Dynamic SQL Error, SQL error code = -204, Table unknown, ETIQUETAS_KRKN, At line 10, column 12
[2025-10-02 16:29:23] [DEBUG] Stack: Error: Dynamic SQL Error, SQL error code = -204, Table unknown, ETIQUETAS_KRKN, At line 10, column 12
    at doCallback (C:\inetpub\wwwroot\kraken\.next\server\chunks\2105.js:1:24415)
    at C:\inetpub\wwwroot\kraken\.next\server\chunks\2105.js:1:194897
    at L (C:\inetpub\wwwroot\kraken\.next\server\chunks\2105.js:1:189394)
    at S (C:\inetpub\wwwroot\kraken\.next\server\chunks\2105.js:1:184962)
    at L (C:\inetpub\wwwroot\kraken\.next\server\chunks\2105.js:1:189384)
    at S (C:\inetpub\wwwroot\kraken\.next\server\chunks\2105.js:1:184962)
    at C:\inetpub\wwwroot\kraken\.next\server\chunks\2105.js:1:189423
    at Socket.<anonymous> (C:\inetpub\wwwroot\kraken\.next\server\chunks\2105.js:1:194616)
    at Socket.emit (node:events:517:28)
    at addChunk (node:internal/streams/readable:335:12)
[2025-10-02 16:29:27] [INFO] [29jwmtmg] GET /api/tamano_etiqueta
[2025-10-02 16:29:27] [DEBUG] [29jwmtmg] Listando todas las etiquetas
[2025-10-02 16:29:27] [DEBUG] SQL: SELECT ek.ETIQUETA_ID, ek.NOMBRE, ek.WIDTH, ek.HEIGHT, ek.MARGEN, ek.ALTO_BARRA, ek.FONT_SIZE_CLAVE_ARTICULO FROM ETIQUETAS_KRKN ek ORDER BY ek.NOMBRE | params: []
[2025-10-02 16:29:27] [INFO] [lm000ezx] GET /api/tamano_etiqueta
[2025-10-02 16:29:27] [DEBUG] [lm000ezx] Listando todas las etiquetas
[2025-10-02 16:29:27] [DEBUG] SQL: SELECT ek.ETIQUETA_ID, ek.NOMBRE, ek.WIDTH, ek.HEIGHT, ek.MARGEN, ek.ALTO_BARRA, ek.FONT_SIZE_CLAVE_ARTICULO FROM ETIQUETAS_KRKN ek ORDER BY ek.NOMBRE | params: []
[2025-10-02 16:29:27] [ERROR] Error conectando a Firebird: Your user name and password are not defined. Ask your database
administrator to set up a Firebird login

[2025-10-02 16:29:27] [ERROR] Error GET /api/tamano_etiqueta: Your user name and password are not defined. Ask your database
administrator to set up a Firebird login

[2025-10-02 16:29:27] [DEBUG] Stack: Error: Your user name and password are not defined. Ask your database
administrator to set up a Firebird login

    at doCallback (C:\inetpub\wwwroot\kraken\.next\server\chunks\2105.js:1:24415)
    at C:\inetpub\wwwroot\kraken\.next\server\chunks\2105.js:1:194897
    at L (C:\inetpub\wwwroot\kraken\.next\server\chunks\2105.js:1:189405)
    at S (C:\inetpub\wwwroot\kraken\.next\server\chunks\2105.js:1:184962)
    at C:\inetpub\wwwroot\kraken\.next\server\chunks\2105.js:1:189423
    at Socket.<anonymous> (C:\inetpub\wwwroot\kraken\.next\server\chunks\2105.js:1:194616)
    at Socket.emit (node:events:517:28)
    at addChunk (node:internal/streams/readable:335:12)
    at readableAddChunk (node:internal/streams/readable:308:9)
    at Readable.push (node:internal/streams/readable:245:10)
[2025-10-02 16:29:28] [ERROR] Error en consulta Firebird: Dynamic SQL Error, SQL error code = -204, Table unknown, ETIQUETAS_KRKN, At line 10, column 12
[2025-10-02 16:29:28] [ERROR] Error GET /api/tamano_etiqueta: Dynamic SQL Error, SQL error code = -204, Table unknown, ETIQUETAS_KRKN, At line 10, column 12
[2025-10-02 16:29:28] [DEBUG] Stack: Error: Dynamic SQL Error, SQL error code = -204, Table unknown, ETIQUETAS_KRKN, At line 10, column 12
    at doCallback (C:\inetpub\wwwroot\kraken\.next\server\chunks\2105.js:1:24415)
    at C:\inetpub\wwwroot\kraken\.next\server\chunks\2105.js:1:194897
    at L (C:\inetpub\wwwroot\kraken\.next\server\chunks\2105.js:1:189394)
    at S (C:\inetpub\wwwroot\kraken\.next\server\chunks\2105.js:1:184962)
    at L (C:\inetpub\wwwroot\kraken\.next\server\chunks\2105.js:1:189384)
    at S (C:\inetpub\wwwroot\kraken\.next\server\chunks\2105.js:1:184962)
    at C:\inetpub\wwwroot\kraken\.next\server\chunks\2105.js:1:189423
    at Socket.<anonymous> (C:\inetpub\wwwroot\kraken\.next\server\chunks\2105.js:1:194616)
    at Socket.emit (node:events:517:28)
    at addChunk (node:internal/streams/readable:335:12)
[2025-10-02 16:35:10] [INFO] [z1fuuysx] Iniciando GET /api/articulos
[2025-10-02 16:35:10] [DEBUG] [z1fuuysx] q recibido: "U-"
[2025-10-02 16:35:10] [INFO] [z1fuuysx] Solicitud sin token (endpoint público)
[2025-10-02 16:35:10] [DEBUG] Ejecutando consulta: SELECT FIRST 10 ca.CLAVE_ARTICULO, a.NOMBRE FROM CLAVES_ARTICULOS ca INNER JOIN ARTICULOS a ON a.ARTICULO_ID = ca.ARTICULO_ID WHERE UPPER(ca.CLAVE_ARTICULO) LIKE UPPER(?) OR UPPER(a.NOMBRE) LIKE UPPER(?) ORDER BY a.NOMBRE con parámetros: ["%U-%","%U-%"]
[2025-10-02 16:35:10] [INFO] [qa1cjcxt] Iniciando GET /api/articulos
[2025-10-02 16:35:10] [DEBUG] [qa1cjcxt] q recibido: "U-F"
[2025-10-02 16:35:10] [INFO] [qa1cjcxt] Solicitud sin token (endpoint público)
[2025-10-02 16:35:10] [DEBUG] Ejecutando consulta: SELECT FIRST 10 ca.CLAVE_ARTICULO, a.NOMBRE FROM CLAVES_ARTICULOS ca INNER JOIN ARTICULOS a ON a.ARTICULO_ID = ca.ARTICULO_ID WHERE UPPER(ca.CLAVE_ARTICULO) LIKE UPPER(?) OR UPPER(a.NOMBRE) LIKE UPPER(?) ORDER BY a.NOMBRE con parámetros: ["%U-F%","%U-F%"]
[2025-10-02 16:35:11] [DEBUG] Consulta OK. Filas: 10
[2025-10-02 16:35:11] [INFO] [z1fuuysx] Búsqueda completada. Coincidencias: 10
[2025-10-02 16:35:12] [DEBUG] Consulta OK. Filas: 10
[2025-10-02 16:35:12] [INFO] [qa1cjcxt] Búsqueda completada. Coincidencias: 10
[2025-10-02 16:35:12] [INFO] [6vqazad7] Iniciando GET /api/articulos
[2025-10-02 16:35:12] [DEBUG] [6vqazad7] q recibido: "U-F44"
[2025-10-02 16:35:12] [INFO] [6vqazad7] Solicitud sin token (endpoint público)
[2025-10-02 16:35:12] [DEBUG] Ejecutando consulta: SELECT FIRST 10 ca.CLAVE_ARTICULO, a.NOMBRE FROM CLAVES_ARTICULOS ca INNER JOIN ARTICULOS a ON a.ARTICULO_ID = ca.ARTICULO_ID WHERE UPPER(ca.CLAVE_ARTICULO) LIKE UPPER(?) OR UPPER(a.NOMBRE) LIKE UPPER(?) ORDER BY a.NOMBRE con parámetros: ["%U-F44%","%U-F44%"]
[2025-10-02 16:35:13] [DEBUG] Consulta OK. Filas: 10
[2025-10-02 16:35:13] [INFO] [6vqazad7] Búsqueda completada. Coincidencias: 10
[2025-10-02 16:35:13] [INFO] [jt1jr5u5] Iniciando GET /api/articulos
[2025-10-02 16:35:13] [DEBUG] [jt1jr5u5] q recibido: "U-F440"
[2025-10-02 16:35:13] [INFO] [jt1jr5u5] Solicitud sin token (endpoint público)
[2025-10-02 16:35:13] [DEBUG] Ejecutando consulta: SELECT FIRST 10 ca.CLAVE_ARTICULO, a.NOMBRE FROM CLAVES_ARTICULOS ca INNER JOIN ARTICULOS a ON a.ARTICULO_ID = ca.ARTICULO_ID WHERE UPPER(ca.CLAVE_ARTICULO) LIKE UPPER(?) OR UPPER(a.NOMBRE) LIKE UPPER(?) ORDER BY a.NOMBRE con parámetros: ["%U-F440%","%U-F440%"]
[2025-10-02 16:35:13] [INFO] [zq0zh2vj] Iniciando GET /api/articulos
[2025-10-02 16:35:13] [DEBUG] [zq0zh2vj] q recibido: "U-F4408"
[2025-10-02 16:35:13] [INFO] [zq0zh2vj] Solicitud sin token (endpoint público)
[2025-10-02 16:35:13] [DEBUG] Ejecutando consulta: SELECT FIRST 10 ca.CLAVE_ARTICULO, a.NOMBRE FROM CLAVES_ARTICULOS ca INNER JOIN ARTICULOS a ON a.ARTICULO_ID = ca.ARTICULO_ID WHERE UPPER(ca.CLAVE_ARTICULO) LIKE UPPER(?) OR UPPER(a.NOMBRE) LIKE UPPER(?) ORDER BY a.NOMBRE con parámetros: ["%U-F4408%","%U-F4408%"]
[2025-10-02 16:35:15] [INFO] [twacdb24] Iniciando GET /api/articulos
[2025-10-02 16:35:15] [DEBUG] [twacdb24] q recibido: "U-F4408LH"
[2025-10-02 16:35:15] [INFO] [twacdb24] Solicitud sin token (endpoint público)
[2025-10-02 16:35:15] [DEBUG] Ejecutando consulta: SELECT FIRST 10 ca.CLAVE_ARTICULO, a.NOMBRE FROM CLAVES_ARTICULOS ca INNER JOIN ARTICULOS a ON a.ARTICULO_ID = ca.ARTICULO_ID WHERE UPPER(ca.CLAVE_ARTICULO) LIKE UPPER(?) OR UPPER(a.NOMBRE) LIKE UPPER(?) ORDER BY a.NOMBRE con parámetros: ["%U-F4408LH%","%U-F4408LH%"]
[2025-10-02 16:35:15] [DEBUG] Consulta OK. Filas: 8
[2025-10-02 16:35:15] [INFO] [jt1jr5u5] Búsqueda completada. Coincidencias: 8
[2025-10-02 16:35:15] [DEBUG] Consulta OK. Filas: 2
[2025-10-02 16:35:15] [INFO] [zq0zh2vj] Búsqueda completada. Coincidencias: 2
[2025-10-02 16:35:16] [DEBUG] Consulta OK. Filas: 0
[2025-10-02 16:35:16] [INFO] [twacdb24] Búsqueda completada. Coincidencias: 0
[2025-10-02 16:35:29] [INFO] [h9wlfm1r] GET /api/tamano_etiqueta
[2025-10-02 16:35:29] [DEBUG] [h9wlfm1r] Listando todas las etiquetas
[2025-10-02 16:35:29] [DEBUG] SQL: SELECT ek.ETIQUETA_ID, ek.NOMBRE, ek.WIDTH, ek.HEIGHT, ek.MARGEN, ek.ALTO_BARRA, ek.FONT_SIZE_CLAVE_ARTICULO FROM ETIQUETAS_KRKN ek ORDER BY ek.NOMBRE | params: []
[2025-10-02 16:35:29] [ERROR] Error conectando a Firebird: Your user name and password are not defined. Ask your database
administrator to set up a Firebird login

[2025-10-02 16:35:29] [ERROR] Error GET /api/tamano_etiqueta: Your user name and password are not defined. Ask your database
administrator to set up a Firebird login

[2025-10-02 16:35:29] [DEBUG] Stack: Error: Your user name and password are not defined. Ask your database
administrator to set up a Firebird login

    at doCallback (C:\inetpub\wwwroot\kraken\.next\server\chunks\2105.js:1:24415)
    at C:\inetpub\wwwroot\kraken\.next\server\chunks\2105.js:1:194897
    at L (C:\inetpub\wwwroot\kraken\.next\server\chunks\2105.js:1:189405)
    at S (C:\inetpub\wwwroot\kraken\.next\server\chunks\2105.js:1:184962)
    at C:\inetpub\wwwroot\kraken\.next\server\chunks\2105.js:1:189423
    at Socket.<anonymous> (C:\inetpub\wwwroot\kraken\.next\server\chunks\2105.js:1:194616)
    at Socket.emit (node:events:517:28)
    at addChunk (node:internal/streams/readable:335:12)
    at readableAddChunk (node:internal/streams/readable:308:9)
    at Readable.push (node:internal/streams/readable:245:10)
[2025-10-02 16:36:22] [INFO] [thzezrhw] GET /api/tamano_etiqueta
[2025-10-02 16:36:22] [DEBUG] [thzezrhw] Listando todas las etiquetas
[2025-10-02 16:36:22] [DEBUG] SQL: SELECT ek.ETIQUETA_ID, ek.NOMBRE, ek.WIDTH, ek.HEIGHT, ek.MARGEN, ek.ALTO_BARRA, ek.FONT_SIZE_CLAVE_ARTICULO FROM ETIQUETAS_KRKN ek ORDER BY ek.NOMBRE | params: []
[2025-10-02 16:36:23] [ERROR] Error en consulta Firebird: Dynamic SQL Error, SQL error code = -204, Table unknown, ETIQUETAS_KRKN, At line 10, column 12
[2025-10-02 16:36:23] [ERROR] Error GET /api/tamano_etiqueta: Dynamic SQL Error, SQL error code = -204, Table unknown, ETIQUETAS_KRKN, At line 10, column 12
[2025-10-02 16:36:23] [DEBUG] Stack: Error: Dynamic SQL Error, SQL error code = -204, Table unknown, ETIQUETAS_KRKN, At line 10, column 12
    at doCallback (C:\inetpub\wwwroot\kraken\.next\server\chunks\2105.js:1:24415)
    at C:\inetpub\wwwroot\kraken\.next\server\chunks\2105.js:1:194897
    at L (C:\inetpub\wwwroot\kraken\.next\server\chunks\2105.js:1:189394)
    at S (C:\inetpub\wwwroot\kraken\.next\server\chunks\2105.js:1:184962)
    at L (C:\inetpub\wwwroot\kraken\.next\server\chunks\2105.js:1:189384)
    at S (C:\inetpub\wwwroot\kraken\.next\server\chunks\2105.js:1:184962)
    at C:\inetpub\wwwroot\kraken\.next\server\chunks\2105.js:1:189423
    at Socket.<anonymous> (C:\inetpub\wwwroot\kraken\.next\server\chunks\2105.js:1:194616)
    at Socket.emit (node:events:517:28)
    at addChunk (node:internal/streams/readable:335:12)
[2025-10-02 16:36:32] [INFO] [0byjfsas] Iniciando GET /api/articulos
[2025-10-02 16:36:32] [DEBUG] [0byjfsas] q recibido: "U-"
[2025-10-02 16:36:32] [INFO] [0byjfsas] Solicitud sin token (endpoint público)
[2025-10-02 16:36:32] [DEBUG] Ejecutando consulta: SELECT FIRST 10 ca.CLAVE_ARTICULO, a.NOMBRE FROM CLAVES_ARTICULOS ca INNER JOIN ARTICULOS a ON a.ARTICULO_ID = ca.ARTICULO_ID WHERE UPPER(ca.CLAVE_ARTICULO) LIKE UPPER(?) OR UPPER(a.NOMBRE) LIKE UPPER(?) ORDER BY a.NOMBRE con parámetros: ["%U-%","%U-%"]
[2025-10-02 16:36:33] [INFO] [sx4beg0n] Iniciando GET /api/articulos
[2025-10-02 16:36:33] [DEBUG] [sx4beg0n] q recibido: "U-1"
[2025-10-02 16:36:33] [INFO] [sx4beg0n] Solicitud sin token (endpoint público)
[2025-10-02 16:36:33] [DEBUG] Ejecutando consulta: SELECT FIRST 10 ca.CLAVE_ARTICULO, a.NOMBRE FROM CLAVES_ARTICULOS ca INNER JOIN ARTICULOS a ON a.ARTICULO_ID = ca.ARTICULO_ID WHERE UPPER(ca.CLAVE_ARTICULO) LIKE UPPER(?) OR UPPER(a.NOMBRE) LIKE UPPER(?) ORDER BY a.NOMBRE con parámetros: ["%U-1%","%U-1%"]
[2025-10-02 16:36:33] [ERROR] Error conectando a Firebird: Your user name and password are not defined. Ask your database
administrator to set up a Firebird login

[2025-10-02 16:36:33] [ERROR] [0byjfsas] Error en GET /api/articulos: Your user name and password are not defined. Ask your database
administrator to set up a Firebird login

[2025-10-02 16:36:33] [DEBUG] [0byjfsas] Stack: Error: Your user name and password are not defined. Ask your database
administrator to set up a Firebird login

    at doCallback (C:\inetpub\wwwroot\kraken\.next\server\chunks\2105.js:1:24415)
    at C:\inetpub\wwwroot\kraken\.next\server\chunks\2105.js:1:194897
    at L (C:\inetpub\wwwroot\kraken\.next\server\chunks\2105.js:1:189405)
    at S (C:\inetpub\wwwroot\kraken\.next\server\chunks\2105.js:1:184962)
    at C:\inetpub\wwwroot\kraken\.next\server\chunks\2105.js:1:189423
    at Socket.<anonymous> (C:\inetpub\wwwroot\kraken\.next\server\chunks\2105.js:1:194616)
    at Socket.emit (node:events:517:28)
    at addChunk (node:internal/streams/readable:335:12)
    at readableAddChunk (node:internal/streams/readable:308:9)
    at Readable.push (node:internal/streams/readable:245:10)
[2025-10-02 16:36:34] [INFO] [hj9mhbzr] Iniciando GET /api/articulos
[2025-10-02 16:36:34] [DEBUG] [hj9mhbzr] q recibido: "U-10"
[2025-10-02 16:36:34] [INFO] [hj9mhbzr] Solicitud sin token (endpoint público)
[2025-10-02 16:36:34] [DEBUG] Ejecutando consulta: SELECT FIRST 10 ca.CLAVE_ARTICULO, a.NOMBRE FROM CLAVES_ARTICULOS ca INNER JOIN ARTICULOS a ON a.ARTICULO_ID = ca.ARTICULO_ID WHERE UPPER(ca.CLAVE_ARTICULO) LIKE UPPER(?) OR UPPER(a.NOMBRE) LIKE UPPER(?) ORDER BY a.NOMBRE con parámetros: ["%U-10%","%U-10%"]
[2025-10-02 16:36:34] [DEBUG] Consulta OK. Filas: 10
[2025-10-02 16:36:34] [INFO] [sx4beg0n] Búsqueda completada. Coincidencias: 10
[2025-10-02 16:36:35] [INFO] [p6lo775x] Iniciando GET /api/articulos
[2025-10-02 16:36:35] [DEBUG] [p6lo775x] q recibido: "U-10POP"
[2025-10-02 16:36:35] [INFO] [p6lo775x] Solicitud sin token (endpoint público)
[2025-10-02 16:36:35] [DEBUG] Ejecutando consulta: SELECT FIRST 10 ca.CLAVE_ARTICULO, a.NOMBRE FROM CLAVES_ARTICULOS ca INNER JOIN ARTICULOS a ON a.ARTICULO_ID = ca.ARTICULO_ID WHERE UPPER(ca.CLAVE_ARTICULO) LIKE UPPER(?) OR UPPER(a.NOMBRE) LIKE UPPER(?) ORDER BY a.NOMBRE con parámetros: ["%U-10POP%","%U-10POP%"]
[2025-10-02 16:36:35] [DEBUG] Consulta OK. Filas: 10
[2025-10-02 16:36:35] [INFO] [hj9mhbzr] Búsqueda completada. Coincidencias: 10
[2025-10-02 16:36:37] [DEBUG] Consulta OK. Filas: 1
[2025-10-02 16:36:37] [INFO] [p6lo775x] Búsqueda completada. Coincidencias: 1
[2025-10-02 16:43:15] [INFO] [04oeodcf] GET /api/tamano_etiqueta
[2025-10-02 16:43:15] [DEBUG] [04oeodcf] Listando todas las etiquetas
[2025-10-02 16:43:15] [DEBUG] SQL: SELECT ek.ETIQUETA_ID, ek.NOMBRE, ek.WIDTH, ek.HEIGHT, ek.MARGEN, ek.ALTO_BARRA, ek.FONT_SIZE_CLAVE_ARTICULO FROM ETIQUETAS_KRKN ek ORDER BY ek.NOMBRE | params: []
[2025-10-02 16:43:15] [ERROR] Error conectando a Firebird: Your user name and password are not defined. Ask your database
administrator to set up a Firebird login

[2025-10-02 16:43:15] [ERROR] Error GET /api/tamano_etiqueta: Your user name and password are not defined. Ask your database
administrator to set up a Firebird login

[2025-10-02 16:43:15] [DEBUG] Stack: Error: Your user name and password are not defined. Ask your database
administrator to set up a Firebird login

    at doCallback (C:\inetpub\wwwroot\kraken\.next\server\chunks\2105.js:1:24415)
    at C:\inetpub\wwwroot\kraken\.next\server\chunks\2105.js:1:194897
    at L (C:\inetpub\wwwroot\kraken\.next\server\chunks\2105.js:1:189405)
    at S (C:\inetpub\wwwroot\kraken\.next\server\chunks\2105.js:1:184962)
    at C:\inetpub\wwwroot\kraken\.next\server\chunks\2105.js:1:189423
    at Socket.<anonymous> (C:\inetpub\wwwroot\kraken\.next\server\chunks\2105.js:1:194616)
    at Socket.emit (node:events:517:28)
    at addChunk (node:internal/streams/readable:335:12)
    at readableAddChunk (node:internal/streams/readable:308:9)
    at Readable.push (node:internal/streams/readable:245:10)
[2025-10-02 16:56:07] [INFO] [4i6xoby1] GET /api/tamano_etiqueta
[2025-10-02 16:56:07] [DEBUG] [4i6xoby1] Listando todas las etiquetas
[2025-10-02 16:56:07] [DEBUG] SQL: SELECT ek.ETIQUETA_ID, ek.NOMBRE, ek.WIDTH, ek.HEIGHT, ek.MARGEN, ek.ALTO_BARRA, ek.FONT_SIZE_CLAVE_ARTICULO FROM ETIQUETAS_KRKN ek ORDER BY ek.NOMBRE | params: []
[2025-10-02 16:56:08] [ERROR] Error en consulta Firebird: Dynamic SQL Error, SQL error code = -204, Table unknown, ETIQUETAS_KRKN, At line 10, column 12
[2025-10-02 16:56:08] [ERROR] Error GET /api/tamano_etiqueta: Dynamic SQL Error, SQL error code = -204, Table unknown, ETIQUETAS_KRKN, At line 10, column 12
[2025-10-02 16:56:08] [DEBUG] Stack: Error: Dynamic SQL Error, SQL error code = -204, Table unknown, ETIQUETAS_KRKN, At line 10, column 12
    at doCallback (C:\inetpub\wwwroot\kraken\.next\server\chunks\2105.js:1:24415)
    at C:\inetpub\wwwroot\kraken\.next\server\chunks\2105.js:1:194897
    at L (C:\inetpub\wwwroot\kraken\.next\server\chunks\2105.js:1:189394)
    at S (C:\inetpub\wwwroot\kraken\.next\server\chunks\2105.js:1:184962)
    at L (C:\inetpub\wwwroot\kraken\.next\server\chunks\2105.js:1:189384)
    at S (C:\inetpub\wwwroot\kraken\.next\server\chunks\2105.js:1:184962)
    at C:\inetpub\wwwroot\kraken\.next\server\chunks\2105.js:1:189423
    at Socket.<anonymous> (C:\inetpub\wwwroot\kraken\.next\server\chunks\2105.js:1:194616)
    at Socket.emit (node:events:517:28)
    at addChunk (node:internal/streams/readable:335:12)
[2025-10-02 16:56:14] [INFO] [8w64cu36] GET /api/tamano_etiqueta
[2025-10-02 16:56:14] [DEBUG] [8w64cu36] Listando todas las etiquetas
[2025-10-02 16:56:14] [DEBUG] SQL: SELECT ek.ETIQUETA_ID, ek.NOMBRE, ek.WIDTH, ek.HEIGHT, ek.MARGEN, ek.ALTO_BARRA, ek.FONT_SIZE_CLAVE_ARTICULO FROM ETIQUETAS_KRKN ek ORDER BY ek.NOMBRE | params: []
[2025-10-02 16:56:15] [ERROR] Error en consulta Firebird: Dynamic SQL Error, SQL error code = -204, Table unknown, ETIQUETAS_KRKN, At line 10, column 12
[2025-10-02 16:56:15] [ERROR] Error GET /api/tamano_etiqueta: Dynamic SQL Error, SQL error code = -204, Table unknown, ETIQUETAS_KRKN, At line 10, column 12
[2025-10-02 16:56:15] [DEBUG] Stack: Error: Dynamic SQL Error, SQL error code = -204, Table unknown, ETIQUETAS_KRKN, At line 10, column 12
    at doCallback (C:\inetpub\wwwroot\kraken\.next\server\chunks\2105.js:1:24415)
    at C:\inetpub\wwwroot\kraken\.next\server\chunks\2105.js:1:194897
    at L (C:\inetpub\wwwroot\kraken\.next\server\chunks\2105.js:1:189394)
    at S (C:\inetpub\wwwroot\kraken\.next\server\chunks\2105.js:1:184962)
    at L (C:\inetpub\wwwroot\kraken\.next\server\chunks\2105.js:1:189384)
    at S (C:\inetpub\wwwroot\kraken\.next\server\chunks\2105.js:1:184962)
    at C:\inetpub\wwwroot\kraken\.next\server\chunks\2105.js:1:189423
    at Socket.<anonymous> (C:\inetpub\wwwroot\kraken\.next\server\chunks\2105.js:1:194616)
    at Socket.emit (node:events:517:28)
    at addChunk (node:internal/streams/readable:335:12)
[2025-10-02 16:58:09] [INFO] [bzu1yi7x] Iniciando GET /api/articulos
[2025-10-02 16:58:09] [DEBUG] [bzu1yi7x] q recibido: "ST"
[2025-10-02 16:58:09] [INFO] [bzu1yi7x] Solicitud sin token (endpoint público)
[2025-10-02 16:58:09] [DEBUG] Ejecutando consulta: SELECT FIRST 10 ca.CLAVE_ARTICULO, a.NOMBRE FROM CLAVES_ARTICULOS ca INNER JOIN ARTICULOS a ON a.ARTICULO_ID = ca.ARTICULO_ID WHERE UPPER(ca.CLAVE_ARTICULO) LIKE UPPER(?) OR UPPER(a.NOMBRE) LIKE UPPER(?) ORDER BY a.NOMBRE con parámetros: ["%ST%","%ST%"]
[2025-10-02 16:58:09] [INFO] [i3gx97kh] Iniciando GET /api/articulos
[2025-10-02 16:58:09] [DEBUG] [i3gx97kh] q recibido: "ST-"
[2025-10-02 16:58:09] [INFO] [i3gx97kh] Solicitud sin token (endpoint público)
[2025-10-02 16:58:09] [DEBUG] Ejecutando consulta: SELECT FIRST 10 ca.CLAVE_ARTICULO, a.NOMBRE FROM CLAVES_ARTICULOS ca INNER JOIN ARTICULOS a ON a.ARTICULO_ID = ca.ARTICULO_ID WHERE UPPER(ca.CLAVE_ARTICULO) LIKE UPPER(?) OR UPPER(a.NOMBRE) LIKE UPPER(?) ORDER BY a.NOMBRE con parámetros: ["%ST-%","%ST-%"]
[2025-10-02 16:58:09] [INFO] [bfixfxlu] Iniciando GET /api/articulos
[2025-10-02 16:58:09] [DEBUG] [bfixfxlu] q recibido: "ST-ELI"
[2025-10-02 16:58:09] [INFO] [bfixfxlu] Solicitud sin token (endpoint público)
[2025-10-02 16:58:09] [DEBUG] Ejecutando consulta: SELECT FIRST 10 ca.CLAVE_ARTICULO, a.NOMBRE FROM CLAVES_ARTICULOS ca INNER JOIN ARTICULOS a ON a.ARTICULO_ID = ca.ARTICULO_ID WHERE UPPER(ca.CLAVE_ARTICULO) LIKE UPPER(?) OR UPPER(a.NOMBRE) LIKE UPPER(?) ORDER BY a.NOMBRE con parámetros: ["%ST-ELI%","%ST-ELI%"]
[2025-10-02 16:58:10] [DEBUG] Consulta OK. Filas: 10
[2025-10-02 16:58:10] [INFO] [bzu1yi7x] Búsqueda completada. Coincidencias: 10
[2025-10-02 16:58:10] [DEBUG] Consulta OK. Filas: 10
[2025-10-02 16:58:10] [INFO] [i3gx97kh] Búsqueda completada. Coincidencias: 10
[2025-10-02 16:58:10] [INFO] [5qpy2ij7] Iniciando GET /api/articulos
[2025-10-02 16:58:10] [DEBUG] [5qpy2ij7] q recibido: "ST-ELI-"
[2025-10-02 16:58:10] [INFO] [5qpy2ij7] Solicitud sin token (endpoint público)
[2025-10-02 16:58:10] [DEBUG] Ejecutando consulta: SELECT FIRST 10 ca.CLAVE_ARTICULO, a.NOMBRE FROM CLAVES_ARTICULOS ca INNER JOIN ARTICULOS a ON a.ARTICULO_ID = ca.ARTICULO_ID WHERE UPPER(ca.CLAVE_ARTICULO) LIKE UPPER(?) OR UPPER(a.NOMBRE) LIKE UPPER(?) ORDER BY a.NOMBRE con parámetros: ["%ST-ELI-%","%ST-ELI-%"]
[2025-10-02 16:58:11] [DEBUG] Consulta OK. Filas: 10
[2025-10-02 16:58:11] [INFO] [bfixfxlu] Búsqueda completada. Coincidencias: 10
[2025-10-02 16:58:11] [INFO] [vhevycyo] Iniciando GET /api/articulos
[2025-10-02 16:58:11] [DEBUG] [vhevycyo] q recibido: "ST-ELI-705"
[2025-10-02 16:58:11] [INFO] [vhevycyo] Solicitud sin token (endpoint público)
[2025-10-02 16:58:11] [DEBUG] Ejecutando consulta: SELECT FIRST 10 ca.CLAVE_ARTICULO, a.NOMBRE FROM CLAVES_ARTICULOS ca INNER JOIN ARTICULOS a ON a.ARTICULO_ID = ca.ARTICULO_ID WHERE UPPER(ca.CLAVE_ARTICULO) LIKE UPPER(?) OR UPPER(a.NOMBRE) LIKE UPPER(?) ORDER BY a.NOMBRE con parámetros: ["%ST-ELI-705%","%ST-ELI-705%"]
[2025-10-02 16:58:11] [ERROR] Error conectando a Firebird: Your user name and password are not defined. Ask your database
administrator to set up a Firebird login

[2025-10-02 16:58:11] [ERROR] [vhevycyo] Error en GET /api/articulos: Your user name and password are not defined. Ask your database
administrator to set up a Firebird login

[2025-10-02 16:58:11] [DEBUG] [vhevycyo] Stack: Error: Your user name and password are not defined. Ask your database
administrator to set up a Firebird login

    at doCallback (C:\inetpub\wwwroot\kraken\.next\server\chunks\2105.js:1:24415)
    at C:\inetpub\wwwroot\kraken\.next\server\chunks\2105.js:1:194897
    at L (C:\inetpub\wwwroot\kraken\.next\server\chunks\2105.js:1:189405)
    at S (C:\inetpub\wwwroot\kraken\.next\server\chunks\2105.js:1:184962)
    at C:\inetpub\wwwroot\kraken\.next\server\chunks\2105.js:1:189423
    at Socket.<anonymous> (C:\inetpub\wwwroot\kraken\.next\server\chunks\2105.js:1:194616)
    at Socket.emit (node:events:517:28)
    at addChunk (node:internal/streams/readable:335:12)
    at readableAddChunk (node:internal/streams/readable:308:9)
    at Readable.push (node:internal/streams/readable:245:10)
[2025-10-02 16:58:11] [DEBUG] Consulta OK. Filas: 10
[2025-10-02 16:58:11] [INFO] [5qpy2ij7] Búsqueda completada. Coincidencias: 10
[2025-10-02 16:58:17] [INFO] [yvloymjh] Iniciando GET /api/articulos
[2025-10-02 16:58:17] [DEBUG] [yvloymjh] q recibido: "46013"
[2025-10-02 16:58:17] [INFO] [yvloymjh] Solicitud sin token (endpoint público)
[2025-10-02 16:58:17] [DEBUG] Ejecutando consulta: SELECT FIRST 10 ca.CLAVE_ARTICULO, a.NOMBRE FROM CLAVES_ARTICULOS ca INNER JOIN ARTICULOS a ON a.ARTICULO_ID = ca.ARTICULO_ID WHERE UPPER(ca.CLAVE_ARTICULO) LIKE UPPER(?) OR UPPER(a.NOMBRE) LIKE UPPER(?) ORDER BY a.NOMBRE con parámetros: ["%46013%","%46013%"]
[2025-10-02 16:58:19] [DEBUG] Consulta OK. Filas: 2
[2025-10-02 16:58:19] [INFO] [yvloymjh] Búsqueda completada. Coincidencias: 2
[2025-10-02 16:58:20] [INFO] [poonr2bg] Iniciando GET /api/articulos
[2025-10-02 16:58:20] [DEBUG] [poonr2bg] q recibido: "ST"
[2025-10-02 16:58:20] [INFO] [poonr2bg] Solicitud sin token (endpoint público)
[2025-10-02 16:58:20] [DEBUG] Ejecutando consulta: SELECT FIRST 10 ca.CLAVE_ARTICULO, a.NOMBRE FROM CLAVES_ARTICULOS ca INNER JOIN ARTICULOS a ON a.ARTICULO_ID = ca.ARTICULO_ID WHERE UPPER(ca.CLAVE_ARTICULO) LIKE UPPER(?) OR UPPER(a.NOMBRE) LIKE UPPER(?) ORDER BY a.NOMBRE con parámetros: ["%ST%","%ST%"]
[2025-10-02 16:58:21] [INFO] [br85gqkc] Iniciando GET /api/articulos
[2025-10-02 16:58:21] [DEBUG] [br85gqkc] q recibido: "ST-"
[2025-10-02 16:58:21] [INFO] [br85gqkc] Solicitud sin token (endpoint público)
[2025-10-02 16:58:21] [DEBUG] Ejecutando consulta: SELECT FIRST 10 ca.CLAVE_ARTICULO, a.NOMBRE FROM CLAVES_ARTICULOS ca INNER JOIN ARTICULOS a ON a.ARTICULO_ID = ca.ARTICULO_ID WHERE UPPER(ca.CLAVE_ARTICULO) LIKE UPPER(?) OR UPPER(a.NOMBRE) LIKE UPPER(?) ORDER BY a.NOMBRE con parámetros: ["%ST-%","%ST-%"]
[2025-10-02 16:58:21] [DEBUG] Consulta OK. Filas: 10
[2025-10-02 16:58:21] [INFO] [poonr2bg] Búsqueda completada. Coincidencias: 10
[2025-10-02 16:58:22] [INFO] [sx12c15g] Iniciando GET /api/articulos
[2025-10-02 16:58:22] [DEBUG] [sx12c15g] q recibido: "ST-ALA"
[2025-10-02 16:58:22] [INFO] [sx12c15g] Solicitud sin token (endpoint público)
[2025-10-02 16:58:22] [DEBUG] Ejecutando consulta: SELECT FIRST 10 ca.CLAVE_ARTICULO, a.NOMBRE FROM CLAVES_ARTICULOS ca INNER JOIN ARTICULOS a ON a.ARTICULO_ID = ca.ARTICULO_ID WHERE UPPER(ca.CLAVE_ARTICULO) LIKE UPPER(?) OR UPPER(a.NOMBRE) LIKE UPPER(?) ORDER BY a.NOMBRE con parámetros: ["%ST-ALA%","%ST-ALA%"]
[2025-10-02 16:58:22] [DEBUG] Consulta OK. Filas: 10
[2025-10-02 16:58:22] [INFO] [br85gqkc] Búsqueda completada. Coincidencias: 10
[2025-10-02 16:58:22] [INFO] [pkqq3xy4] Iniciando GET /api/articulos
[2025-10-02 16:58:22] [DEBUG] [pkqq3xy4] q recibido: "ST-ALA-"
[2025-10-02 16:58:22] [INFO] [pkqq3xy4] Solicitud sin token (endpoint público)
[2025-10-02 16:58:22] [DEBUG] Ejecutando consulta: SELECT FIRST 10 ca.CLAVE_ARTICULO, a.NOMBRE FROM CLAVES_ARTICULOS ca INNER JOIN ARTICULOS a ON a.ARTICULO_ID = ca.ARTICULO_ID WHERE UPPER(ca.CLAVE_ARTICULO) LIKE UPPER(?) OR UPPER(a.NOMBRE) LIKE UPPER(?) ORDER BY a.NOMBRE con parámetros: ["%ST-ALA-%","%ST-ALA-%"]
[2025-10-02 16:58:23] [ERROR] Error conectando a Firebird: Your user name and password are not defined. Ask your database
administrator to set up a Firebird login

[2025-10-02 16:58:23] [ERROR] [pkqq3xy4] Error en GET /api/articulos: Your user name and password are not defined. Ask your database
administrator to set up a Firebird login

[2025-10-02 16:58:23] [DEBUG] [pkqq3xy4] Stack: Error: Your user name and password are not defined. Ask your database
administrator to set up a Firebird login

    at doCallback (C:\inetpub\wwwroot\kraken\.next\server\chunks\2105.js:1:24415)
    at C:\inetpub\wwwroot\kraken\.next\server\chunks\2105.js:1:194897
    at L (C:\inetpub\wwwroot\kraken\.next\server\chunks\2105.js:1:189405)
    at S (C:\inetpub\wwwroot\kraken\.next\server\chunks\2105.js:1:184962)
    at C:\inetpub\wwwroot\kraken\.next\server\chunks\2105.js:1:189423
    at Socket.<anonymous> (C:\inetpub\wwwroot\kraken\.next\server\chunks\2105.js:1:194616)
    at Socket.emit (node:events:517:28)
    at addChunk (node:internal/streams/readable:335:12)
    at readableAddChunk (node:internal/streams/readable:308:9)
    at Readable.push (node:internal/streams/readable:245:10)
[2025-10-02 16:58:23] [DEBUG] Consulta OK. Filas: 3
[2025-10-02 16:58:23] [INFO] [sx12c15g] Búsqueda completada. Coincidencias: 3
[2025-10-02 16:58:23] [INFO] [ekb0f1a2] Iniciando GET /api/articulos
[2025-10-02 16:58:23] [DEBUG] [ekb0f1a2] q recibido: "ST-ALA-010"
[2025-10-02 16:58:23] [INFO] [ekb0f1a2] Solicitud sin token (endpoint público)
[2025-10-02 16:58:23] [DEBUG] Ejecutando consulta: SELECT FIRST 10 ca.CLAVE_ARTICULO, a.NOMBRE FROM CLAVES_ARTICULOS ca INNER JOIN ARTICULOS a ON a.ARTICULO_ID = ca.ARTICULO_ID WHERE UPPER(ca.CLAVE_ARTICULO) LIKE UPPER(?) OR UPPER(a.NOMBRE) LIKE UPPER(?) ORDER BY a.NOMBRE con parámetros: ["%ST-ALA-010%","%ST-ALA-010%"]
[2025-10-02 16:58:25] [DEBUG] Consulta OK. Filas: 1
[2025-10-02 16:58:25] [INFO] [ekb0f1a2] Búsqueda completada. Coincidencias: 1
[2025-10-02 16:58:27] [INFO] [618vt3de] Iniciando GET /api/articulos
[2025-10-02 16:58:27] [DEBUG] [618vt3de] q recibido: "U-"
[2025-10-02 16:58:27] [INFO] [618vt3de] Solicitud sin token (endpoint público)
[2025-10-02 16:58:27] [DEBUG] Ejecutando consulta: SELECT FIRST 10 ca.CLAVE_ARTICULO, a.NOMBRE FROM CLAVES_ARTICULOS ca INNER JOIN ARTICULOS a ON a.ARTICULO_ID = ca.ARTICULO_ID WHERE UPPER(ca.CLAVE_ARTICULO) LIKE UPPER(?) OR UPPER(a.NOMBRE) LIKE UPPER(?) ORDER BY a.NOMBRE con parámetros: ["%U-%","%U-%"]
[2025-10-02 16:58:28] [DEBUG] Consulta OK. Filas: 10
[2025-10-02 16:58:28] [INFO] [618vt3de] Búsqueda completada. Coincidencias: 10
[2025-10-02 16:58:28] [INFO] [1fu0sxgp] Iniciando GET /api/articulos
[2025-10-02 16:58:28] [DEBUG] [1fu0sxgp] q recibido: "U-M"
[2025-10-02 16:58:28] [INFO] [1fu0sxgp] Solicitud sin token (endpoint público)
[2025-10-02 16:58:28] [DEBUG] Ejecutando consulta: SELECT FIRST 10 ca.CLAVE_ARTICULO, a.NOMBRE FROM CLAVES_ARTICULOS ca INNER JOIN ARTICULOS a ON a.ARTICULO_ID = ca.ARTICULO_ID WHERE UPPER(ca.CLAVE_ARTICULO) LIKE UPPER(?) OR UPPER(a.NOMBRE) LIKE UPPER(?) ORDER BY a.NOMBRE con parámetros: ["%U-M%","%U-M%"]
[2025-10-02 16:58:28] [INFO] [9sro4q0o] Iniciando GET /api/articulos
[2025-10-02 16:58:28] [DEBUG] [9sro4q0o] q recibido: "U-MN"
[2025-10-02 16:58:28] [INFO] [9sro4q0o] Solicitud sin token (endpoint público)
[2025-10-02 16:58:28] [DEBUG] Ejecutando consulta: SELECT FIRST 10 ca.CLAVE_ARTICULO, a.NOMBRE FROM CLAVES_ARTICULOS ca INNER JOIN ARTICULOS a ON a.ARTICULO_ID = ca.ARTICULO_ID WHERE UPPER(ca.CLAVE_ARTICULO) LIKE UPPER(?) OR UPPER(a.NOMBRE) LIKE UPPER(?) ORDER BY a.NOMBRE con parámetros: ["%U-MN%","%U-MN%"]
[2025-10-02 16:58:29] [DEBUG] Consulta OK. Filas: 10
[2025-10-02 16:58:29] [INFO] [1fu0sxgp] Búsqueda completada. Coincidencias: 10
[2025-10-02 16:58:30] [DEBUG] Consulta OK. Filas: 10
[2025-10-02 16:58:30] [INFO] [9sro4q0o] Búsqueda completada. Coincidencias: 10
[2025-10-02 16:58:30] [INFO] [x8l8m8bg] Iniciando GET /api/articulos
[2025-10-02 16:58:30] [DEBUG] [x8l8m8bg] q recibido: "U-MN24"
[2025-10-02 16:58:30] [INFO] [x8l8m8bg] Solicitud sin token (endpoint público)
[2025-10-02 16:58:30] [DEBUG] Ejecutando consulta: SELECT FIRST 10 ca.CLAVE_ARTICULO, a.NOMBRE FROM CLAVES_ARTICULOS ca INNER JOIN ARTICULOS a ON a.ARTICULO_ID = ca.ARTICULO_ID WHERE UPPER(ca.CLAVE_ARTICULO) LIKE UPPER(?) OR UPPER(a.NOMBRE) LIKE UPPER(?) ORDER BY a.NOMBRE con parámetros: ["%U-MN24%","%U-MN24%"]
[2025-10-02 16:58:30] [INFO] [gfctkp3i] Iniciando GET /api/articulos
[2025-10-02 16:58:30] [DEBUG] [gfctkp3i] q recibido: "U-MN2400"
[2025-10-02 16:58:30] [INFO] [gfctkp3i] Solicitud sin token (endpoint público)
[2025-10-02 16:58:30] [DEBUG] Ejecutando consulta: SELECT FIRST 10 ca.CLAVE_ARTICULO, a.NOMBRE FROM CLAVES_ARTICULOS ca INNER JOIN ARTICULOS a ON a.ARTICULO_ID = ca.ARTICULO_ID WHERE UPPER(ca.CLAVE_ARTICULO) LIKE UPPER(?) OR UPPER(a.NOMBRE) LIKE UPPER(?) ORDER BY a.NOMBRE con parámetros: ["%U-MN2400%","%U-MN2400%"]
[2025-10-02 16:58:31] [INFO] [qp5cyu7x] Iniciando GET /api/articulos
[2025-10-02 16:58:31] [DEBUG] [qp5cyu7x] q recibido: "U-MN2400B"
[2025-10-02 16:58:31] [INFO] [qp5cyu7x] Solicitud sin token (endpoint público)
[2025-10-02 16:58:31] [DEBUG] Ejecutando consulta: SELECT FIRST 10 ca.CLAVE_ARTICULO, a.NOMBRE FROM CLAVES_ARTICULOS ca INNER JOIN ARTICULOS a ON a.ARTICULO_ID = ca.ARTICULO_ID WHERE UPPER(ca.CLAVE_ARTICULO) LIKE UPPER(?) OR UPPER(a.NOMBRE) LIKE UPPER(?) ORDER BY a.NOMBRE con parámetros: ["%U-MN2400B%","%U-MN2400B%"]
[2025-10-02 16:58:31] [DEBUG] Consulta OK. Filas: 2
[2025-10-02 16:58:31] [INFO] [x8l8m8bg] Búsqueda completada. Coincidencias: 2
[2025-10-02 16:58:31] [INFO] [cafl1gia] Iniciando GET /api/articulos
[2025-10-02 16:58:31] [DEBUG] [cafl1gia] q recibido: "U-MN2400B1"
[2025-10-02 16:58:31] [INFO] [cafl1gia] Solicitud sin token (endpoint público)
[2025-10-02 16:58:31] [DEBUG] Ejecutando consulta: SELECT FIRST 10 ca.CLAVE_ARTICULO, a.NOMBRE FROM CLAVES_ARTICULOS ca INNER JOIN ARTICULOS a ON a.ARTICULO_ID = ca.ARTICULO_ID WHERE UPPER(ca.CLAVE_ARTICULO) LIKE UPPER(?) OR UPPER(a.NOMBRE) LIKE UPPER(?) ORDER BY a.NOMBRE con parámetros: ["%U-MN2400B1%","%U-MN2400B1%"]
[2025-10-02 16:58:32] [DEBUG] Consulta OK. Filas: 2
[2025-10-02 16:58:32] [INFO] [gfctkp3i] Búsqueda completada. Coincidencias: 2
[2025-10-02 16:58:32] [DEBUG] Consulta OK. Filas: 1
[2025-10-02 16:58:32] [INFO] [qp5cyu7x] Búsqueda completada. Coincidencias: 1
[2025-10-02 16:58:33] [DEBUG] Consulta OK. Filas: 1
[2025-10-02 16:58:33] [INFO] [cafl1gia] Búsqueda completada. Coincidencias: 1
[2025-10-02 17:22:48] [INFO] [6zgte4sy] GET /api/tamano_etiqueta
[2025-10-02 17:22:48] [DEBUG] [6zgte4sy] Listando todas las etiquetas
[2025-10-02 17:22:48] [DEBUG] SQL: SELECT ek.ETIQUETA_ID, ek.NOMBRE, ek.WIDTH, ek.HEIGHT, ek.MARGEN, ek.ALTO_BARRA, ek.FONT_SIZE_CLAVE_ARTICULO FROM ETIQUETAS_KRKN ek ORDER BY ek.NOMBRE | params: []
[2025-10-02 17:22:49] [ERROR] Error en consulta Firebird: Dynamic SQL Error, SQL error code = -204, Table unknown, ETIQUETAS_KRKN, At line 10, column 12
[2025-10-02 17:22:49] [ERROR] Error GET /api/tamano_etiqueta: Dynamic SQL Error, SQL error code = -204, Table unknown, ETIQUETAS_KRKN, At line 10, column 12
[2025-10-02 17:22:49] [DEBUG] Stack: Error: Dynamic SQL Error, SQL error code = -204, Table unknown, ETIQUETAS_KRKN, At line 10, column 12
    at doCallback (C:\inetpub\wwwroot\kraken\.next\server\chunks\2105.js:1:24415)
    at C:\inetpub\wwwroot\kraken\.next\server\chunks\2105.js:1:194897
    at L (C:\inetpub\wwwroot\kraken\.next\server\chunks\2105.js:1:189394)
    at S (C:\inetpub\wwwroot\kraken\.next\server\chunks\2105.js:1:184962)
    at L (C:\inetpub\wwwroot\kraken\.next\server\chunks\2105.js:1:189384)
    at S (C:\inetpub\wwwroot\kraken\.next\server\chunks\2105.js:1:184962)
    at C:\inetpub\wwwroot\kraken\.next\server\chunks\2105.js:1:189423
    at Socket.<anonymous> (C:\inetpub\wwwroot\kraken\.next\server\chunks\2105.js:1:194616)
    at Socket.emit (node:events:517:28)
    at addChunk (node:internal/streams/readable:335:12)
