[2025-09-24 10:47:06] [INFO] [cql7ev8r] GET /api/tamano_etiqueta
[2025-09-24 10:47:06] [DEBUG] [cql7ev8r] Listando todas las etiquetas
[2025-09-24 10:47:06] [DEBUG] SQL: SELECT ek.ETIQUETA_ID, ek.NOMBRE, ek.WIDTH, ek.HEIGHT, ek.MARGEN, ek.ALTO_BARRA, ek.FONT_SIZE_CLAVE_ARTICULO FROM ETIQUETAS_KRKN ek ORDER BY ek.NOMBRE | params: []
[2025-09-24 10:47:08] [DEBUG] Consulta OK. Filas: 0
[2025-09-24 10:47:08] [INFO] [6caxdi1x] GET /api/tamano_etiqueta
[2025-09-24 10:47:08] [DEBUG] [6caxdi1x] Listando todas las etiquetas
[2025-09-24 10:47:08] [DEBUG] SQL: SELECT ek.ETIQUETA_ID, ek.NOMBRE, ek.WIDTH, ek.HEIGHT, ek.MARGEN, ek.ALTO_BARRA, ek.FONT_SIZE_CLAVE_ARTICULO FROM ETIQUETAS_KRKN ek ORDER BY ek.NOMBRE | params: []
[2025-09-24 10:47:09] [ERROR] Error conectando a Firebird: Your user name and password are not defined. Ask your database
administrator to set up a Firebird login

[2025-09-24 10:47:09] [ERROR] Error GET /api/tamano_etiqueta: Your user name and password are not defined. Ask your database
administrator to set up a Firebird login

[2025-09-24 10:47:09] [DEBUG] Stack: Error: Your user name and password are not defined. Ask your database
administrator to set up a Firebird login

    at doCallback (webpack-internal:///(rsc)/./node_modules/.pnpm/node-firebird@1.1.9/node_modules/node-firebird/lib/callback.js:23:21)
    at eval (webpack-internal:///(rsc)/./node_modules/.pnpm/node-firebird@1.1.9/node_modules/node-firebird/lib/wire/connection.js:172:21)
    at loop (webpack-internal:///(rsc)/./node_modules/.pnpm/node-firebird@1.1.9/node_modules/node-firebird/lib/wire/connection.js:232:29)
    at parseOpResponse (webpack-internal:///(rsc)/./node_modules/.pnpm/node-firebird@1.1.9/node_modules/node-firebird/lib/wire/connection.js:515:29)
    at decodeResponse (webpack-internal:///(rsc)/./node_modules/.pnpm/node-firebird@1.1.9/node_modules/node-firebird/lib/wire/connection.js:237:24)
    at Socket.eval (webpack-internal:///(rsc)/./node_modules/.pnpm/node-firebird@1.1.9/node_modules/node-firebird/lib/wire/connection.js:149:13)
    at Socket.emit (node:events:518:28)
    at addChunk (node:internal/streams/readable:561:12)
    at readableAddChunkPushByteMode (node:internal/streams/readable:512:3)
    at Readable.push (node:internal/streams/readable:392:5)
    at TCP.onStreamRead (node:internal/stream_base_commons:189:23)
    at TCP.callbackTrampoline (node:internal/async_hooks:130:17)
[2025-09-24 13:37:29] [INFO] [g2fkwi12] GET /api/tamano_etiqueta
[2025-09-24 13:37:29] [DEBUG] [g2fkwi12] Listando todas las etiquetas
[2025-09-24 13:37:29] [DEBUG] SQL: SELECT ek.ETIQUETA_ID, ek.NOMBRE, ek.WIDTH, ek.HEIGHT, ek.MARGEN, ek.ALTO_BARRA, ek.FONT_SIZE_CLAVE_ARTICULO FROM ETIQUETAS_KRKN ek ORDER BY ek.NOMBRE | params: []
[2025-09-24 13:37:32] [DEBUG] Consulta OK. Filas: 0
[2025-09-24 13:37:32] [INFO] [5i1h66bm] GET /api/tamano_etiqueta
[2025-09-24 13:37:32] [DEBUG] [5i1h66bm] Listando todas las etiquetas
[2025-09-24 13:37:32] [DEBUG] SQL: SELECT ek.ETIQUETA_ID, ek.NOMBRE, ek.WIDTH, ek.HEIGHT, ek.MARGEN, ek.ALTO_BARRA, ek.FONT_SIZE_CLAVE_ARTICULO FROM ETIQUETAS_KRKN ek ORDER BY ek.NOMBRE | params: []
[2025-09-24 13:37:33] [DEBUG] Consulta OK. Filas: 0
