[2025-09-22 08:20:19] [INFO] [2f4latah] GET /api/tamano_etiqueta
[2025-09-22 08:20:19] [DEBUG] [2f4latah] Listando todas las etiquetas
[2025-09-22 08:20:19] [DEBUG] SQL: SELECT ek.ETIQUETA_ID, ek.NOMBRE, ek.WIDTH, ek.HEIGHT, ek.MARGEN, ek.ALTO_BARRA, ek.FONT_SIZE_CLAVE_ARTICULO FROM ETIQUETAS_KRKN ek ORDER BY ek.NOMBRE | params: []
[2025-09-22 08:20:21] [DEBUG] Consulta OK. Filas: 0
[2025-09-22 08:22:55] [INFO] [azkriq2g] Iniciando GET /api/articulos
[2025-09-22 08:22:55] [DEBUG] [azkriq2g] q recibido: "tenis"
[2025-09-22 08:22:55] [INFO] [azkriq2g] Solicitud sin token (endpoint público)
[2025-09-22 08:22:55] [DEBUG] Ejecutando consulta: SELECT FIRST 10 ca.CLAVE_ARTICULO, a.NOMBRE FROM CLAVES_ARTICULOS ca INNER JOIN ARTICULOS a ON a.ARTICULO_ID = ca.ARTICULO_ID WHERE UPPER(ca.CLAVE_ARTICULO) LIKE UPPER(?) OR UPPER(a.NOMBRE) LIKE UPPER(?) ORDER BY a.NOMBRE con parámetros: ["%tenis%","%tenis%"]
[2025-09-22 08:22:57] [DEBUG] Consulta OK. Filas: 10
[2025-09-22 08:22:57] [INFO] [azkriq2g] Búsqueda completada. Coincidencias: 10
[2025-09-22 08:27:11] [INFO] [cf8603n2] Iniciando GET /api/articulos
[2025-09-22 08:27:11] [DEBUG] [cf8603n2] q recibido: "12"
[2025-09-22 08:27:11] [INFO] [cf8603n2] Solicitud sin token (endpoint público)
[2025-09-22 08:27:11] [DEBUG] Ejecutando consulta: SELECT FIRST 10 ca.CLAVE_ARTICULO, a.NOMBRE FROM CLAVES_ARTICULOS ca INNER JOIN ARTICULOS a ON a.ARTICULO_ID = ca.ARTICULO_ID WHERE UPPER(ca.CLAVE_ARTICULO) LIKE UPPER(?) OR UPPER(a.NOMBRE) LIKE UPPER(?) ORDER BY a.NOMBRE con parámetros: ["%12%","%12%"]
[2025-09-22 08:27:13] [DEBUG] Consulta OK. Filas: 0
[2025-09-22 08:27:13] [INFO] [cf8603n2] Búsqueda completada. Coincidencias: 0
[2025-09-22 08:27:14] [INFO] [l1cpgq22] Iniciando GET /api/articulos
[2025-09-22 08:27:14] [DEBUG] [l1cpgq22] q recibido: "12"
[2025-09-22 08:27:14] [INFO] [l1cpgq22] Solicitud sin token (endpoint público)
[2025-09-22 08:27:14] [DEBUG] Ejecutando consulta: SELECT FIRST 10 ca.CLAVE_ARTICULO, a.NOMBRE FROM CLAVES_ARTICULOS ca INNER JOIN ARTICULOS a ON a.ARTICULO_ID = ca.ARTICULO_ID WHERE UPPER(ca.CLAVE_ARTICULO) LIKE UPPER(?) OR UPPER(a.NOMBRE) LIKE UPPER(?) ORDER BY a.NOMBRE con parámetros: ["%12%","%12%"]
[2025-09-22 08:27:16] [DEBUG] Consulta OK. Filas: 0
[2025-09-22 08:27:16] [INFO] [l1cpgq22] Búsqueda completada. Coincidencias: 0
[2025-09-22 08:27:19] [INFO] [kxu6j8uk] Iniciando GET /api/articulos
[2025-09-22 08:27:19] [DEBUG] [kxu6j8uk] q recibido: "12500"
[2025-09-22 08:27:19] [INFO] [kxu6j8uk] Solicitud sin token (endpoint público)
[2025-09-22 08:27:19] [DEBUG] Ejecutando consulta: SELECT FIRST 10 ca.CLAVE_ARTICULO, a.NOMBRE FROM CLAVES_ARTICULOS ca INNER JOIN ARTICULOS a ON a.ARTICULO_ID = ca.ARTICULO_ID WHERE UPPER(ca.CLAVE_ARTICULO) LIKE UPPER(?) OR UPPER(a.NOMBRE) LIKE UPPER(?) ORDER BY a.NOMBRE con parámetros: ["%12500%","%12500%"]
[2025-09-22 08:27:21] [DEBUG] Consulta OK. Filas: 0
[2025-09-22 08:27:21] [INFO] [kxu6j8uk] Búsqueda completada. Coincidencias: 0
[2025-09-22 08:36:02] [INFO] [6e9978od] GET /api/tamano_etiqueta
[2025-09-22 08:36:02] [DEBUG] [6e9978od] Listando todas las etiquetas
[2025-09-22 08:36:02] [DEBUG] SQL: SELECT ek.ETIQUETA_ID, ek.NOMBRE, ek.WIDTH, ek.HEIGHT, ek.MARGEN, ek.ALTO_BARRA, ek.FONT_SIZE_CLAVE_ARTICULO FROM ETIQUETAS_KRKN ek ORDER BY ek.NOMBRE | params: []
[2025-09-22 08:36:04] [DEBUG] Consulta OK. Filas: 0
[2025-09-22 08:36:05] [INFO] [u1tf4x7s] Iniciando GET /api/articulos
[2025-09-22 08:36:05] [DEBUG] [u1tf4x7s] q recibido: "12"
[2025-09-22 08:36:05] [INFO] [u1tf4x7s] Solicitud sin token (endpoint público)
[2025-09-22 08:36:05] [DEBUG] Ejecutando consulta: SELECT FIRST 10 ca.CLAVE_ARTICULO, a.NOMBRE FROM CLAVES_ARTICULOS ca INNER JOIN ARTICULOS a ON a.ARTICULO_ID = ca.ARTICULO_ID WHERE UPPER(ca.CLAVE_ARTICULO) LIKE UPPER(?) OR UPPER(a.NOMBRE) LIKE UPPER(?) ORDER BY a.NOMBRE con parámetros: ["%12%","%12%"]
[2025-09-22 08:36:05] [INFO] [pvfv57k8] Iniciando GET /api/articulos
[2025-09-22 08:36:05] [DEBUG] [pvfv57k8] q recibido: "12500"
[2025-09-22 08:36:05] [INFO] [pvfv57k8] Solicitud sin token (endpoint público)
[2025-09-22 08:36:05] [DEBUG] Ejecutando consulta: SELECT FIRST 10 ca.CLAVE_ARTICULO, a.NOMBRE FROM CLAVES_ARTICULOS ca INNER JOIN ARTICULOS a ON a.ARTICULO_ID = ca.ARTICULO_ID WHERE UPPER(ca.CLAVE_ARTICULO) LIKE UPPER(?) OR UPPER(a.NOMBRE) LIKE UPPER(?) ORDER BY a.NOMBRE con parámetros: ["%12500%","%12500%"]
[2025-09-22 08:36:06] [ERROR] Error conectando a Firebird: Your user name and password are not defined. Ask your database
administrator to set up a Firebird login

[2025-09-22 08:36:06] [ERROR] [pvfv57k8] Error en GET /api/articulos: Your user name and password are not defined. Ask your database
administrator to set up a Firebird login

[2025-09-22 08:36:06] [DEBUG] [pvfv57k8] Stack: Error: Your user name and password are not defined. Ask your database
administrator to set up a Firebird login

    at doCallback (webpack-internal:///(rsc)/./node_modules/.pnpm/node-firebird@1.1.9/node_modules/node-firebird/lib/callback.js:23:21)
    at eval (webpack-internal:///(rsc)/./node_modules/.pnpm/node-firebird@1.1.9/node_modules/node-firebird/lib/wire/connection.js:172:21)
    at loop (webpack-internal:///(rsc)/./node_modules/.pnpm/node-firebird@1.1.9/node_modules/node-firebird/lib/wire/connection.js:232:29)
    at parseOpResponse (webpack-internal:///(rsc)/./node_modules/.pnpm/node-firebird@1.1.9/node_modules/node-firebird/lib/wire/connection.js:515:29)
    at decodeResponse (webpack-internal:///(rsc)/./node_modules/.pnpm/node-firebird@1.1.9/node_modules/node-firebird/lib/wire/connection.js:237:24)
    at Socket.eval (webpack-internal:///(rsc)/./node_modules/.pnpm/node-firebird@1.1.9/node_modules/node-firebird/lib/wire/connection.js:149:13)
    at Socket.emit (node:events:518:28)
    at addChunk (node:internal/streams/readable:559:12)
    at readableAddChunkPushByteMode (node:internal/streams/readable:510:3)
    at Readable.push (node:internal/streams/readable:390:5)
    at TCP.onStreamRead (node:internal/stream_base_commons:190:23)
    at TCP.callbackTrampoline (node:internal/async_hooks:130:17)
[2025-09-22 08:36:07] [DEBUG] Consulta OK. Filas: 0
[2025-09-22 08:36:07] [INFO] [u1tf4x7s] Búsqueda completada. Coincidencias: 0
[2025-09-22 08:36:09] [INFO] [kk4hg5w7] Iniciando GET /api/articulos
[2025-09-22 08:36:09] [DEBUG] [kk4hg5w7] q recibido: "1250"
[2025-09-22 08:36:09] [INFO] [kk4hg5w7] Solicitud sin token (endpoint público)
[2025-09-22 08:36:09] [DEBUG] Ejecutando consulta: SELECT FIRST 10 ca.CLAVE_ARTICULO, a.NOMBRE FROM CLAVES_ARTICULOS ca INNER JOIN ARTICULOS a ON a.ARTICULO_ID = ca.ARTICULO_ID WHERE UPPER(ca.CLAVE_ARTICULO) LIKE UPPER(?) OR UPPER(a.NOMBRE) LIKE UPPER(?) ORDER BY a.NOMBRE con parámetros: ["%1250%","%1250%"]
[2025-09-22 08:36:11] [INFO] [hadaeq0p] Iniciando GET /api/articulos
[2025-09-22 08:36:11] [DEBUG] [hadaeq0p] q recibido: "temn"
[2025-09-22 08:36:11] [INFO] [hadaeq0p] Solicitud sin token (endpoint público)
[2025-09-22 08:36:11] [DEBUG] Ejecutando consulta: SELECT FIRST 10 ca.CLAVE_ARTICULO, a.NOMBRE FROM CLAVES_ARTICULOS ca INNER JOIN ARTICULOS a ON a.ARTICULO_ID = ca.ARTICULO_ID WHERE UPPER(ca.CLAVE_ARTICULO) LIKE UPPER(?) OR UPPER(a.NOMBRE) LIKE UPPER(?) ORDER BY a.NOMBRE con parámetros: ["%temn%","%temn%"]
[2025-09-22 08:36:11] [DEBUG] Consulta OK. Filas: 0
[2025-09-22 08:36:11] [INFO] [kk4hg5w7] Búsqueda completada. Coincidencias: 0
[2025-09-22 08:36:12] [INFO] [fqqsj55i] Iniciando GET /api/articulos
[2025-09-22 08:36:12] [DEBUG] [fqqsj55i] q recibido: "tebn"
[2025-09-22 08:36:12] [INFO] [fqqsj55i] Solicitud sin token (endpoint público)
[2025-09-22 08:36:12] [DEBUG] Ejecutando consulta: SELECT FIRST 10 ca.CLAVE_ARTICULO, a.NOMBRE FROM CLAVES_ARTICULOS ca INNER JOIN ARTICULOS a ON a.ARTICULO_ID = ca.ARTICULO_ID WHERE UPPER(ca.CLAVE_ARTICULO) LIKE UPPER(?) OR UPPER(a.NOMBRE) LIKE UPPER(?) ORDER BY a.NOMBRE con parámetros: ["%tebn%","%tebn%"]
[2025-09-22 08:36:13] [INFO] [tkjhtqxf] Iniciando GET /api/articulos
[2025-09-22 08:36:13] [DEBUG] [tkjhtqxf] q recibido: "tenis"
[2025-09-22 08:36:13] [INFO] [tkjhtqxf] Solicitud sin token (endpoint público)
[2025-09-22 08:36:13] [DEBUG] Ejecutando consulta: SELECT FIRST 10 ca.CLAVE_ARTICULO, a.NOMBRE FROM CLAVES_ARTICULOS ca INNER JOIN ARTICULOS a ON a.ARTICULO_ID = ca.ARTICULO_ID WHERE UPPER(ca.CLAVE_ARTICULO) LIKE UPPER(?) OR UPPER(a.NOMBRE) LIKE UPPER(?) ORDER BY a.NOMBRE con parámetros: ["%tenis%","%tenis%"]
[2025-09-22 08:36:13] [DEBUG] Consulta OK. Filas: 0
[2025-09-22 08:36:13] [INFO] [hadaeq0p] Búsqueda completada. Coincidencias: 0
[2025-09-22 08:36:14] [DEBUG] Consulta OK. Filas: 0
[2025-09-22 08:36:14] [INFO] [fqqsj55i] Búsqueda completada. Coincidencias: 0
[2025-09-22 08:36:15] [DEBUG] Consulta OK. Filas: 10
[2025-09-22 08:36:15] [INFO] [tkjhtqxf] Búsqueda completada. Coincidencias: 10
[2025-09-22 08:36:16] [INFO] [3461ajdq] Iniciando GET /api/articulos
[2025-09-22 08:36:16] [DEBUG] [3461ajdq] q recibido: "0010-010051 22"
[2025-09-22 08:36:16] [INFO] [3461ajdq] Solicitud sin token (endpoint público)
[2025-09-22 08:36:16] [DEBUG] Ejecutando consulta: SELECT FIRST 10 ca.CLAVE_ARTICULO, a.NOMBRE FROM CLAVES_ARTICULOS ca INNER JOIN ARTICULOS a ON a.ARTICULO_ID = ca.ARTICULO_ID WHERE UPPER(ca.CLAVE_ARTICULO) LIKE UPPER(?) OR UPPER(a.NOMBRE) LIKE UPPER(?) ORDER BY a.NOMBRE con parámetros: ["%0010-010051 22%","%0010-010051 22%"]
[2025-09-22 08:36:16] [ERROR] Error conectando a Firebird: Your user name and password are not defined. Ask your database
administrator to set up a Firebird login

[2025-09-22 08:36:16] [ERROR] [3461ajdq] Error en GET /api/articulos: Your user name and password are not defined. Ask your database
administrator to set up a Firebird login

[2025-09-22 08:36:16] [DEBUG] [3461ajdq] Stack: Error: Your user name and password are not defined. Ask your database
administrator to set up a Firebird login

    at doCallback (webpack-internal:///(rsc)/./node_modules/.pnpm/node-firebird@1.1.9/node_modules/node-firebird/lib/callback.js:23:21)
    at eval (webpack-internal:///(rsc)/./node_modules/.pnpm/node-firebird@1.1.9/node_modules/node-firebird/lib/wire/connection.js:172:21)
    at loop (webpack-internal:///(rsc)/./node_modules/.pnpm/node-firebird@1.1.9/node_modules/node-firebird/lib/wire/connection.js:232:29)
    at parseOpResponse (webpack-internal:///(rsc)/./node_modules/.pnpm/node-firebird@1.1.9/node_modules/node-firebird/lib/wire/connection.js:515:29)
    at decodeResponse (webpack-internal:///(rsc)/./node_modules/.pnpm/node-firebird@1.1.9/node_modules/node-firebird/lib/wire/connection.js:237:24)
    at Socket.eval (webpack-internal:///(rsc)/./node_modules/.pnpm/node-firebird@1.1.9/node_modules/node-firebird/lib/wire/connection.js:149:13)
    at Socket.emit (node:events:518:28)
    at addChunk (node:internal/streams/readable:559:12)
    at readableAddChunkPushByteMode (node:internal/streams/readable:510:3)
    at Readable.push (node:internal/streams/readable:390:5)
    at TCP.onStreamRead (node:internal/stream_base_commons:190:23)
    at TCP.callbackTrampoline (node:internal/async_hooks:130:17)
[2025-09-22 08:36:19] [INFO] [b9oepg6r] GET /api/tamano_etiqueta
[2025-09-22 08:36:19] [DEBUG] [b9oepg6r] Listando todas las etiquetas
[2025-09-22 08:36:19] [DEBUG] SQL: SELECT ek.ETIQUETA_ID, ek.NOMBRE, ek.WIDTH, ek.HEIGHT, ek.MARGEN, ek.ALTO_BARRA, ek.FONT_SIZE_CLAVE_ARTICULO FROM ETIQUETAS_KRKN ek ORDER BY ek.NOMBRE | params: []
[2025-09-22 08:36:21] [DEBUG] Consulta OK. Filas: 0
[2025-09-22 08:36:22] [INFO] [sqfcyirw] Iniciando GET /api/articulos
[2025-09-22 08:36:22] [DEBUG] [sqfcyirw] q recibido: "tenis"
[2025-09-22 08:36:22] [INFO] [sqfcyirw] Solicitud sin token (endpoint público)
[2025-09-22 08:36:22] [DEBUG] Ejecutando consulta: SELECT FIRST 10 ca.CLAVE_ARTICULO, a.NOMBRE FROM CLAVES_ARTICULOS ca INNER JOIN ARTICULOS a ON a.ARTICULO_ID = ca.ARTICULO_ID WHERE UPPER(ca.CLAVE_ARTICULO) LIKE UPPER(?) OR UPPER(a.NOMBRE) LIKE UPPER(?) ORDER BY a.NOMBRE con parámetros: ["%tenis%","%tenis%"]
[2025-09-22 08:36:24] [DEBUG] Consulta OK. Filas: 10
[2025-09-22 08:36:24] [INFO] [sqfcyirw] Búsqueda completada. Coincidencias: 10
[2025-09-22 08:36:25] [INFO] [9656ychr] Iniciando GET /api/articulos
[2025-09-22 08:36:25] [DEBUG] [9656ychr] q recibido: "0010-010051 23"
[2025-09-22 08:36:25] [INFO] [9656ychr] Solicitud sin token (endpoint público)
[2025-09-22 08:36:25] [DEBUG] Ejecutando consulta: SELECT FIRST 10 ca.CLAVE_ARTICULO, a.NOMBRE FROM CLAVES_ARTICULOS ca INNER JOIN ARTICULOS a ON a.ARTICULO_ID = ca.ARTICULO_ID WHERE UPPER(ca.CLAVE_ARTICULO) LIKE UPPER(?) OR UPPER(a.NOMBRE) LIKE UPPER(?) ORDER BY a.NOMBRE con parámetros: ["%0010-010051 23%","%0010-010051 23%"]
[2025-09-22 08:36:27] [DEBUG] Consulta OK. Filas: 1
[2025-09-22 08:36:27] [INFO] [9656ychr] Búsqueda completada. Coincidencias: 1
[2025-09-22 08:53:07] [INFO] [qji7bwwj] Iniciando GET /api/articulos
[2025-09-22 08:53:07] [DEBUG] [qji7bwwj] q recibido: "12"
[2025-09-22 08:53:07] [INFO] [qji7bwwj] Solicitud sin token (endpoint público)
[2025-09-22 08:53:07] [DEBUG] Ejecutando consulta: SELECT FIRST 10 ca.CLAVE_ARTICULO, a.NOMBRE FROM CLAVES_ARTICULOS ca INNER JOIN ARTICULOS a ON a.ARTICULO_ID = ca.ARTICULO_ID WHERE UPPER(ca.CLAVE_ARTICULO) LIKE UPPER(?) OR UPPER(a.NOMBRE) LIKE UPPER(?) ORDER BY a.NOMBRE con parámetros: ["%12%","%12%"]
[2025-09-22 08:53:09] [DEBUG] Consulta OK. Filas: 0
[2025-09-22 08:53:09] [INFO] [qji7bwwj] Búsqueda completada. Coincidencias: 0
[2025-09-22 08:53:12] [INFO] [yspeukt7] Iniciando GET /api/articulos
[2025-09-22 08:53:12] [DEBUG] [yspeukt7] q recibido: "tenis"
[2025-09-22 08:53:12] [INFO] [yspeukt7] Solicitud sin token (endpoint público)
[2025-09-22 08:53:12] [DEBUG] Ejecutando consulta: SELECT FIRST 10 ca.CLAVE_ARTICULO, a.NOMBRE FROM CLAVES_ARTICULOS ca INNER JOIN ARTICULOS a ON a.ARTICULO_ID = ca.ARTICULO_ID WHERE UPPER(ca.CLAVE_ARTICULO) LIKE UPPER(?) OR UPPER(a.NOMBRE) LIKE UPPER(?) ORDER BY a.NOMBRE con parámetros: ["%tenis%","%tenis%"]
[2025-09-22 08:53:14] [DEBUG] Consulta OK. Filas: 10
[2025-09-22 08:53:14] [INFO] [yspeukt7] Búsqueda completada. Coincidencias: 10
[2025-09-22 08:53:17] [INFO] [d684t1vh] Iniciando GET /api/articulos
[2025-09-22 08:53:17] [DEBUG] [d684t1vh] q recibido: "tenis"
[2025-09-22 08:53:17] [INFO] [d684t1vh] Solicitud sin token (endpoint público)
[2025-09-22 08:53:17] [DEBUG] Ejecutando consulta: SELECT FIRST 10 ca.CLAVE_ARTICULO, a.NOMBRE FROM CLAVES_ARTICULOS ca INNER JOIN ARTICULOS a ON a.ARTICULO_ID = ca.ARTICULO_ID WHERE UPPER(ca.CLAVE_ARTICULO) LIKE UPPER(?) OR UPPER(a.NOMBRE) LIKE UPPER(?) ORDER BY a.NOMBRE con parámetros: ["%tenis%","%tenis%"]
[2025-09-22 08:53:18] [DEBUG] Consulta OK. Filas: 10
[2025-09-22 08:53:18] [INFO] [d684t1vh] Búsqueda completada. Coincidencias: 10
[2025-09-22 08:53:22] [INFO] [5ilw7zu3] Iniciando GET /api/articulos
[2025-09-22 08:53:22] [DEBUG] [5ilw7zu3] q recibido: "tenis"
[2025-09-22 08:53:22] [INFO] [5ilw7zu3] Solicitud sin token (endpoint público)
[2025-09-22 08:53:22] [DEBUG] Ejecutando consulta: SELECT FIRST 10 ca.CLAVE_ARTICULO, a.NOMBRE FROM CLAVES_ARTICULOS ca INNER JOIN ARTICULOS a ON a.ARTICULO_ID = ca.ARTICULO_ID WHERE UPPER(ca.CLAVE_ARTICULO) LIKE UPPER(?) OR UPPER(a.NOMBRE) LIKE UPPER(?) ORDER BY a.NOMBRE con parámetros: ["%tenis%","%tenis%"]
[2025-09-22 08:53:23] [DEBUG] Consulta OK. Filas: 10
[2025-09-22 08:53:23] [INFO] [5ilw7zu3] Búsqueda completada. Coincidencias: 10
[2025-09-22 08:53:38] [INFO] [7za5kvrj] Iniciando GET /api/articulos
[2025-09-22 08:53:38] [DEBUG] [7za5kvrj] q recibido: "12"
[2025-09-22 08:53:38] [INFO] [7za5kvrj] Solicitud sin token (endpoint público)
[2025-09-22 08:53:38] [DEBUG] Ejecutando consulta: SELECT FIRST 10 ca.CLAVE_ARTICULO, a.NOMBRE FROM CLAVES_ARTICULOS ca INNER JOIN ARTICULOS a ON a.ARTICULO_ID = ca.ARTICULO_ID WHERE UPPER(ca.CLAVE_ARTICULO) LIKE UPPER(?) OR UPPER(a.NOMBRE) LIKE UPPER(?) ORDER BY a.NOMBRE con parámetros: ["%12%","%12%"]
[2025-09-22 08:53:38] [ERROR] Error conectando a Firebird: Your user name and password are not defined. Ask your database
administrator to set up a Firebird login

[2025-09-22 08:53:38] [ERROR] [7za5kvrj] Error en GET /api/articulos: Your user name and password are not defined. Ask your database
administrator to set up a Firebird login

[2025-09-22 08:53:38] [DEBUG] [7za5kvrj] Stack: Error: Your user name and password are not defined. Ask your database
administrator to set up a Firebird login

    at doCallback (webpack-internal:///(rsc)/./node_modules/.pnpm/node-firebird@1.1.9/node_modules/node-firebird/lib/callback.js:23:21)
    at eval (webpack-internal:///(rsc)/./node_modules/.pnpm/node-firebird@1.1.9/node_modules/node-firebird/lib/wire/connection.js:172:21)
    at loop (webpack-internal:///(rsc)/./node_modules/.pnpm/node-firebird@1.1.9/node_modules/node-firebird/lib/wire/connection.js:232:29)
    at parseOpResponse (webpack-internal:///(rsc)/./node_modules/.pnpm/node-firebird@1.1.9/node_modules/node-firebird/lib/wire/connection.js:515:29)
    at decodeResponse (webpack-internal:///(rsc)/./node_modules/.pnpm/node-firebird@1.1.9/node_modules/node-firebird/lib/wire/connection.js:237:24)
    at Socket.eval (webpack-internal:///(rsc)/./node_modules/.pnpm/node-firebird@1.1.9/node_modules/node-firebird/lib/wire/connection.js:149:13)
    at Socket.emit (node:events:518:28)
    at addChunk (node:internal/streams/readable:559:12)
    at readableAddChunkPushByteMode (node:internal/streams/readable:510:3)
    at Readable.push (node:internal/streams/readable:390:5)
    at TCP.onStreamRead (node:internal/stream_base_commons:190:23)
    at TCP.callbackTrampoline (node:internal/async_hooks:130:17)
[2025-09-22 08:53:42] [INFO] [qcka9r67] Iniciando GET /api/articulos
[2025-09-22 08:53:42] [DEBUG] [qcka9r67] q recibido: "12"
[2025-09-22 08:53:42] [INFO] [qcka9r67] Solicitud sin token (endpoint público)
[2025-09-22 08:53:42] [DEBUG] Ejecutando consulta: SELECT FIRST 10 ca.CLAVE_ARTICULO, a.NOMBRE FROM CLAVES_ARTICULOS ca INNER JOIN ARTICULOS a ON a.ARTICULO_ID = ca.ARTICULO_ID WHERE UPPER(ca.CLAVE_ARTICULO) LIKE UPPER(?) OR UPPER(a.NOMBRE) LIKE UPPER(?) ORDER BY a.NOMBRE con parámetros: ["%12%","%12%"]
[2025-09-22 08:53:44] [DEBUG] Consulta OK. Filas: 0
[2025-09-22 08:53:44] [INFO] [qcka9r67] Búsqueda completada. Coincidencias: 0
[2025-09-22 09:02:04] [INFO] [bhh8n7bg] GET /api/tamano_etiqueta
[2025-09-22 09:02:04] [DEBUG] [bhh8n7bg] Listando todas las etiquetas
[2025-09-22 09:02:04] [DEBUG] SQL: SELECT ek.ETIQUETA_ID, ek.NOMBRE, ek.WIDTH, ek.HEIGHT, ek.MARGEN, ek.ALTO_BARRA, ek.FONT_SIZE_CLAVE_ARTICULO FROM ETIQUETAS_KRKN ek ORDER BY ek.NOMBRE | params: []
[2025-09-22 09:02:05] [DEBUG] Consulta OK. Filas: 0
[2025-09-22 09:04:27] [INFO] [k7808hff] GET /api/tamano_etiqueta
[2025-09-22 09:04:27] [DEBUG] [k7808hff] Listando todas las etiquetas
[2025-09-22 09:04:27] [DEBUG] SQL: SELECT ek.ETIQUETA_ID, ek.NOMBRE, ek.WIDTH, ek.HEIGHT, ek.MARGEN, ek.ALTO_BARRA, ek.FONT_SIZE_CLAVE_ARTICULO FROM ETIQUETAS_KRKN ek ORDER BY ek.NOMBRE | params: []
[2025-09-22 09:04:28] [DEBUG] Consulta OK. Filas: 0
[2025-09-22 09:04:38] [INFO] [o7a3n1mn] GET /api/tamano_etiqueta
[2025-09-22 09:04:38] [DEBUG] [o7a3n1mn] Listando todas las etiquetas
[2025-09-22 09:04:38] [DEBUG] SQL: SELECT ek.ETIQUETA_ID, ek.NOMBRE, ek.WIDTH, ek.HEIGHT, ek.MARGEN, ek.ALTO_BARRA, ek.FONT_SIZE_CLAVE_ARTICULO FROM ETIQUETAS_KRKN ek ORDER BY ek.NOMBRE | params: []
[2025-09-22 09:04:39] [DEBUG] Consulta OK. Filas: 0
[2025-09-22 09:04:46] [INFO] [gmy6nv60] GET /api/tamano_etiqueta
[2025-09-22 09:04:46] [DEBUG] [gmy6nv60] Listando todas las etiquetas
[2025-09-22 09:04:46] [DEBUG] SQL: SELECT ek.ETIQUETA_ID, ek.NOMBRE, ek.WIDTH, ek.HEIGHT, ek.MARGEN, ek.ALTO_BARRA, ek.FONT_SIZE_CLAVE_ARTICULO FROM ETIQUETAS_KRKN ek ORDER BY ek.NOMBRE | params: []
[2025-09-22 09:04:47] [ERROR] Error conectando a Firebird: Your user name and password are not defined. Ask your database
administrator to set up a Firebird login

[2025-09-22 09:04:47] [ERROR] Error GET /api/tamano_etiqueta: Your user name and password are not defined. Ask your database
administrator to set up a Firebird login

[2025-09-22 09:04:47] [DEBUG] Stack: Error: Your user name and password are not defined. Ask your database
administrator to set up a Firebird login

    at doCallback (webpack-internal:///(rsc)/./node_modules/.pnpm/node-firebird@1.1.9/node_modules/node-firebird/lib/callback.js:23:21)
    at eval (webpack-internal:///(rsc)/./node_modules/.pnpm/node-firebird@1.1.9/node_modules/node-firebird/lib/wire/connection.js:172:21)
    at loop (webpack-internal:///(rsc)/./node_modules/.pnpm/node-firebird@1.1.9/node_modules/node-firebird/lib/wire/connection.js:232:29)
    at parseOpResponse (webpack-internal:///(rsc)/./node_modules/.pnpm/node-firebird@1.1.9/node_modules/node-firebird/lib/wire/connection.js:515:29)
    at decodeResponse (webpack-internal:///(rsc)/./node_modules/.pnpm/node-firebird@1.1.9/node_modules/node-firebird/lib/wire/connection.js:237:24)
    at Socket.eval (webpack-internal:///(rsc)/./node_modules/.pnpm/node-firebird@1.1.9/node_modules/node-firebird/lib/wire/connection.js:149:13)
    at Socket.emit (node:events:518:28)
    at addChunk (node:internal/streams/readable:559:12)
    at readableAddChunkPushByteMode (node:internal/streams/readable:510:3)
    at Readable.push (node:internal/streams/readable:390:5)
    at TCP.onStreamRead (node:internal/stream_base_commons:190:23)
    at TCP.callbackTrampoline (node:internal/async_hooks:130:17)
[2025-09-22 09:05:00] [INFO] [35zjtcza] GET /api/tamano_etiqueta
[2025-09-22 09:05:00] [DEBUG] [35zjtcza] Listando todas las etiquetas
[2025-09-22 09:05:00] [DEBUG] SQL: SELECT ek.ETIQUETA_ID, ek.NOMBRE, ek.WIDTH, ek.HEIGHT, ek.MARGEN, ek.ALTO_BARRA, ek.FONT_SIZE_CLAVE_ARTICULO FROM ETIQUETAS_KRKN ek ORDER BY ek.NOMBRE | params: []
[2025-09-22 09:05:02] [DEBUG] Consulta OK. Filas: 0
[2025-09-22 09:06:43] [INFO] [rbs8j3ve] GET /api/tamano_etiqueta
[2025-09-22 09:06:43] [DEBUG] [rbs8j3ve] Listando todas las etiquetas
[2025-09-22 09:06:43] [DEBUG] SQL: SELECT ek.ETIQUETA_ID, ek.NOMBRE, ek.WIDTH, ek.HEIGHT, ek.MARGEN, ek.ALTO_BARRA, ek.FONT_SIZE_CLAVE_ARTICULO FROM ETIQUETAS_KRKN ek ORDER BY ek.NOMBRE | params: []
[2025-09-22 09:06:45] [DEBUG] Consulta OK. Filas: 0
[2025-09-22 09:08:08] [INFO] [av910li3] GET /api/tamano_etiqueta
[2025-09-22 09:08:08] [DEBUG] [av910li3] Listando todas las etiquetas
[2025-09-22 09:08:08] [DEBUG] SQL: SELECT ek.ETIQUETA_ID, ek.NOMBRE, ek.WIDTH, ek.HEIGHT, ek.MARGEN, ek.ALTO_BARRA, ek.FONT_SIZE_CLAVE_ARTICULO FROM ETIQUETAS_KRKN ek ORDER BY ek.NOMBRE | params: []
[2025-09-22 09:08:10] [DEBUG] Consulta OK. Filas: 0
[2025-09-22 09:08:10] [INFO] [cdz50v7u] Iniciando GET /api/articulos
[2025-09-22 09:08:10] [DEBUG] [cdz50v7u] q recibido: "12"
[2025-09-22 09:08:10] [INFO] [cdz50v7u] Solicitud sin token (endpoint público)
[2025-09-22 09:08:10] [DEBUG] Ejecutando consulta: SELECT FIRST 10 ca.CLAVE_ARTICULO, a.NOMBRE FROM CLAVES_ARTICULOS ca INNER JOIN ARTICULOS a ON a.ARTICULO_ID = ca.ARTICULO_ID WHERE UPPER(ca.CLAVE_ARTICULO) LIKE UPPER(?) OR UPPER(a.NOMBRE) LIKE UPPER(?) ORDER BY a.NOMBRE con parámetros: ["%12%","%12%"]
[2025-09-22 09:08:12] [DEBUG] Consulta OK. Filas: 0
[2025-09-22 09:08:12] [INFO] [cdz50v7u] Búsqueda completada. Coincidencias: 0
[2025-09-22 09:16:00] [INFO] [j6nxwqq7] GET /api/tamano_etiqueta
[2025-09-22 09:16:00] [DEBUG] [j6nxwqq7] Listando todas las etiquetas
[2025-09-22 09:16:00] [DEBUG] SQL: SELECT ek.ETIQUETA_ID, ek.NOMBRE, ek.WIDTH, ek.HEIGHT, ek.MARGEN, ek.ALTO_BARRA, ek.FONT_SIZE_CLAVE_ARTICULO FROM ETIQUETAS_KRKN ek ORDER BY ek.NOMBRE | params: []
[2025-09-22 09:16:01] [DEBUG] Consulta OK. Filas: 0
[2025-09-22 09:16:17] [INFO] [si356xjm] GET /api/tamano_etiqueta
[2025-09-22 09:16:17] [DEBUG] [si356xjm] Listando todas las etiquetas
[2025-09-22 09:16:17] [DEBUG] SQL: SELECT ek.ETIQUETA_ID, ek.NOMBRE, ek.WIDTH, ek.HEIGHT, ek.MARGEN, ek.ALTO_BARRA, ek.FONT_SIZE_CLAVE_ARTICULO FROM ETIQUETAS_KRKN ek ORDER BY ek.NOMBRE | params: []
[2025-09-22 09:16:18] [DEBUG] Consulta OK. Filas: 0
[2025-09-22 09:25:30] [INFO] [evz3x1ai] Iniciando GET /api/articulos
[2025-09-22 09:25:30] [DEBUG] [evz3x1ai] q recibido: "tenis"
[2025-09-22 09:25:30] [INFO] [evz3x1ai] Solicitud sin token (endpoint público)
[2025-09-22 09:25:30] [DEBUG] Ejecutando consulta: SELECT FIRST 10 ca.CLAVE_ARTICULO, a.NOMBRE FROM CLAVES_ARTICULOS ca INNER JOIN ARTICULOS a ON a.ARTICULO_ID = ca.ARTICULO_ID WHERE UPPER(ca.CLAVE_ARTICULO) LIKE UPPER(?) OR UPPER(a.NOMBRE) LIKE UPPER(?) ORDER BY a.NOMBRE con parámetros: ["%tenis%","%tenis%"]
[2025-09-22 09:25:32] [DEBUG] Consulta OK. Filas: 10
[2025-09-22 09:25:32] [INFO] [evz3x1ai] Búsqueda completada. Coincidencias: 10
[2025-09-22 09:45:40] [INFO] [gzkn1wjk] GET /api/tamano_etiqueta
[2025-09-22 09:45:40] [DEBUG] [gzkn1wjk] Listando todas las etiquetas
[2025-09-22 09:45:40] [DEBUG] SQL: SELECT ek.ETIQUETA_ID, ek.NOMBRE, ek.WIDTH, ek.HEIGHT, ek.MARGEN, ek.ALTO_BARRA, ek.FONT_SIZE_CLAVE_ARTICULO FROM ETIQUETAS_KRKN ek ORDER BY ek.NOMBRE | params: []
[2025-09-22 09:45:42] [DEBUG] Consulta OK. Filas: 0
[2025-09-22 09:45:51] [INFO] [z1ne4vif] GET /api/tamano_etiqueta
[2025-09-22 09:45:51] [DEBUG] [z1ne4vif] Listando todas las etiquetas
[2025-09-22 09:45:51] [DEBUG] SQL: SELECT ek.ETIQUETA_ID, ek.NOMBRE, ek.WIDTH, ek.HEIGHT, ek.MARGEN, ek.ALTO_BARRA, ek.FONT_SIZE_CLAVE_ARTICULO FROM ETIQUETAS_KRKN ek ORDER BY ek.NOMBRE | params: []
[2025-09-22 09:45:53] [DEBUG] Consulta OK. Filas: 0
[2025-09-22 09:50:27] [INFO] [j282f17b] Iniciando GET /api/articulos
[2025-09-22 09:50:27] [DEBUG] [j282f17b] q recibido: "12"
[2025-09-22 09:50:27] [INFO] [j282f17b] Solicitud sin token (endpoint público)
[2025-09-22 09:50:27] [DEBUG] Ejecutando consulta: SELECT FIRST 10 ca.CLAVE_ARTICULO, a.NOMBRE FROM CLAVES_ARTICULOS ca INNER JOIN ARTICULOS a ON a.ARTICULO_ID = ca.ARTICULO_ID WHERE UPPER(ca.CLAVE_ARTICULO) LIKE UPPER(?) OR UPPER(a.NOMBRE) LIKE UPPER(?) ORDER BY a.NOMBRE con parámetros: ["%12%","%12%"]
[2025-09-22 09:50:28] [INFO] [rzkljk8o] Iniciando GET /api/articulos
[2025-09-22 09:50:28] [DEBUG] [rzkljk8o] q recibido: "12"
[2025-09-22 09:50:28] [INFO] [rzkljk8o] Solicitud sin token (endpoint público)
[2025-09-22 09:50:28] [DEBUG] Ejecutando consulta: SELECT FIRST 10 ca.CLAVE_ARTICULO, a.NOMBRE FROM CLAVES_ARTICULOS ca INNER JOIN ARTICULOS a ON a.ARTICULO_ID = ca.ARTICULO_ID WHERE UPPER(ca.CLAVE_ARTICULO) LIKE UPPER(?) OR UPPER(a.NOMBRE) LIKE UPPER(?) ORDER BY a.NOMBRE con parámetros: ["%12%","%12%"]
[2025-09-22 09:50:29] [DEBUG] Consulta OK. Filas: 0
[2025-09-22 09:50:29] [INFO] [j282f17b] Búsqueda completada. Coincidencias: 0
[2025-09-22 09:50:30] [DEBUG] Consulta OK. Filas: 0
[2025-09-22 09:50:30] [INFO] [rzkljk8o] Búsqueda completada. Coincidencias: 0
[2025-09-22 09:50:32] [INFO] [8vgu2ooc] Iniciando GET /api/articulos
[2025-09-22 09:50:32] [DEBUG] [8vgu2ooc] q recibido: "tenis"
[2025-09-22 09:50:32] [INFO] [8vgu2ooc] Solicitud sin token (endpoint público)
[2025-09-22 09:50:32] [DEBUG] Ejecutando consulta: SELECT FIRST 10 ca.CLAVE_ARTICULO, a.NOMBRE FROM CLAVES_ARTICULOS ca INNER JOIN ARTICULOS a ON a.ARTICULO_ID = ca.ARTICULO_ID WHERE UPPER(ca.CLAVE_ARTICULO) LIKE UPPER(?) OR UPPER(a.NOMBRE) LIKE UPPER(?) ORDER BY a.NOMBRE con parámetros: ["%tenis%","%tenis%"]
[2025-09-22 09:50:34] [DEBUG] Consulta OK. Filas: 10
[2025-09-22 09:50:34] [INFO] [8vgu2ooc] Búsqueda completada. Coincidencias: 10
[2025-09-22 09:52:11] [INFO] [ktm92rnh] GET /api/tamano_etiqueta
[2025-09-22 09:52:11] [DEBUG] [ktm92rnh] Listando todas las etiquetas
[2025-09-22 09:52:11] [DEBUG] SQL: SELECT ek.ETIQUETA_ID, ek.NOMBRE, ek.WIDTH, ek.HEIGHT, ek.MARGEN, ek.ALTO_BARRA, ek.FONT_SIZE_CLAVE_ARTICULO FROM ETIQUETAS_KRKN ek ORDER BY ek.NOMBRE | params: []
[2025-09-22 09:52:13] [DEBUG] Consulta OK. Filas: 0
[2025-09-22 09:56:30] [INFO] [nr4j04od] GET /api/tamano_etiqueta
[2025-09-22 09:56:30] [DEBUG] [nr4j04od] Listando todas las etiquetas
[2025-09-22 09:56:30] [DEBUG] SQL: SELECT ek.ETIQUETA_ID, ek.NOMBRE, ek.WIDTH, ek.HEIGHT, ek.MARGEN, ek.ALTO_BARRA, ek.FONT_SIZE_CLAVE_ARTICULO FROM ETIQUETAS_KRKN ek ORDER BY ek.NOMBRE | params: []
[2025-09-22 09:56:32] [DEBUG] Consulta OK. Filas: 0
[2025-09-22 09:56:32] [INFO] [brhsr9ew] Iniciando GET /api/articulos
[2025-09-22 09:56:32] [DEBUG] [brhsr9ew] q recibido: "12"
[2025-09-22 09:56:32] [INFO] [brhsr9ew] Solicitud sin token (endpoint público)
[2025-09-22 09:56:32] [DEBUG] Ejecutando consulta: SELECT FIRST 10 ca.CLAVE_ARTICULO, a.NOMBRE FROM CLAVES_ARTICULOS ca INNER JOIN ARTICULOS a ON a.ARTICULO_ID = ca.ARTICULO_ID WHERE UPPER(ca.CLAVE_ARTICULO) LIKE UPPER(?) OR UPPER(a.NOMBRE) LIKE UPPER(?) ORDER BY a.NOMBRE con parámetros: ["%12%","%12%"]
[2025-09-22 09:56:34] [DEBUG] Consulta OK. Filas: 0
[2025-09-22 09:56:34] [INFO] [brhsr9ew] Búsqueda completada. Coincidencias: 0
[2025-09-22 09:57:04] [INFO] [tslywuva] GET /api/tamano_etiqueta
[2025-09-22 09:57:04] [DEBUG] [tslywuva] Listando todas las etiquetas
[2025-09-22 09:57:04] [DEBUG] SQL: SELECT ek.ETIQUETA_ID, ek.NOMBRE, ek.WIDTH, ek.HEIGHT, ek.MARGEN, ek.ALTO_BARRA, ek.FONT_SIZE_CLAVE_ARTICULO FROM ETIQUETAS_KRKN ek ORDER BY ek.NOMBRE | params: []
[2025-09-22 09:57:05] [DEBUG] Consulta OK. Filas: 0
[2025-09-22 09:57:09] [INFO] [pxorvgek] Iniciando GET /api/articulos
[2025-09-22 09:57:09] [DEBUG] [pxorvgek] q recibido: "12"
[2025-09-22 09:57:09] [INFO] [pxorvgek] Solicitud sin token (endpoint público)
[2025-09-22 09:57:09] [DEBUG] Ejecutando consulta: SELECT FIRST 10 ca.CLAVE_ARTICULO, a.NOMBRE FROM CLAVES_ARTICULOS ca INNER JOIN ARTICULOS a ON a.ARTICULO_ID = ca.ARTICULO_ID WHERE UPPER(ca.CLAVE_ARTICULO) LIKE UPPER(?) OR UPPER(a.NOMBRE) LIKE UPPER(?) ORDER BY a.NOMBRE con parámetros: ["%12%","%12%"]
[2025-09-22 09:57:10] [DEBUG] Consulta OK. Filas: 0
[2025-09-22 09:57:10] [INFO] [pxorvgek] Búsqueda completada. Coincidencias: 0
[2025-09-22 09:57:28] [INFO] [brzmpj4i] GET /api/tamano_etiqueta
[2025-09-22 09:57:28] [DEBUG] [brzmpj4i] Listando todas las etiquetas
[2025-09-22 09:57:28] [DEBUG] SQL: SELECT ek.ETIQUETA_ID, ek.NOMBRE, ek.WIDTH, ek.HEIGHT, ek.MARGEN, ek.ALTO_BARRA, ek.FONT_SIZE_CLAVE_ARTICULO FROM ETIQUETAS_KRKN ek ORDER BY ek.NOMBRE | params: []
[2025-09-22 09:57:29] [DEBUG] Consulta OK. Filas: 0
[2025-09-22 09:58:43] [INFO] [y9kaxtvy] GET /api/tamano_etiqueta
[2025-09-22 09:58:43] [DEBUG] [y9kaxtvy] Listando todas las etiquetas
[2025-09-22 09:58:43] [DEBUG] SQL: SELECT ek.ETIQUETA_ID, ek.NOMBRE, ek.WIDTH, ek.HEIGHT, ek.MARGEN, ek.ALTO_BARRA, ek.FONT_SIZE_CLAVE_ARTICULO FROM ETIQUETAS_KRKN ek ORDER BY ek.NOMBRE | params: []
[2025-09-22 09:58:44] [DEBUG] Consulta OK. Filas: 0
[2025-09-22 09:59:02] [INFO] [6rowwo1i] GET /api/tamano_etiqueta
[2025-09-22 09:59:02] [DEBUG] [6rowwo1i] Listando todas las etiquetas
[2025-09-22 09:59:02] [DEBUG] SQL: SELECT ek.ETIQUETA_ID, ek.NOMBRE, ek.WIDTH, ek.HEIGHT, ek.MARGEN, ek.ALTO_BARRA, ek.FONT_SIZE_CLAVE_ARTICULO FROM ETIQUETAS_KRKN ek ORDER BY ek.NOMBRE | params: []
[2025-09-22 09:59:04] [DEBUG] Consulta OK. Filas: 0
[2025-09-22 09:59:18] [INFO] [nnhhirfq] GET /api/tamano_etiqueta
[2025-09-22 09:59:18] [DEBUG] [nnhhirfq] Listando todas las etiquetas
[2025-09-22 09:59:18] [DEBUG] SQL: SELECT ek.ETIQUETA_ID, ek.NOMBRE, ek.WIDTH, ek.HEIGHT, ek.MARGEN, ek.ALTO_BARRA, ek.FONT_SIZE_CLAVE_ARTICULO FROM ETIQUETAS_KRKN ek ORDER BY ek.NOMBRE | params: []
[2025-09-22 09:59:19] [DEBUG] Consulta OK. Filas: 0
[2025-09-22 09:59:27] [INFO] [r8hsppdl] GET /api/tamano_etiqueta
[2025-09-22 09:59:27] [DEBUG] [r8hsppdl] Listando todas las etiquetas
[2025-09-22 09:59:27] [DEBUG] SQL: SELECT ek.ETIQUETA_ID, ek.NOMBRE, ek.WIDTH, ek.HEIGHT, ek.MARGEN, ek.ALTO_BARRA, ek.FONT_SIZE_CLAVE_ARTICULO FROM ETIQUETAS_KRKN ek ORDER BY ek.NOMBRE | params: []
[2025-09-22 09:59:28] [DEBUG] Consulta OK. Filas: 0
[2025-09-22 09:59:31] [INFO] [8bf31tn6] GET /api/tamano_etiqueta
[2025-09-22 09:59:31] [DEBUG] [8bf31tn6] Listando todas las etiquetas
[2025-09-22 09:59:31] [DEBUG] SQL: SELECT ek.ETIQUETA_ID, ek.NOMBRE, ek.WIDTH, ek.HEIGHT, ek.MARGEN, ek.ALTO_BARRA, ek.FONT_SIZE_CLAVE_ARTICULO FROM ETIQUETAS_KRKN ek ORDER BY ek.NOMBRE | params: []
[2025-09-22 09:59:33] [DEBUG] Consulta OK. Filas: 0
[2025-09-22 09:59:37] [INFO] [gwv8nlci] GET /api/tamano_etiqueta
[2025-09-22 09:59:37] [DEBUG] [gwv8nlci] Listando todas las etiquetas
[2025-09-22 09:59:37] [DEBUG] SQL: SELECT ek.ETIQUETA_ID, ek.NOMBRE, ek.WIDTH, ek.HEIGHT, ek.MARGEN, ek.ALTO_BARRA, ek.FONT_SIZE_CLAVE_ARTICULO FROM ETIQUETAS_KRKN ek ORDER BY ek.NOMBRE | params: []
[2025-09-22 09:59:39] [DEBUG] Consulta OK. Filas: 0
[2025-09-22 10:00:33] [INFO] [pdxrvpqj] GET /api/tamano_etiqueta
[2025-09-22 10:00:33] [DEBUG] [pdxrvpqj] Listando todas las etiquetas
[2025-09-22 10:00:33] [DEBUG] SQL: SELECT ek.ETIQUETA_ID, ek.NOMBRE, ek.WIDTH, ek.HEIGHT, ek.MARGEN, ek.ALTO_BARRA, ek.FONT_SIZE_CLAVE_ARTICULO FROM ETIQUETAS_KRKN ek ORDER BY ek.NOMBRE | params: []
[2025-09-22 10:00:33] [ERROR] Error conectando a Firebird: Your user name and password are not defined. Ask your database
administrator to set up a Firebird login

[2025-09-22 10:00:33] [ERROR] Error GET /api/tamano_etiqueta: Your user name and password are not defined. Ask your database
administrator to set up a Firebird login

[2025-09-22 10:00:33] [DEBUG] Stack: Error: Your user name and password are not defined. Ask your database
administrator to set up a Firebird login

    at doCallback (webpack-internal:///(rsc)/./node_modules/.pnpm/node-firebird@1.1.9/node_modules/node-firebird/lib/callback.js:23:21)
    at eval (webpack-internal:///(rsc)/./node_modules/.pnpm/node-firebird@1.1.9/node_modules/node-firebird/lib/wire/connection.js:172:21)
    at loop (webpack-internal:///(rsc)/./node_modules/.pnpm/node-firebird@1.1.9/node_modules/node-firebird/lib/wire/connection.js:232:29)
    at parseOpResponse (webpack-internal:///(rsc)/./node_modules/.pnpm/node-firebird@1.1.9/node_modules/node-firebird/lib/wire/connection.js:515:29)
    at decodeResponse (webpack-internal:///(rsc)/./node_modules/.pnpm/node-firebird@1.1.9/node_modules/node-firebird/lib/wire/connection.js:237:24)
    at Socket.eval (webpack-internal:///(rsc)/./node_modules/.pnpm/node-firebird@1.1.9/node_modules/node-firebird/lib/wire/connection.js:149:13)
    at Socket.emit (node:events:518:28)
    at addChunk (node:internal/streams/readable:559:12)
    at readableAddChunkPushByteMode (node:internal/streams/readable:510:3)
    at Readable.push (node:internal/streams/readable:390:5)
    at TCP.onStreamRead (node:internal/stream_base_commons:190:23)
    at TCP.callbackTrampoline (node:internal/async_hooks:130:17)
[2025-09-22 10:00:47] [INFO] [swh2daqo] GET /api/tamano_etiqueta
[2025-09-22 10:00:47] [DEBUG] [swh2daqo] Listando todas las etiquetas
[2025-09-22 10:00:47] [DEBUG] SQL: SELECT ek.ETIQUETA_ID, ek.NOMBRE, ek.WIDTH, ek.HEIGHT, ek.MARGEN, ek.ALTO_BARRA, ek.FONT_SIZE_CLAVE_ARTICULO FROM ETIQUETAS_KRKN ek ORDER BY ek.NOMBRE | params: []
[2025-09-22 10:00:49] [DEBUG] Consulta OK. Filas: 0
[2025-09-22 10:01:05] [INFO] [ipnpo24l] GET /api/tamano_etiqueta
[2025-09-22 10:01:05] [DEBUG] [ipnpo24l] Listando todas las etiquetas
[2025-09-22 10:01:05] [DEBUG] SQL: SELECT ek.ETIQUETA_ID, ek.NOMBRE, ek.WIDTH, ek.HEIGHT, ek.MARGEN, ek.ALTO_BARRA, ek.FONT_SIZE_CLAVE_ARTICULO FROM ETIQUETAS_KRKN ek ORDER BY ek.NOMBRE | params: []
[2025-09-22 10:01:07] [DEBUG] Consulta OK. Filas: 0
[2025-09-22 10:01:18] [INFO] [wqvluy0d] GET /api/tamano_etiqueta
[2025-09-22 10:01:18] [DEBUG] [wqvluy0d] Listando todas las etiquetas
[2025-09-22 10:01:18] [DEBUG] SQL: SELECT ek.ETIQUETA_ID, ek.NOMBRE, ek.WIDTH, ek.HEIGHT, ek.MARGEN, ek.ALTO_BARRA, ek.FONT_SIZE_CLAVE_ARTICULO FROM ETIQUETAS_KRKN ek ORDER BY ek.NOMBRE | params: []
[2025-09-22 10:01:20] [DEBUG] Consulta OK. Filas: 0
[2025-09-22 10:04:40] [INFO] [5myghdce] GET /api/tamano_etiqueta
[2025-09-22 10:04:40] [DEBUG] [5myghdce] Listando todas las etiquetas
[2025-09-22 10:04:40] [DEBUG] SQL: SELECT ek.ETIQUETA_ID, ek.NOMBRE, ek.WIDTH, ek.HEIGHT, ek.MARGEN, ek.ALTO_BARRA, ek.FONT_SIZE_CLAVE_ARTICULO FROM ETIQUETAS_KRKN ek ORDER BY ek.NOMBRE | params: []
[2025-09-22 10:04:42] [DEBUG] Consulta OK. Filas: 0
[2025-09-22 10:05:05] [INFO] [nyjl3ee5] GET /api/tamano_etiqueta
[2025-09-22 10:05:05] [DEBUG] [nyjl3ee5] Listando todas las etiquetas
[2025-09-22 10:05:05] [DEBUG] SQL: SELECT ek.ETIQUETA_ID, ek.NOMBRE, ek.WIDTH, ek.HEIGHT, ek.MARGEN, ek.ALTO_BARRA, ek.FONT_SIZE_CLAVE_ARTICULO FROM ETIQUETAS_KRKN ek ORDER BY ek.NOMBRE | params: []
[2025-09-22 10:05:07] [DEBUG] Consulta OK. Filas: 0
[2025-09-22 10:05:23] [INFO] [gqll2d2d] GET /api/tamano_etiqueta
[2025-09-22 10:05:23] [DEBUG] [gqll2d2d] Listando todas las etiquetas
[2025-09-22 10:05:23] [DEBUG] SQL: SELECT ek.ETIQUETA_ID, ek.NOMBRE, ek.WIDTH, ek.HEIGHT, ek.MARGEN, ek.ALTO_BARRA, ek.FONT_SIZE_CLAVE_ARTICULO FROM ETIQUETAS_KRKN ek ORDER BY ek.NOMBRE | params: []
[2025-09-22 10:05:25] [DEBUG] Consulta OK. Filas: 0
[2025-09-22 10:05:31] [INFO] [hid4r72q] GET /api/tamano_etiqueta
[2025-09-22 10:05:31] [DEBUG] [hid4r72q] Listando todas las etiquetas
[2025-09-22 10:05:31] [DEBUG] SQL: SELECT ek.ETIQUETA_ID, ek.NOMBRE, ek.WIDTH, ek.HEIGHT, ek.MARGEN, ek.ALTO_BARRA, ek.FONT_SIZE_CLAVE_ARTICULO FROM ETIQUETAS_KRKN ek ORDER BY ek.NOMBRE | params: []
[2025-09-22 10:05:32] [DEBUG] Consulta OK. Filas: 0
[2025-09-22 10:05:46] [INFO] [c5q6j12a] GET /api/tamano_etiqueta
[2025-09-22 10:05:46] [DEBUG] [c5q6j12a] Listando todas las etiquetas
[2025-09-22 10:05:46] [DEBUG] SQL: SELECT ek.ETIQUETA_ID, ek.NOMBRE, ek.WIDTH, ek.HEIGHT, ek.MARGEN, ek.ALTO_BARRA, ek.FONT_SIZE_CLAVE_ARTICULO FROM ETIQUETAS_KRKN ek ORDER BY ek.NOMBRE | params: []
[2025-09-22 10:05:48] [DEBUG] Consulta OK. Filas: 0
[2025-09-22 10:06:14] [INFO] [dsflmk2o] GET /api/tamano_etiqueta
[2025-09-22 10:06:14] [DEBUG] [dsflmk2o] Listando todas las etiquetas
[2025-09-22 10:06:14] [DEBUG] SQL: SELECT ek.ETIQUETA_ID, ek.NOMBRE, ek.WIDTH, ek.HEIGHT, ek.MARGEN, ek.ALTO_BARRA, ek.FONT_SIZE_CLAVE_ARTICULO FROM ETIQUETAS_KRKN ek ORDER BY ek.NOMBRE | params: []
[2025-09-22 10:06:15] [DEBUG] Consulta OK. Filas: 0
