[2025-09-26 12:13:01] [INFO] [9xl61yhd] GET /api/buscar_folio
[2025-09-26 12:13:01] [DEBUG] [9xl61yhd] folio recibido='FCT20179' -> normalizado='FCT020179'
[2025-09-26 12:13:01] [DEBUG] SQL: SELECT DV.FOLIO, DV.PESO_EMBARQUE, S.NOMBRE AS SUCURSAL, VE.NOMBRE AS VIA_EMBARQUE, C.NOMBRE AS CLIENTE, DC.NOMBRE_CALLE, DC.COLONIA, E.NOMBRE AS CIUDAD, DC.CODIGO_POSTAL FROM DOCTOS_VE DV INNER JOIN CLIENTES C ON C.CLIENTE_ID = DV.CLIENTE_ID INNER JOIN DIRS_CLIENTES DC ON DC.DIR_CLI_ID = DV.DIR_CONSIG_ID INNER JOIN SUCURSALES S ON S.SUCURSAL_ID = DV.SUCURSAL_ID INNER JOIN VIAS_EMBARQUE VE ON VE.VIA_EMBARQUE_ID = DV.VIA_EMBARQUE_ID INNER JOIN ESTADOS E ON E.ESTADO_ID = DC.ESTADO_ID WHERE DV.FOLIO = ? | params: ["FCT020179"]
[2025-09-26 12:13:02] [ERROR] Conexión FB error: Your user name and password are not defined. Ask your database
administrator to set up a Firebird login

[2025-09-26 12:13:02] [ERROR] GET /api/buscar_folio ERROR: Your user name and password are not defined. Ask your database
administrator to set up a Firebird login

[2025-09-26 12:13:02] [DEBUG] STACK: Error: Your user name and password are not defined. Ask your database
administrator to set up a Firebird login

    at doCallback (webpack-internal:///(rsc)/./node_modules/.pnpm/node-firebird@1.1.9/node_modules/node-firebird/lib/callback.js:23:21)
    at eval (webpack-internal:///(rsc)/./node_modules/.pnpm/node-firebird@1.1.9/node_modules/node-firebird/lib/wire/connection.js:172:21)
    at loop (webpack-internal:///(rsc)/./node_modules/.pnpm/node-firebird@1.1.9/node_modules/node-firebird/lib/wire/connection.js:232:29)
    at parseOpResponse (webpack-internal:///(rsc)/./node_modules/.pnpm/node-firebird@1.1.9/node_modules/node-firebird/lib/wire/connection.js:515:29)
    at decodeResponse (webpack-internal:///(rsc)/./node_modules/.pnpm/node-firebird@1.1.9/node_modules/node-firebird/lib/wire/connection.js:237:24)
    at Socket.eval (webpack-internal:///(rsc)/./node_modules/.pnpm/node-firebird@1.1.9/node_modules/node-firebird/lib/wire/connection.js:149:13)
    at Socket.emit (node:events:518:28)
    at addChunk (node:internal/streams/readable:559:12)
    at readableAddChunkPushByteMode (node:internal/streams/readable:510:3)
    at Readable.push (node:internal/streams/readable:390:5)
    at TCP.onStreamRead (node:internal/stream_base_commons:190:23)
    at TCP.callbackTrampoline (node:internal/async_hooks:130:17)
[2025-09-26 12:13:42] [INFO] [rod11xe6] GET /api/buscar_folio
[2025-09-26 12:13:42] [DEBUG] [rod11xe6] folio recibido='FCT20179' -> normalizado='FCT020179'
[2025-09-26 12:13:42] [DEBUG] SQL: SELECT DV.FOLIO, DV.PESO_EMBARQUE, S.NOMBRE AS SUCURSAL, VE.NOMBRE AS VIA_EMBARQUE, C.NOMBRE AS CLIENTE, DC.NOMBRE_CALLE, DC.COLONIA, E.NOMBRE AS CIUDAD, DC.CODIGO_POSTAL FROM DOCTOS_VE DV INNER JOIN CLIENTES C ON C.CLIENTE_ID = DV.CLIENTE_ID INNER JOIN DIRS_CLIENTES DC ON DC.DIR_CLI_ID = DV.DIR_CONSIG_ID INNER JOIN SUCURSALES S ON S.SUCURSAL_ID = DV.SUCURSAL_ID INNER JOIN VIAS_EMBARQUE VE ON VE.VIA_EMBARQUE_ID = DV.VIA_EMBARQUE_ID INNER JOIN ESTADOS E ON E.ESTADO_ID = DC.ESTADO_ID WHERE DV.FOLIO = ? | params: ["FCT020179"]
[2025-09-26 12:13:44] [DEBUG] Query OK. Filas: 1
[2025-09-26 12:13:44] [INFO] [rod11xe6] Resultados folio=FCT020179: 1
[2025-09-26 12:34:49] [INFO] [vzr05in9] GET /api/buscar_folio
[2025-09-26 12:34:49] [DEBUG] [vzr05in9] folio recibido='FCT20179' -> normalizado='FCT020179'
[2025-09-26 12:34:49] [DEBUG] SQL: SELECT DV.FOLIO, DV.PESO_EMBARQUE, S.NOMBRE AS SUCURSAL, VE.NOMBRE AS VIA_EMBARQUE, C.NOMBRE AS CLIENTE, DC.NOMBRE_CALLE, DC.COLONIA, E.NOMBRE AS CIUDAD, DC.CODIGO_POSTAL FROM DOCTOS_VE DV INNER JOIN CLIENTES C ON C.CLIENTE_ID = DV.CLIENTE_ID INNER JOIN DIRS_CLIENTES DC ON DC.DIR_CLI_ID = DV.DIR_CONSIG_ID INNER JOIN SUCURSALES S ON S.SUCURSAL_ID = DV.SUCURSAL_ID INNER JOIN VIAS_EMBARQUE VE ON VE.VIA_EMBARQUE_ID = DV.VIA_EMBARQUE_ID INNER JOIN ESTADOS E ON E.ESTADO_ID = DC.ESTADO_ID WHERE DV.FOLIO = ? | params: ["FCT020179"]
[2025-09-26 12:34:51] [DEBUG] Query OK. Filas: 1
[2025-09-26 12:34:51] [INFO] [vzr05in9] Resultados folio=FCT020179: 1
[2025-09-26 12:43:43] [INFO] [r7tqi7bz] GET /api/buscar_folio
[2025-09-26 12:43:43] [DEBUG] [r7tqi7bz] folio recibido='FCT20179' -> normalizado='FCT020179'
[2025-09-26 12:43:43] [DEBUG] SQL: SELECT DV.FOLIO, DV.PESO_EMBARQUE, S.NOMBRE AS SUCURSAL, VE.NOMBRE AS VIA_EMBARQUE, C.NOMBRE AS CLIENTE, DC.NOMBRE_CALLE, DC.COLONIA, E.NOMBRE AS CIUDAD, DC.CODIGO_POSTAL FROM DOCTOS_VE DV INNER JOIN CLIENTES C ON C.CLIENTE_ID = DV.CLIENTE_ID INNER JOIN DIRS_CLIENTES DC ON DC.DIR_CLI_ID = DV.DIR_CONSIG_ID INNER JOIN SUCURSALES S ON S.SUCURSAL_ID = DV.SUCURSAL_ID INNER JOIN VIAS_EMBARQUE VE ON VE.VIA_EMBARQUE_ID = DV.VIA_EMBARQUE_ID INNER JOIN ESTADOS E ON E.ESTADO_ID = DC.ESTADO_ID WHERE DV.FOLIO = ? | params: ["FCT020179"]
[2025-09-26 12:43:45] [DEBUG] Query OK. Filas: 1
[2025-09-26 12:43:45] [INFO] [r7tqi7bz] Resultados folio=FCT020179: 1
[2025-09-26 12:46:21] [INFO] [4u55l4ec] GET /api/buscar_folio
[2025-09-26 12:46:21] [DEBUG] [4u55l4ec] folio recibido='FCT20179' -> normalizado='FCT020179'
[2025-09-26 12:46:21] [DEBUG] SQL: SELECT DV.FOLIO, DV.PESO_EMBARQUE, S.NOMBRE AS SUCURSAL, VE.NOMBRE AS VIA_EMBARQUE, C.NOMBRE AS CLIENTE, DC.NOMBRE_CALLE, DC.COLONIA, E.NOMBRE AS CIUDAD, DC.CODIGO_POSTAL FROM DOCTOS_VE DV INNER JOIN CLIENTES C ON C.CLIENTE_ID = DV.CLIENTE_ID INNER JOIN DIRS_CLIENTES DC ON DC.DIR_CLI_ID = DV.DIR_CONSIG_ID INNER JOIN SUCURSALES S ON S.SUCURSAL_ID = DV.SUCURSAL_ID INNER JOIN VIAS_EMBARQUE VE ON VE.VIA_EMBARQUE_ID = DV.VIA_EMBARQUE_ID INNER JOIN ESTADOS E ON E.ESTADO_ID = DC.ESTADO_ID WHERE DV.FOLIO = ? | params: ["FCT020179"]
[2025-09-26 12:46:24] [DEBUG] Query OK. Filas: 1
[2025-09-26 12:46:24] [INFO] [4u55l4ec] Resultados folio=FCT020179: 1
[2025-09-26 13:17:35] [INFO] [zznoggvf] GET /api/buscar_folio
[2025-09-26 13:17:35] [DEBUG] [zznoggvf] folio recibido='FCT20179' -> normalizado='FCT020179'
[2025-09-26 13:17:35] [DEBUG] SQL: SELECT DV.FOLIO, DV.PESO_EMBARQUE, S.NOMBRE AS SUCURSAL, VE.NOMBRE AS VIA_EMBARQUE, C.NOMBRE AS CLIENTE, DC.NOMBRE_CALLE, DC.COLONIA, E.NOMBRE AS CIUDAD, DC.CODIGO_POSTAL FROM DOCTOS_VE DV INNER JOIN CLIENTES C ON C.CLIENTE_ID = DV.CLIENTE_ID INNER JOIN DIRS_CLIENTES DC ON DC.DIR_CLI_ID = DV.DIR_CONSIG_ID INNER JOIN SUCURSALES S ON S.SUCURSAL_ID = DV.SUCURSAL_ID INNER JOIN VIAS_EMBARQUE VE ON VE.VIA_EMBARQUE_ID = DV.VIA_EMBARQUE_ID INNER JOIN ESTADOS E ON E.ESTADO_ID = DC.ESTADO_ID WHERE DV.FOLIO = ? | params: ["FCT020179"]
[2025-09-26 13:17:38] [DEBUG] Query OK. Filas: 1
[2025-09-26 13:17:38] [INFO] [zznoggvf] Resultados folio=FCT020179: 1
[2025-09-26 13:25:46] [INFO] [em039gw0] GET /api/buscar_folio
[2025-09-26 13:25:46] [DEBUG] [em039gw0] folio recibido='FCT20179' -> normalizado='FCT020179'
[2025-09-26 13:25:46] [DEBUG] SQL: SELECT DV.FOLIO, DV.PESO_EMBARQUE, S.NOMBRE AS SUCURSAL, VE.NOMBRE AS VIA_EMBARQUE, C.NOMBRE AS CLIENTE, DC.NOMBRE_CALLE, DC.COLONIA, E.NOMBRE AS CIUDAD, DC.CODIGO_POSTAL FROM DOCTOS_VE DV INNER JOIN CLIENTES C ON C.CLIENTE_ID = DV.CLIENTE_ID INNER JOIN DIRS_CLIENTES DC ON DC.DIR_CLI_ID = DV.DIR_CONSIG_ID INNER JOIN SUCURSALES S ON S.SUCURSAL_ID = DV.SUCURSAL_ID INNER JOIN VIAS_EMBARQUE VE ON VE.VIA_EMBARQUE_ID = DV.VIA_EMBARQUE_ID INNER JOIN ESTADOS E ON E.ESTADO_ID = DC.ESTADO_ID WHERE DV.FOLIO = ? | params: ["FCT020179"]
[2025-09-26 13:25:48] [DEBUG] Query OK. Filas: 1
[2025-09-26 13:25:48] [INFO] [em039gw0] Resultados folio=FCT020179: 1
[2025-09-26 13:26:16] [INFO] [757bxsnr] GET /api/buscar_folio
[2025-09-26 13:26:16] [DEBUG] [757bxsnr] folio recibido='FCT20179' -> normalizado='FCT020179'
[2025-09-26 13:26:16] [DEBUG] SQL: SELECT DV.FOLIO, DV.PESO_EMBARQUE, S.NOMBRE AS SUCURSAL, VE.NOMBRE AS VIA_EMBARQUE, C.NOMBRE AS CLIENTE, DC.NOMBRE_CALLE, DC.COLONIA, E.NOMBRE AS CIUDAD, DC.CODIGO_POSTAL FROM DOCTOS_VE DV INNER JOIN CLIENTES C ON C.CLIENTE_ID = DV.CLIENTE_ID INNER JOIN DIRS_CLIENTES DC ON DC.DIR_CLI_ID = DV.DIR_CONSIG_ID INNER JOIN SUCURSALES S ON S.SUCURSAL_ID = DV.SUCURSAL_ID INNER JOIN VIAS_EMBARQUE VE ON VE.VIA_EMBARQUE_ID = DV.VIA_EMBARQUE_ID INNER JOIN ESTADOS E ON E.ESTADO_ID = DC.ESTADO_ID WHERE DV.FOLIO = ? | params: ["FCT020179"]
[2025-09-26 13:26:18] [DEBUG] Query OK. Filas: 1
[2025-09-26 13:26:18] [INFO] [757bxsnr] Resultados folio=FCT020179: 1
[2025-09-26 13:32:21] [INFO] [394dc7m8] GET /api/buscar_folio
[2025-09-26 13:32:21] [ERROR] GET /api/buscar_folio ERROR: normalizeFolio is not defined
[2025-09-26 13:32:21] [DEBUG] STACK: ReferenceError: normalizeFolio is not defined
    at GET (webpack-internal:///(rsc)/./app/api/buscar_folio/route.ts:217:23)
    at AsyncLocalStorage.run (node:async_hooks:335:14)
    at AppRouteRouteModule.do (C:\inetpub\kraken\node_modules\.pnpm\next@15.2.4_react-dom@19.1.1_react@19.1.1__react@19.1.1\node_modules\next\dist\compiled\next-server\app-route.runtime.dev.js:26:33970)
    at C:\inetpub\kraken\node_modules\.pnpm\next@15.2.4_react-dom@19.1.1_react@19.1.1__react@19.1.1\node_modules\next\dist\compiled\next-server\app-route.runtime.dev.js:26:43788
    at C:\inetpub\kraken\node_modules\.pnpm\next@15.2.4_react-dom@19.1.1_react@19.1.1__react@19.1.1\node_modules\next\dist\server\lib\trace\tracer.js:169:36
    at NoopContextManager.with (C:\inetpub\kraken\node_modules\.pnpm\next@15.2.4_react-dom@19.1.1_react@19.1.1__react@19.1.1\node_modules\next\dist\compiled\@opentelemetry\api\index.js:1:7062)
    at ContextAPI.with (C:\inetpub\kraken\node_modules\.pnpm\next@15.2.4_react-dom@19.1.1_react@19.1.1__react@19.1.1\node_modules\next\dist\compiled\@opentelemetry\api\index.js:1:518)
    at NoopTracer.startActiveSpan (C:\inetpub\kraken\node_modules\.pnpm\next@15.2.4_react-dom@19.1.1_react@19.1.1__react@19.1.1\node_modules\next\dist\compiled\@opentelemetry\api\index.js:1:18093)
    at ProxyTracer.startActiveSpan (C:\inetpub\kraken\node_modules\.pnpm\next@15.2.4_react-dom@19.1.1_react@19.1.1__react@19.1.1\node_modules\next\dist\compiled\@opentelemetry\api\index.js:1:18854)
    at C:\inetpub\kraken\node_modules\.pnpm\next@15.2.4_react-dom@19.1.1_react@19.1.1__react@19.1.1\node_modules\next\dist\server\lib\trace\tracer.js:151:103
    at NoopContextManager.with (C:\inetpub\kraken\node_modules\.pnpm\next@15.2.4_react-dom@19.1.1_react@19.1.1__react@19.1.1\node_modules\next\dist\compiled\@opentelemetry\api\index.js:1:7062)
    at ContextAPI.with (C:\inetpub\kraken\node_modules\.pnpm\next@15.2.4_react-dom@19.1.1_react@19.1.1__react@19.1.1\node_modules\next\dist\compiled\@opentelemetry\api\index.js:1:518)
    at NextTracerImpl.trace (C:\inetpub\kraken\node_modules\.pnpm\next@15.2.4_react-dom@19.1.1_react@19.1.1__react@19.1.1\node_modules\next\dist\server\lib\trace\tracer.js:151:28)
    at C:\inetpub\kraken\node_modules\.pnpm\next@15.2.4_react-dom@19.1.1_react@19.1.1__react@19.1.1\node_modules\next\dist\compiled\next-server\app-route.runtime.dev.js:26:43649
    at AsyncLocalStorage.run (node:async_hooks:346:14)
    at C:\inetpub\kraken\node_modules\.pnpm\next@15.2.4_react-dom@19.1.1_react@19.1.1__react@19.1.1\node_modules\next\dist\compiled\next-server\app-route.runtime.dev.js:26:41373
    at AsyncLocalStorage.run (node:async_hooks:346:14)
    at C:\inetpub\kraken\node_modules\.pnpm\next@15.2.4_react-dom@19.1.1_react@19.1.1__react@19.1.1\node_modules\next\dist\compiled\next-server\app-route.runtime.dev.js:26:41330
    at AsyncLocalStorage.run (node:async_hooks:346:14)
    at AppRouteRouteModule.handle (C:\inetpub\kraken\node_modules\.pnpm\next@15.2.4_react-dom@19.1.1_react@19.1.1__react@19.1.1\node_modules\next\dist\compiled\next-server\app-route.runtime.dev.js:26:41284)
    at doRender (C:\inetpub\kraken\node_modules\.pnpm\next@15.2.4_react-dom@19.1.1_react@19.1.1__react@19.1.1\node_modules\next\dist\server\base-server.js:1513:60)
    at responseGenerator (C:\inetpub\kraken\node_modules\.pnpm\next@15.2.4_react-dom@19.1.1_react@19.1.1__react@19.1.1\node_modules\next\dist\server\base-server.js:1909:20)
    at ResponseCache.get (C:\inetpub\kraken\node_modules\.pnpm\next@15.2.4_react-dom@19.1.1_react@19.1.1__react@19.1.1\node_modules\next\dist\server\response-cache\index.js:49:20)
    at DevServer.renderToResponseWithComponentsImpl (C:\inetpub\kraken\node_modules\.pnpm\next@15.2.4_react-dom@19.1.1_react@19.1.1__react@19.1.1\node_modules\next\dist\server\base-server.js:1915:53)
    at C:\inetpub\kraken\node_modules\.pnpm\next@15.2.4_react-dom@19.1.1_react@19.1.1__react@19.1.1\node_modules\next\dist\server\base-server.js:1113:121
    at NextTracerImpl.trace (C:\inetpub\kraken\node_modules\.pnpm\next@15.2.4_react-dom@19.1.1_react@19.1.1__react@19.1.1\node_modules\next\dist\server\lib\trace\tracer.js:134:20)
    at DevServer.renderToResponseWithComponents (C:\inetpub\kraken\node_modules\.pnpm\next@15.2.4_react-dom@19.1.1_react@19.1.1__react@19.1.1\node_modules\next\dist\server\base-server.js:1113:41)
    at DevServer.renderPageComponent (C:\inetpub\kraken\node_modules\.pnpm\next@15.2.4_react-dom@19.1.1_react@19.1.1__react@19.1.1\node_modules\next\dist\server\base-server.js:2393:35)
    at async DevServer.renderToResponseImpl (C:\inetpub\kraken\node_modules\.pnpm\next@15.2.4_react-dom@19.1.1_react@19.1.1__react@19.1.1\node_modules\next\dist\server\base-server.js:2430:32)
    at async DevServer.pipeImpl (C:\inetpub\kraken\node_modules\.pnpm\next@15.2.4_react-dom@19.1.1_react@19.1.1__react@19.1.1\node_modules\next\dist\server\base-server.js:1003:25)
    at async NextNodeServer.handleCatchallRenderRequest (C:\inetpub\kraken\node_modules\.pnpm\next@15.2.4_react-dom@19.1.1_react@19.1.1__react@19.1.1\node_modules\next\dist\server\next-server.js:304:17)
    at async DevServer.handleRequestImpl (C:\inetpub\kraken\node_modules\.pnpm\next@15.2.4_react-dom@19.1.1_react@19.1.1__react@19.1.1\node_modules\next\dist\server\base-server.js:895:17)
    at async C:\inetpub\kraken\node_modules\.pnpm\next@15.2.4_react-dom@19.1.1_react@19.1.1__react@19.1.1\node_modules\next\dist\server\dev\next-dev-server.js:371:20
    at async Span.traceAsyncFn (C:\inetpub\kraken\node_modules\.pnpm\next@15.2.4_react-dom@19.1.1_react@19.1.1__react@19.1.1\node_modules\next\dist\trace\trace.js:157:20)
    at async DevServer.handleRequest (C:\inetpub\kraken\node_modules\.pnpm\next@15.2.4_react-dom@19.1.1_react@19.1.1__react@19.1.1\node_modules\next\dist\server\dev\next-dev-server.js:368:24)
    at async invokeRender (C:\inetpub\kraken\node_modules\.pnpm\next@15.2.4_react-dom@19.1.1_react@19.1.1__react@19.1.1\node_modules\next\dist\server\lib\router-server.js:235:21)
    at async handleRequest (C:\inetpub\kraken\node_modules\.pnpm\next@15.2.4_react-dom@19.1.1_react@19.1.1__react@19.1.1\node_modules\next\dist\server\lib\router-server.js:426:24)
    at async requestHandlerImpl (C:\inetpub\kraken\node_modules\.pnpm\next@15.2.4_react-dom@19.1.1_react@19.1.1__react@19.1.1\node_modules\next\dist\server\lib\router-server.js:450:13)
    at async Server.requestListener (C:\inetpub\kraken\node_modules\.pnpm\next@15.2.4_react-dom@19.1.1_react@19.1.1__react@19.1.1\node_modules\next\dist\server\lib\start-server.js:158:13)
[2025-09-26 13:32:29] [INFO] [0jrt3swj] GET /api/buscar_folio
[2025-09-26 13:32:29] [ERROR] GET /api/buscar_folio ERROR: normalizeFolio is not defined
[2025-09-26 13:32:29] [DEBUG] STACK: ReferenceError: normalizeFolio is not defined
    at GET (webpack-internal:///(rsc)/./app/api/buscar_folio/route.ts:217:23)
    at AsyncLocalStorage.run (node:async_hooks:335:14)
    at AppRouteRouteModule.do (C:\inetpub\kraken\node_modules\.pnpm\next@15.2.4_react-dom@19.1.1_react@19.1.1__react@19.1.1\node_modules\next\dist\compiled\next-server\app-route.runtime.dev.js:26:33970)
    at C:\inetpub\kraken\node_modules\.pnpm\next@15.2.4_react-dom@19.1.1_react@19.1.1__react@19.1.1\node_modules\next\dist\compiled\next-server\app-route.runtime.dev.js:26:43788
    at C:\inetpub\kraken\node_modules\.pnpm\next@15.2.4_react-dom@19.1.1_react@19.1.1__react@19.1.1\node_modules\next\dist\server\lib\trace\tracer.js:169:36
    at NoopContextManager.with (C:\inetpub\kraken\node_modules\.pnpm\next@15.2.4_react-dom@19.1.1_react@19.1.1__react@19.1.1\node_modules\next\dist\compiled\@opentelemetry\api\index.js:1:7062)
    at ContextAPI.with (C:\inetpub\kraken\node_modules\.pnpm\next@15.2.4_react-dom@19.1.1_react@19.1.1__react@19.1.1\node_modules\next\dist\compiled\@opentelemetry\api\index.js:1:518)
    at NoopTracer.startActiveSpan (C:\inetpub\kraken\node_modules\.pnpm\next@15.2.4_react-dom@19.1.1_react@19.1.1__react@19.1.1\node_modules\next\dist\compiled\@opentelemetry\api\index.js:1:18093)
    at ProxyTracer.startActiveSpan (C:\inetpub\kraken\node_modules\.pnpm\next@15.2.4_react-dom@19.1.1_react@19.1.1__react@19.1.1\node_modules\next\dist\compiled\@opentelemetry\api\index.js:1:18854)
    at C:\inetpub\kraken\node_modules\.pnpm\next@15.2.4_react-dom@19.1.1_react@19.1.1__react@19.1.1\node_modules\next\dist\server\lib\trace\tracer.js:151:103
    at NoopContextManager.with (C:\inetpub\kraken\node_modules\.pnpm\next@15.2.4_react-dom@19.1.1_react@19.1.1__react@19.1.1\node_modules\next\dist\compiled\@opentelemetry\api\index.js:1:7062)
    at ContextAPI.with (C:\inetpub\kraken\node_modules\.pnpm\next@15.2.4_react-dom@19.1.1_react@19.1.1__react@19.1.1\node_modules\next\dist\compiled\@opentelemetry\api\index.js:1:518)
    at NextTracerImpl.trace (C:\inetpub\kraken\node_modules\.pnpm\next@15.2.4_react-dom@19.1.1_react@19.1.1__react@19.1.1\node_modules\next\dist\server\lib\trace\tracer.js:151:28)
    at C:\inetpub\kraken\node_modules\.pnpm\next@15.2.4_react-dom@19.1.1_react@19.1.1__react@19.1.1\node_modules\next\dist\compiled\next-server\app-route.runtime.dev.js:26:43649
    at AsyncLocalStorage.run (node:async_hooks:346:14)
    at C:\inetpub\kraken\node_modules\.pnpm\next@15.2.4_react-dom@19.1.1_react@19.1.1__react@19.1.1\node_modules\next\dist\compiled\next-server\app-route.runtime.dev.js:26:41373
    at AsyncLocalStorage.run (node:async_hooks:346:14)
    at C:\inetpub\kraken\node_modules\.pnpm\next@15.2.4_react-dom@19.1.1_react@19.1.1__react@19.1.1\node_modules\next\dist\compiled\next-server\app-route.runtime.dev.js:26:41330
    at AsyncLocalStorage.run (node:async_hooks:346:14)
    at AppRouteRouteModule.handle (C:\inetpub\kraken\node_modules\.pnpm\next@15.2.4_react-dom@19.1.1_react@19.1.1__react@19.1.1\node_modules\next\dist\compiled\next-server\app-route.runtime.dev.js:26:41284)
    at doRender (C:\inetpub\kraken\node_modules\.pnpm\next@15.2.4_react-dom@19.1.1_react@19.1.1__react@19.1.1\node_modules\next\dist\server\base-server.js:1513:60)
    at responseGenerator (C:\inetpub\kraken\node_modules\.pnpm\next@15.2.4_react-dom@19.1.1_react@19.1.1__react@19.1.1\node_modules\next\dist\server\base-server.js:1909:20)
    at ResponseCache.get (C:\inetpub\kraken\node_modules\.pnpm\next@15.2.4_react-dom@19.1.1_react@19.1.1__react@19.1.1\node_modules\next\dist\server\response-cache\index.js:49:20)
    at DevServer.renderToResponseWithComponentsImpl (C:\inetpub\kraken\node_modules\.pnpm\next@15.2.4_react-dom@19.1.1_react@19.1.1__react@19.1.1\node_modules\next\dist\server\base-server.js:1915:53)
    at C:\inetpub\kraken\node_modules\.pnpm\next@15.2.4_react-dom@19.1.1_react@19.1.1__react@19.1.1\node_modules\next\dist\server\base-server.js:1113:121
    at NextTracerImpl.trace (C:\inetpub\kraken\node_modules\.pnpm\next@15.2.4_react-dom@19.1.1_react@19.1.1__react@19.1.1\node_modules\next\dist\server\lib\trace\tracer.js:134:20)
    at DevServer.renderToResponseWithComponents (C:\inetpub\kraken\node_modules\.pnpm\next@15.2.4_react-dom@19.1.1_react@19.1.1__react@19.1.1\node_modules\next\dist\server\base-server.js:1113:41)
    at DevServer.renderPageComponent (C:\inetpub\kraken\node_modules\.pnpm\next@15.2.4_react-dom@19.1.1_react@19.1.1__react@19.1.1\node_modules\next\dist\server\base-server.js:2393:35)
    at async DevServer.renderToResponseImpl (C:\inetpub\kraken\node_modules\.pnpm\next@15.2.4_react-dom@19.1.1_react@19.1.1__react@19.1.1\node_modules\next\dist\server\base-server.js:2430:32)
    at async DevServer.pipeImpl (C:\inetpub\kraken\node_modules\.pnpm\next@15.2.4_react-dom@19.1.1_react@19.1.1__react@19.1.1\node_modules\next\dist\server\base-server.js:1003:25)
    at async NextNodeServer.handleCatchallRenderRequest (C:\inetpub\kraken\node_modules\.pnpm\next@15.2.4_react-dom@19.1.1_react@19.1.1__react@19.1.1\node_modules\next\dist\server\next-server.js:304:17)
    at async DevServer.handleRequestImpl (C:\inetpub\kraken\node_modules\.pnpm\next@15.2.4_react-dom@19.1.1_react@19.1.1__react@19.1.1\node_modules\next\dist\server\base-server.js:895:17)
    at async C:\inetpub\kraken\node_modules\.pnpm\next@15.2.4_react-dom@19.1.1_react@19.1.1__react@19.1.1\node_modules\next\dist\server\dev\next-dev-server.js:371:20
    at async Span.traceAsyncFn (C:\inetpub\kraken\node_modules\.pnpm\next@15.2.4_react-dom@19.1.1_react@19.1.1__react@19.1.1\node_modules\next\dist\trace\trace.js:157:20)
    at async DevServer.handleRequest (C:\inetpub\kraken\node_modules\.pnpm\next@15.2.4_react-dom@19.1.1_react@19.1.1__react@19.1.1\node_modules\next\dist\server\dev\next-dev-server.js:368:24)
    at async invokeRender (C:\inetpub\kraken\node_modules\.pnpm\next@15.2.4_react-dom@19.1.1_react@19.1.1__react@19.1.1\node_modules\next\dist\server\lib\router-server.js:235:21)
    at async handleRequest (C:\inetpub\kraken\node_modules\.pnpm\next@15.2.4_react-dom@19.1.1_react@19.1.1__react@19.1.1\node_modules\next\dist\server\lib\router-server.js:426:24)
    at async requestHandlerImpl (C:\inetpub\kraken\node_modules\.pnpm\next@15.2.4_react-dom@19.1.1_react@19.1.1__react@19.1.1\node_modules\next\dist\server\lib\router-server.js:450:13)
    at async Server.requestListener (C:\inetpub\kraken\node_modules\.pnpm\next@15.2.4_react-dom@19.1.1_react@19.1.1__react@19.1.1\node_modules\next\dist\server\lib\start-server.js:158:13)
[2025-09-26 13:32:38] [INFO] [smmqvmad] GET /api/buscar_folio
[2025-09-26 13:32:38] [ERROR] GET /api/buscar_folio ERROR: normalizeFolio is not defined
[2025-09-26 13:32:38] [DEBUG] STACK: ReferenceError: normalizeFolio is not defined
    at GET (webpack-internal:///(rsc)/./app/api/buscar_folio/route.ts:217:23)
    at AsyncLocalStorage.run (node:async_hooks:335:14)
    at AppRouteRouteModule.do (C:\inetpub\kraken\node_modules\.pnpm\next@15.2.4_react-dom@19.1.1_react@19.1.1__react@19.1.1\node_modules\next\dist\compiled\next-server\app-route.runtime.dev.js:26:33970)
    at C:\inetpub\kraken\node_modules\.pnpm\next@15.2.4_react-dom@19.1.1_react@19.1.1__react@19.1.1\node_modules\next\dist\compiled\next-server\app-route.runtime.dev.js:26:43788
    at C:\inetpub\kraken\node_modules\.pnpm\next@15.2.4_react-dom@19.1.1_react@19.1.1__react@19.1.1\node_modules\next\dist\server\lib\trace\tracer.js:169:36
    at NoopContextManager.with (C:\inetpub\kraken\node_modules\.pnpm\next@15.2.4_react-dom@19.1.1_react@19.1.1__react@19.1.1\node_modules\next\dist\compiled\@opentelemetry\api\index.js:1:7062)
    at ContextAPI.with (C:\inetpub\kraken\node_modules\.pnpm\next@15.2.4_react-dom@19.1.1_react@19.1.1__react@19.1.1\node_modules\next\dist\compiled\@opentelemetry\api\index.js:1:518)
    at NoopTracer.startActiveSpan (C:\inetpub\kraken\node_modules\.pnpm\next@15.2.4_react-dom@19.1.1_react@19.1.1__react@19.1.1\node_modules\next\dist\compiled\@opentelemetry\api\index.js:1:18093)
    at ProxyTracer.startActiveSpan (C:\inetpub\kraken\node_modules\.pnpm\next@15.2.4_react-dom@19.1.1_react@19.1.1__react@19.1.1\node_modules\next\dist\compiled\@opentelemetry\api\index.js:1:18854)
    at C:\inetpub\kraken\node_modules\.pnpm\next@15.2.4_react-dom@19.1.1_react@19.1.1__react@19.1.1\node_modules\next\dist\server\lib\trace\tracer.js:151:103
    at NoopContextManager.with (C:\inetpub\kraken\node_modules\.pnpm\next@15.2.4_react-dom@19.1.1_react@19.1.1__react@19.1.1\node_modules\next\dist\compiled\@opentelemetry\api\index.js:1:7062)
    at ContextAPI.with (C:\inetpub\kraken\node_modules\.pnpm\next@15.2.4_react-dom@19.1.1_react@19.1.1__react@19.1.1\node_modules\next\dist\compiled\@opentelemetry\api\index.js:1:518)
    at NextTracerImpl.trace (C:\inetpub\kraken\node_modules\.pnpm\next@15.2.4_react-dom@19.1.1_react@19.1.1__react@19.1.1\node_modules\next\dist\server\lib\trace\tracer.js:151:28)
    at C:\inetpub\kraken\node_modules\.pnpm\next@15.2.4_react-dom@19.1.1_react@19.1.1__react@19.1.1\node_modules\next\dist\compiled\next-server\app-route.runtime.dev.js:26:43649
    at AsyncLocalStorage.run (node:async_hooks:346:14)
    at C:\inetpub\kraken\node_modules\.pnpm\next@15.2.4_react-dom@19.1.1_react@19.1.1__react@19.1.1\node_modules\next\dist\compiled\next-server\app-route.runtime.dev.js:26:41373
    at AsyncLocalStorage.run (node:async_hooks:346:14)
    at C:\inetpub\kraken\node_modules\.pnpm\next@15.2.4_react-dom@19.1.1_react@19.1.1__react@19.1.1\node_modules\next\dist\compiled\next-server\app-route.runtime.dev.js:26:41330
    at AsyncLocalStorage.run (node:async_hooks:346:14)
    at AppRouteRouteModule.handle (C:\inetpub\kraken\node_modules\.pnpm\next@15.2.4_react-dom@19.1.1_react@19.1.1__react@19.1.1\node_modules\next\dist\compiled\next-server\app-route.runtime.dev.js:26:41284)
    at doRender (C:\inetpub\kraken\node_modules\.pnpm\next@15.2.4_react-dom@19.1.1_react@19.1.1__react@19.1.1\node_modules\next\dist\server\base-server.js:1513:60)
    at responseGenerator (C:\inetpub\kraken\node_modules\.pnpm\next@15.2.4_react-dom@19.1.1_react@19.1.1__react@19.1.1\node_modules\next\dist\server\base-server.js:1909:20)
    at ResponseCache.get (C:\inetpub\kraken\node_modules\.pnpm\next@15.2.4_react-dom@19.1.1_react@19.1.1__react@19.1.1\node_modules\next\dist\server\response-cache\index.js:49:20)
    at DevServer.renderToResponseWithComponentsImpl (C:\inetpub\kraken\node_modules\.pnpm\next@15.2.4_react-dom@19.1.1_react@19.1.1__react@19.1.1\node_modules\next\dist\server\base-server.js:1915:53)
    at C:\inetpub\kraken\node_modules\.pnpm\next@15.2.4_react-dom@19.1.1_react@19.1.1__react@19.1.1\node_modules\next\dist\server\base-server.js:1113:121
    at NextTracerImpl.trace (C:\inetpub\kraken\node_modules\.pnpm\next@15.2.4_react-dom@19.1.1_react@19.1.1__react@19.1.1\node_modules\next\dist\server\lib\trace\tracer.js:134:20)
    at DevServer.renderToResponseWithComponents (C:\inetpub\kraken\node_modules\.pnpm\next@15.2.4_react-dom@19.1.1_react@19.1.1__react@19.1.1\node_modules\next\dist\server\base-server.js:1113:41)
    at DevServer.renderPageComponent (C:\inetpub\kraken\node_modules\.pnpm\next@15.2.4_react-dom@19.1.1_react@19.1.1__react@19.1.1\node_modules\next\dist\server\base-server.js:2393:35)
    at async DevServer.renderToResponseImpl (C:\inetpub\kraken\node_modules\.pnpm\next@15.2.4_react-dom@19.1.1_react@19.1.1__react@19.1.1\node_modules\next\dist\server\base-server.js:2430:32)
    at async DevServer.pipeImpl (C:\inetpub\kraken\node_modules\.pnpm\next@15.2.4_react-dom@19.1.1_react@19.1.1__react@19.1.1\node_modules\next\dist\server\base-server.js:1003:25)
    at async NextNodeServer.handleCatchallRenderRequest (C:\inetpub\kraken\node_modules\.pnpm\next@15.2.4_react-dom@19.1.1_react@19.1.1__react@19.1.1\node_modules\next\dist\server\next-server.js:304:17)
    at async DevServer.handleRequestImpl (C:\inetpub\kraken\node_modules\.pnpm\next@15.2.4_react-dom@19.1.1_react@19.1.1__react@19.1.1\node_modules\next\dist\server\base-server.js:895:17)
    at async C:\inetpub\kraken\node_modules\.pnpm\next@15.2.4_react-dom@19.1.1_react@19.1.1__react@19.1.1\node_modules\next\dist\server\dev\next-dev-server.js:371:20
    at async Span.traceAsyncFn (C:\inetpub\kraken\node_modules\.pnpm\next@15.2.4_react-dom@19.1.1_react@19.1.1__react@19.1.1\node_modules\next\dist\trace\trace.js:157:20)
    at async DevServer.handleRequest (C:\inetpub\kraken\node_modules\.pnpm\next@15.2.4_react-dom@19.1.1_react@19.1.1__react@19.1.1\node_modules\next\dist\server\dev\next-dev-server.js:368:24)
    at async invokeRender (C:\inetpub\kraken\node_modules\.pnpm\next@15.2.4_react-dom@19.1.1_react@19.1.1__react@19.1.1\node_modules\next\dist\server\lib\router-server.js:235:21)
    at async handleRequest (C:\inetpub\kraken\node_modules\.pnpm\next@15.2.4_react-dom@19.1.1_react@19.1.1__react@19.1.1\node_modules\next\dist\server\lib\router-server.js:426:24)
    at async requestHandlerImpl (C:\inetpub\kraken\node_modules\.pnpm\next@15.2.4_react-dom@19.1.1_react@19.1.1__react@19.1.1\node_modules\next\dist\server\lib\router-server.js:450:13)
    at async Server.requestListener (C:\inetpub\kraken\node_modules\.pnpm\next@15.2.4_react-dom@19.1.1_react@19.1.1__react@19.1.1\node_modules\next\dist\server\lib\start-server.js:158:13)
[2025-09-26 14:02:57] [INFO] [0tjowbld] GET /api/buscar_folio
[2025-09-26 14:02:57] [DEBUG] [0tjowbld] folio recibido='FCT20179' -> normalizado='FCT020179'
[2025-09-26 14:02:57] [DEBUG] SQL: SELECT DV.FOLIO, DV.PESO_EMBARQUE, S.NOMBRE AS SUCURSAL, VE.NOMBRE AS VIA_EMBARQUE, C.NOMBRE AS CLIENTE, DC.NOMBRE_CALLE, DC.COLONIA, E.NOMBRE AS CIUDAD, DC.CODIGO_POSTAL FROM DOCTOS_VE DV INNER JOIN CLIENTES C ON C.CLIENTE_ID = DV.CLIENTE_ID INNER JOIN DIRS_CLIENTES DC ON DC.DIR_CLI_ID = DV.DIR_CONSIG_ID INNER JOIN SUCURSALES S ON S.SUCURSAL_ID = DV.SUCURSAL_ID INNER JOIN VIAS_EMBARQUE VE ON VE.VIA_EMBARQUE_ID = DV.VIA_EMBARQUE_ID INNER JOIN ESTADOS E ON E.ESTADO_ID = DC.ESTADO_ID WHERE DV.FOLIO = ? | params: ["FCT020179"]
[2025-09-26 14:02:59] [DEBUG] Query OK. Filas: 1
[2025-09-26 14:02:59] [INFO] [0tjowbld] Resultados folio=FCT020179: 1
[2025-09-26 14:06:57] [INFO] [iy8w7qj9] GET /api/buscar_folio
[2025-09-26 14:06:57] [DEBUG] [iy8w7qj9] folio='FCT20179' -> 'FCT020179' | tipoPreferido='' -> 'factura'
[2025-09-26 14:07:00] [INFO] [iy8w7qj9] Resultados folio=FCT020179 tipoDetectado=factura: 1
[2025-09-26 14:16:42] [INFO] [675xj24e] GET /api/buscar_folio
[2025-09-26 14:16:42] [DEBUG] [675xj24e] folio='FCT20179' -> 'FCT020179' | tipoPreferido='' -> 'factura'
[2025-09-26 14:16:44] [INFO] [675xj24e] Resultados folio=FCT020179 tipoDetectado=factura: 1
[2025-09-26 14:18:21] [INFO] [6a21i3nj] GET /api/buscar_folio
[2025-09-26 14:18:21] [DEBUG] [6a21i3nj] folio='FCT20179' -> 'FCT020179' | tipoPreferido='' -> 'factura'
[2025-09-26 14:18:22] [ERROR] GET /api/buscar_folio ERROR: Your user name and password are not defined. Ask your database
administrator to set up a Firebird login

[2025-09-26 14:18:22] [DEBUG] STACK: Error: Your user name and password are not defined. Ask your database
administrator to set up a Firebird login

    at doCallback (webpack-internal:///(rsc)/./node_modules/.pnpm/node-firebird@1.1.9/node_modules/node-firebird/lib/callback.js:23:21)
    at eval (webpack-internal:///(rsc)/./node_modules/.pnpm/node-firebird@1.1.9/node_modules/node-firebird/lib/wire/connection.js:172:21)
    at loop (webpack-internal:///(rsc)/./node_modules/.pnpm/node-firebird@1.1.9/node_modules/node-firebird/lib/wire/connection.js:232:29)
    at parseOpResponse (webpack-internal:///(rsc)/./node_modules/.pnpm/node-firebird@1.1.9/node_modules/node-firebird/lib/wire/connection.js:515:29)
    at decodeResponse (webpack-internal:///(rsc)/./node_modules/.pnpm/node-firebird@1.1.9/node_modules/node-firebird/lib/wire/connection.js:237:24)
    at Socket.eval (webpack-internal:///(rsc)/./node_modules/.pnpm/node-firebird@1.1.9/node_modules/node-firebird/lib/wire/connection.js:149:13)
    at Socket.emit (node:events:518:28)
    at addChunk (node:internal/streams/readable:559:12)
    at readableAddChunkPushByteMode (node:internal/streams/readable:510:3)
    at Readable.push (node:internal/streams/readable:390:5)
    at TCP.onStreamRead (node:internal/stream_base_commons:190:23)
    at TCP.callbackTrampoline (node:internal/async_hooks:130:17)
[2025-09-26 14:19:01] [INFO] [hgnx859o] GET /api/buscar_folio
[2025-09-26 14:19:01] [DEBUG] [hgnx859o] folio='FCT20179' -> 'FCT020179' | tipoPreferido='' -> 'factura'
[2025-09-26 14:19:03] [INFO] [hgnx859o] Resultados folio=FCT020179 tipoDetectado=factura: 1
[2025-09-26 16:53:42] [INFO] [upz61vnz] GET /api/buscar_folio
[2025-09-26 16:53:42] [DEBUG] [upz61vnz] folio='FCT20179' -> 'FCT020179' | tipoPreferido='' -> 'factura'
[2025-09-26 16:53:45] [INFO] [upz61vnz] Resultados folio=FCT020179 tipoDetectado=factura: 1
[2025-09-26 16:54:19] [INFO] [yig7aflg] GET /api/buscar_folio
[2025-09-26 16:54:19] [DEBUG] [yig7aflg] folio='FCT20179' -> 'FCT020179' | tipoPreferido='' -> 'factura'
[2025-09-26 16:54:22] [INFO] [yig7aflg] Resultados folio=FCT020179 tipoDetectado=factura: 1
[2025-09-26 16:54:22] [INFO] [acyapmxn] GET /api/buscar_folio
[2025-09-26 16:54:22] [DEBUG] [acyapmxn] folio='FCT20179' -> 'FCT020179' | tipoPreferido='' -> 'factura'
[2025-09-26 16:54:24] [INFO] [acyapmxn] Resultados folio=FCT020179 tipoDetectado=factura: 1
[2025-09-26 17:26:19] [INFO] [3l7pnt6u] GET /api/buscar_folio
[2025-09-26 17:26:19] [DEBUG] [3l7pnt6u] folio='FCT20179' -> 'FCT020179' | tipoPreferido='' -> 'factura'
[2025-09-26 17:26:22] [INFO] [3l7pnt6u] Resultados folio=FCT020179 tipoDetectado=factura: 1
[2025-09-26 17:56:24] [INFO] [u119xn0i] GET /api/buscar_folio
[2025-09-26 17:56:24] [DEBUG] [u119xn0i] folio='FC1' -> 'FC0000001' | tipoPreferido='' -> 'factura'
[2025-09-26 17:56:27] [ERROR] GET /api/buscar_folio ERROR: Dynamic SQL Error, SQL error code = -206, Column unknown, DI.ALMACEN_DEST_ID, At line 15, column 58
[2025-09-26 17:56:27] [DEBUG] STACK: Error: Dynamic SQL Error, SQL error code = -206, Column unknown, DI.ALMACEN_DEST_ID, At line 15, column 58
    at doCallback (webpack-internal:///(rsc)/./node_modules/.pnpm/node-firebird@1.1.9/node_modules/node-firebird/lib/callback.js:23:21)
    at eval (webpack-internal:///(rsc)/./node_modules/.pnpm/node-firebird@1.1.9/node_modules/node-firebird/lib/wire/connection.js:172:21)
    at loop (webpack-internal:///(rsc)/./node_modules/.pnpm/node-firebird@1.1.9/node_modules/node-firebird/lib/wire/connection.js:229:33)
    at parseOpResponse (webpack-internal:///(rsc)/./node_modules/.pnpm/node-firebird@1.1.9/node_modules/node-firebird/lib/wire/connection.js:515:29)
    at loop (webpack-internal:///(rsc)/./node_modules/.pnpm/node-firebird@1.1.9/node_modules/node-firebird/lib/wire/connection.js:227:33)
    at parseOpResponse (webpack-internal:///(rsc)/./node_modules/.pnpm/node-firebird@1.1.9/node_modules/node-firebird/lib/wire/connection.js:515:29)
    at decodeResponse (webpack-internal:///(rsc)/./node_modules/.pnpm/node-firebird@1.1.9/node_modules/node-firebird/lib/wire/connection.js:237:24)
    at Socket.eval (webpack-internal:///(rsc)/./node_modules/.pnpm/node-firebird@1.1.9/node_modules/node-firebird/lib/wire/connection.js:149:13)
    at Socket.emit (node:events:518:28)
    at addChunk (node:internal/streams/readable:559:12)
    at readableAddChunkPushByteMode (node:internal/streams/readable:510:3)
    at Readable.push (node:internal/streams/readable:390:5)
    at TCP.onStreamRead (node:internal/stream_base_commons:190:23)
    at TCP.callbackTrampoline (node:internal/async_hooks:130:17)
[2025-09-26 17:56:30] [INFO] [zop3g0oj] GET /api/buscar_folio
[2025-09-26 17:56:30] [DEBUG] [zop3g0oj] folio='FCT20179' -> 'FCT020179' | tipoPreferido='' -> 'factura'
[2025-09-26 17:56:33] [INFO] [zop3g0oj] Resultados folio=FCT020179 tipoDetectado=factura: 1
