[2025-09-29 18:01:39] [INFO] [g3umf5ce] GET /api/buscar_folio
[2025-09-29 18:01:39] [DEBUG] [g3umf5ce] folio='E15059' -> 'E00015059' | tipoPreferido='' -> 'factura'
[2025-09-29 18:01:45] [INFO] [g3umf5ce] Resultados folio=E00015059 tipoDetectado=puntoVenta: 1
[2025-09-29 18:03:29] [INFO] [82hvkd9v] GET /api/buscar_folio
[2025-09-29 18:03:29] [DEBUG] [82hvkd9v] folio='E15059' -> 'E00015059' | tipoPreferido='' -> 'factura'
[2025-09-29 18:03:31] [ERROR] GET /api/buscar_folio ERROR: Your user name and password are not defined. Ask your database
administrator to set up a Firebird login

[2025-09-29 18:03:31] [DEBUG] STACK: Error: Your user name and password are not defined. Ask your database
administrator to set up a Firebird login

    at doCallback (webpack-internal:///(rsc)/./node_modules/.pnpm/node-firebird@1.1.9/node_modules/node-firebird/lib/callback.js:23:21)
    at eval (webpack-internal:///(rsc)/./node_modules/.pnpm/node-firebird@1.1.9/node_modules/node-firebird/lib/wire/connection.js:172:21)
    at loop (webpack-internal:///(rsc)/./node_modules/.pnpm/node-firebird@1.1.9/node_modules/node-firebird/lib/wire/connection.js:232:29)
    at parseOpResponse (webpack-internal:///(rsc)/./node_modules/.pnpm/node-firebird@1.1.9/node_modules/node-firebird/lib/wire/connection.js:515:29)
    at decodeResponse (webpack-internal:///(rsc)/./node_modules/.pnpm/node-firebird@1.1.9/node_modules/node-firebird/lib/wire/connection.js:237:24)
    at Socket.eval (webpack-internal:///(rsc)/./node_modules/.pnpm/node-firebird@1.1.9/node_modules/node-firebird/lib/wire/connection.js:149:13)
    at Socket.emit (node:events:518:28)
    at addChunk (node:internal/streams/readable:559:12)
    at readableAddChunkPushByteMode (node:internal/streams/readable:510:3)
    at Readable.push (node:internal/streams/readable:390:5)
    at TCP.onStreamRead (node:internal/stream_base_commons:190:23)
    at TCP.callbackTrampoline (node:internal/async_hooks:130:17)
[2025-09-29 18:03:34] [INFO] [uxno246d] GET /api/buscar_folio
[2025-09-29 18:03:34] [DEBUG] [uxno246d] folio='E15059' -> 'E00015059' | tipoPreferido='' -> 'factura'
[2025-09-29 18:03:40] [INFO] [uxno246d] Resultados folio=E00015059 tipoDetectado=puntoVenta: 1
[2025-09-29 18:05:39] [INFO] [uuvhhcd7] GET /api/buscar_folio
[2025-09-29 18:05:39] [DEBUG] [uuvhhcd7] folio='E15059' -> 'E00015059' | tipoPreferido='' -> 'factura'
[2025-09-29 18:05:41] [ERROR] GET /api/buscar_folio ERROR: Your user name and password are not defined. Ask your database
administrator to set up a Firebird login

[2025-09-29 18:05:41] [DEBUG] STACK: Error: Your user name and password are not defined. Ask your database
administrator to set up a Firebird login

    at doCallback (webpack-internal:///(rsc)/./node_modules/.pnpm/node-firebird@1.1.9/node_modules/node-firebird/lib/callback.js:23:21)
    at eval (webpack-internal:///(rsc)/./node_modules/.pnpm/node-firebird@1.1.9/node_modules/node-firebird/lib/wire/connection.js:172:21)
    at loop (webpack-internal:///(rsc)/./node_modules/.pnpm/node-firebird@1.1.9/node_modules/node-firebird/lib/wire/connection.js:232:29)
    at parseOpResponse (webpack-internal:///(rsc)/./node_modules/.pnpm/node-firebird@1.1.9/node_modules/node-firebird/lib/wire/connection.js:515:29)
    at decodeResponse (webpack-internal:///(rsc)/./node_modules/.pnpm/node-firebird@1.1.9/node_modules/node-firebird/lib/wire/connection.js:237:24)
    at Socket.eval (webpack-internal:///(rsc)/./node_modules/.pnpm/node-firebird@1.1.9/node_modules/node-firebird/lib/wire/connection.js:149:13)
    at Socket.emit (node:events:518:28)
    at addChunk (node:internal/streams/readable:559:12)
    at readableAddChunkPushByteMode (node:internal/streams/readable:510:3)
    at Readable.push (node:internal/streams/readable:390:5)
    at TCP.onStreamRead (node:internal/stream_base_commons:190:23)
    at TCP.callbackTrampoline (node:internal/async_hooks:130:17)
[2025-09-29 18:05:47] [INFO] [1zm7lpku] GET /api/buscar_folio
[2025-09-29 18:05:47] [DEBUG] [1zm7lpku] folio='E15059' -> 'E00015059' | tipoPreferido='' -> 'factura'
[2025-09-29 18:05:53] [INFO] [1zm7lpku] Resultados folio=E00015059 tipoDetectado=puntoVenta: 1
[2025-09-29 18:06:39] [INFO] [9x5t7066] GET /api/buscar_folio
[2025-09-29 18:06:39] [DEBUG] [9x5t7066] folio='E15059' -> 'E00015059' | tipoPreferido='' -> 'factura'
[2025-09-29 18:06:46] [INFO] [9x5t7066] Resultados folio=E00015059 tipoDetectado=puntoVenta: 1
[2025-09-29 18:08:30] [INFO] [cqw6ryws] GET /api/buscar_folio
[2025-09-29 18:08:30] [DEBUG] [cqw6ryws] folio='E15059' -> 'E00015059' | tipoPreferido='' -> 'factura'
[2025-09-29 18:08:36] [INFO] [cqw6ryws] Resultados folio=E00015059 tipoDetectado=puntoVenta: 1
[2025-09-29 18:09:39] [INFO] [meb0br5l] GET /api/buscar_folio
[2025-09-29 18:09:39] [DEBUG] [meb0br5l] folio='E15059' -> 'E00015059' | tipoPreferido='' -> 'factura'
[2025-09-29 18:09:46] [INFO] [meb0br5l] Resultados folio=E00015059 tipoDetectado=puntoVenta: 1
[2025-09-30 08:21:58] [INFO] [c8rgr4vt] GET /api/buscar_folio
[2025-09-30 08:21:58] [DEBUG] [c8rgr4vt] folio='E14862' -> 'E00014862' | tipoPreferido='' -> 'factura'
[2025-09-30 08:22:04] [INFO] [c8rgr4vt] Resultados folio=E00014862 tipoDetectado=puntoVenta: 1
[2025-09-30 08:56:53] [INFO] [ej8w4l5k] GET /api/buscar_folio
[2025-09-30 08:56:53] [DEBUG] [ej8w4l5k] folio='E14862' -> 'E00014862' | tipoPreferido='' -> 'factura'
[2025-09-30 08:56:59] [INFO] [ej8w4l5k] Resultados folio=E00014862 tipoDetectado=puntoVenta: 1
[2025-09-30 08:59:28] [INFO] [v1eel8ze] GET /api/buscar_folio
[2025-09-30 08:59:28] [DEBUG] [v1eel8ze] folio='E14862' -> 'E00014862' | tipoPreferido='' -> 'factura'
[2025-09-30 08:59:32] [ERROR] GET /api/buscar_folio ERROR: Your user name and password are not defined. Ask your database
administrator to set up a Firebird login

[2025-09-30 08:59:32] [DEBUG] STACK: Error: Your user name and password are not defined. Ask your database
administrator to set up a Firebird login

    at doCallback (webpack-internal:///(rsc)/./node_modules/.pnpm/node-firebird@1.1.9/node_modules/node-firebird/lib/callback.js:23:21)
    at eval (webpack-internal:///(rsc)/./node_modules/.pnpm/node-firebird@1.1.9/node_modules/node-firebird/lib/wire/connection.js:172:21)
    at loop (webpack-internal:///(rsc)/./node_modules/.pnpm/node-firebird@1.1.9/node_modules/node-firebird/lib/wire/connection.js:232:29)
    at parseOpResponse (webpack-internal:///(rsc)/./node_modules/.pnpm/node-firebird@1.1.9/node_modules/node-firebird/lib/wire/connection.js:515:29)
    at decodeResponse (webpack-internal:///(rsc)/./node_modules/.pnpm/node-firebird@1.1.9/node_modules/node-firebird/lib/wire/connection.js:237:24)
    at Socket.eval (webpack-internal:///(rsc)/./node_modules/.pnpm/node-firebird@1.1.9/node_modules/node-firebird/lib/wire/connection.js:149:13)
    at Socket.emit (node:events:518:28)
    at addChunk (node:internal/streams/readable:559:12)
    at readableAddChunkPushByteMode (node:internal/streams/readable:510:3)
    at Readable.push (node:internal/streams/readable:390:5)
    at TCP.onStreamRead (node:internal/stream_base_commons:190:23)
    at TCP.callbackTrampoline (node:internal/async_hooks:130:17)
[2025-09-30 08:59:34] [INFO] [p7x3l23v] GET /api/buscar_folio
[2025-09-30 08:59:34] [DEBUG] [p7x3l23v] folio='E14862' -> 'E00014862' | tipoPreferido='' -> 'factura'
[2025-09-30 08:59:40] [INFO] [p7x3l23v] Resultados folio=E00014862 tipoDetectado=puntoVenta: 1
