[2025-09-29 08:49:15] [INFO] [wxcqp4ss] GET /api/buscar_folio
[2025-09-29 08:49:15] [DEBUG] [wxcqp4ss] folio='FCT20179' -> 'FCT020179' | tipoPreferido='' -> 'factura'
[2025-09-29 08:49:18] [INFO] [wxcqp4ss] Resultados folio=FCT020179 tipoDetectado=factura: 1
[2025-09-29 10:44:39] [INFO] [hsylm230] GET /api/buscar_folio
[2025-09-29 10:44:39] [DEBUG] [hsylm230] folio='FCT20179' -> 'FCT020179' | tipoPreferido='' -> 'factura'
[2025-09-29 10:44:41] [INFO] [hsylm230] Resultados folio=FCT020179 tipoDetectado=factura: 1
[2025-09-29 10:58:09] [INFO] [eijj79pq] GET /api/buscar_folio
[2025-09-29 10:58:09] [DEBUG] [eijj79pq] folio='FCT20195' -> 'FCT020195' | tipoPreferido='' -> 'factura'
[2025-09-29 10:58:11] [INFO] [eijj79pq] Resultados folio=FCT020195 tipoDetectado=factura: 1
[2025-09-29 11:09:54] [INFO] [ad18fo6t] GET /api/buscar_folio
[2025-09-29 11:09:54] [DEBUG] [ad18fo6t] folio='FCT20195' -> 'FCT020195' | tipoPreferido='' -> 'factura'
[2025-09-29 11:09:56] [INFO] [ad18fo6t] Resultados folio=FCT020195 tipoDetectado=factura: 1
[2025-09-29 11:16:35] [INFO] [r7tlnev0] GET /api/buscar_folio
[2025-09-29 11:16:35] [DEBUG] [r7tlnev0] folio='FCT20179' -> 'FCT020179' | tipoPreferido='' -> 'factura'
[2025-09-29 11:16:37] [INFO] [r7tlnev0] Resultados folio=FCT020179 tipoDetectado=factura: 1
[2025-09-29 13:10:26] [INFO] [qs4ommf6] GET /api/buscar_folio
[2025-09-29 13:10:26] [DEBUG] [qs4ommf6] folio='TC29498' -> 'TC0029498' | tipoPreferido='' -> 'factura'
[2025-09-29 13:10:30] [INFO] [qs4ommf6] Resultados folio=TC0029498 tipoDetectado=traspaso: 1
[2025-09-29 13:11:02] [INFO] [orjxoyi0] GET /api/buscar_folio
[2025-09-29 13:11:02] [DEBUG] [orjxoyi0] folio='FCT20179' -> 'FCT020179' | tipoPreferido='' -> 'factura'
[2025-09-29 13:11:04] [INFO] [orjxoyi0] Resultados folio=FCT020179 tipoDetectado=factura: 1
[2025-09-29 13:24:26] [INFO] [wqgskdpz] GET /api/buscar_folio
[2025-09-29 13:24:26] [DEBUG] [wqgskdpz] folio='TC29498' -> 'TC0029498' | tipoPreferido='' -> 'factura'
[2025-09-29 13:24:30] [INFO] [wqgskdpz] Resultados folio=TC0029498 tipoDetectado=traspaso: 1
[2025-09-29 13:36:01] [INFO] [qu6ibvba] GET /api/buscar_folio
[2025-09-29 13:36:01] [DEBUG] [qu6ibvba] folio='TC29489' -> 'TC0029489' | tipoPreferido='' -> 'factura'
[2025-09-29 13:36:05] [INFO] [qu6ibvba] Resultados folio=TC0029489 tipoDetectado=traspaso: 1
[2025-09-29 13:55:32] [INFO] [p5p8ejue] GET /api/buscar_folio
[2025-09-29 13:55:32] [DEBUG] [p5p8ejue] folio='TC0029489' -> 'TC0029489' | tipoPreferido='' -> 'factura'
[2025-09-29 13:55:33] [ERROR] GET /api/buscar_folio ERROR: Your user name and password are not defined. Ask your database
administrator to set up a Firebird login

[2025-09-29 13:55:33] [DEBUG] STACK: Error: Your user name and password are not defined. Ask your database
administrator to set up a Firebird login

    at doCallback (webpack-internal:///(rsc)/./node_modules/.pnpm/node-firebird@1.1.9/node_modules/node-firebird/lib/callback.js:23:21)
    at eval (webpack-internal:///(rsc)/./node_modules/.pnpm/node-firebird@1.1.9/node_modules/node-firebird/lib/wire/connection.js:172:21)
    at loop (webpack-internal:///(rsc)/./node_modules/.pnpm/node-firebird@1.1.9/node_modules/node-firebird/lib/wire/connection.js:232:29)
    at parseOpResponse (webpack-internal:///(rsc)/./node_modules/.pnpm/node-firebird@1.1.9/node_modules/node-firebird/lib/wire/connection.js:515:29)
    at decodeResponse (webpack-internal:///(rsc)/./node_modules/.pnpm/node-firebird@1.1.9/node_modules/node-firebird/lib/wire/connection.js:237:24)
    at Socket.eval (webpack-internal:///(rsc)/./node_modules/.pnpm/node-firebird@1.1.9/node_modules/node-firebird/lib/wire/connection.js:149:13)
    at Socket.emit (node:events:518:28)
    at addChunk (node:internal/streams/readable:559:12)
    at readableAddChunkPushByteMode (node:internal/streams/readable:510:3)
    at Readable.push (node:internal/streams/readable:390:5)
    at TCP.onStreamRead (node:internal/stream_base_commons:190:23)
    at TCP.callbackTrampoline (node:internal/async_hooks:130:17)
[2025-09-29 13:55:42] [INFO] [byergapk] GET /api/buscar_folio
[2025-09-29 13:55:42] [DEBUG] [byergapk] folio='TC29489' -> 'TC0029489' | tipoPreferido='' -> 'factura'
[2025-09-29 13:55:46] [INFO] [byergapk] Resultados folio=TC0029489 tipoDetectado=traspaso: 1
[2025-09-29 13:57:27] [INFO] [vaicjgon] GET /api/buscar_folio
[2025-09-29 13:57:27] [DEBUG] [vaicjgon] folio='TC29489' -> 'TC0029489' | tipoPreferido='' -> 'factura'
[2025-09-29 13:57:31] [INFO] [vaicjgon] Resultados folio=TC0029489 tipoDetectado=traspaso: 1
[2025-09-29 14:02:31] [INFO] [lsj2rab7] GET /api/buscar_folio
[2025-09-29 14:02:31] [DEBUG] [lsj2rab7] folio='FCT20179' -> 'FCT020179' | tipoPreferido='' -> 'factura'
[2025-09-29 14:02:34] [INFO] [lsj2rab7] Resultados folio=FCT020179 tipoDetectado=factura: 1
[2025-09-29 15:30:40] [INFO] [xw2o6pbn] GET /api/buscar_folio
[2025-09-29 15:30:40] [DEBUG] [xw2o6pbn] folio='TC29498' -> 'TC0029498' | tipoPreferido='' -> 'factura'
[2025-09-29 15:30:44] [INFO] [xw2o6pbn] Resultados folio=TC0029498 tipoDetectado=traspaso: 1
[2025-09-29 15:39:44] [INFO] [zlhtakb8] GET /api/buscar_folio
[2025-09-29 15:39:44] [DEBUG] [zlhtakb8] folio='FCT20179' -> 'FCT020179' | tipoPreferido='' -> 'factura'
[2025-09-29 15:39:46] [INFO] [zlhtakb8] Resultados folio=FCT020179 tipoDetectado=factura: 1
[2025-09-29 15:40:04] [INFO] [yfdg3441] GET /api/buscar_folio
[2025-09-29 15:40:04] [DEBUG] [yfdg3441] folio='TC29498' -> 'TC0029498' | tipoPreferido='' -> 'factura'
[2025-09-29 15:40:08] [INFO] [yfdg3441] Resultados folio=TC0029498 tipoDetectado=traspaso: 1
[2025-09-29 15:44:35] [INFO] [3jd1v2kt] GET /api/buscar_folio
[2025-09-29 15:44:35] [DEBUG] [3jd1v2kt] folio='FCT20179' -> 'FCT020179' | tipoPreferido='' -> 'factura'
[2025-09-29 15:44:37] [INFO] [3jd1v2kt] Resultados folio=FCT020179 tipoDetectado=factura: 1
[2025-09-29 15:46:03] [INFO] [w0e5gz0s] GET /api/buscar_folio
[2025-09-29 15:46:03] [DEBUG] [w0e5gz0s] folio='FCT20179' -> 'FCT020179' | tipoPreferido='' -> 'factura'
[2025-09-29 15:46:05] [INFO] [w0e5gz0s] Resultados folio=FCT020179 tipoDetectado=factura: 1
[2025-09-29 15:46:14] [INFO] [byj9z9r6] GET /api/buscar_folio
[2025-09-29 15:46:14] [DEBUG] [byj9z9r6] folio='TC29498' -> 'TC0029498' | tipoPreferido='' -> 'factura'
[2025-09-29 15:46:17] [INFO] [byj9z9r6] Resultados folio=TC0029498 tipoDetectado=traspaso: 1
[2025-09-29 15:49:02] [INFO] [7i2x6ly2] GET /api/buscar_folio
[2025-09-29 15:49:02] [DEBUG] [7i2x6ly2] folio='FCT20179' -> 'FCT020179' | tipoPreferido='' -> 'factura'
[2025-09-29 15:49:04] [INFO] [7i2x6ly2] Resultados folio=FCT020179 tipoDetectado=factura: 1
[2025-09-29 15:49:20] [INFO] [s7r8ikl7] GET /api/buscar_folio
[2025-09-29 15:49:20] [DEBUG] [s7r8ikl7] folio='TC29498' -> 'TC0029498' | tipoPreferido='' -> 'factura'
[2025-09-29 15:49:23] [INFO] [s7r8ikl7] Resultados folio=TC0029498 tipoDetectado=traspaso: 1
[2025-09-29 16:53:06] [INFO] [sn298tqg] GET /api/buscar_folio
[2025-09-29 16:53:06] [DEBUG] [sn298tqg] folio='E14862' -> 'E00014862' | tipoPreferido='' -> 'factura'
[2025-09-29 16:53:07] [ERROR] GET /api/buscar_folio ERROR: Your user name and password are not defined. Ask your database
administrator to set up a Firebird login

[2025-09-29 16:53:07] [DEBUG] STACK: Error: Your user name and password are not defined. Ask your database
administrator to set up a Firebird login

    at doCallback (webpack-internal:///(rsc)/./node_modules/.pnpm/node-firebird@1.1.9/node_modules/node-firebird/lib/callback.js:23:21)
    at eval (webpack-internal:///(rsc)/./node_modules/.pnpm/node-firebird@1.1.9/node_modules/node-firebird/lib/wire/connection.js:172:21)
    at loop (webpack-internal:///(rsc)/./node_modules/.pnpm/node-firebird@1.1.9/node_modules/node-firebird/lib/wire/connection.js:232:29)
    at parseOpResponse (webpack-internal:///(rsc)/./node_modules/.pnpm/node-firebird@1.1.9/node_modules/node-firebird/lib/wire/connection.js:515:29)
    at decodeResponse (webpack-internal:///(rsc)/./node_modules/.pnpm/node-firebird@1.1.9/node_modules/node-firebird/lib/wire/connection.js:237:24)
    at Socket.eval (webpack-internal:///(rsc)/./node_modules/.pnpm/node-firebird@1.1.9/node_modules/node-firebird/lib/wire/connection.js:149:13)
    at Socket.emit (node:events:518:28)
    at addChunk (node:internal/streams/readable:559:12)
    at readableAddChunkPushByteMode (node:internal/streams/readable:510:3)
    at Readable.push (node:internal/streams/readable:390:5)
    at TCP.onStreamRead (node:internal/stream_base_commons:190:23)
    at TCP.callbackTrampoline (node:internal/async_hooks:130:17)
[2025-09-29 16:53:12] [INFO] [tlot94fy] GET /api/buscar_folio
[2025-09-29 16:53:12] [DEBUG] [tlot94fy] folio='E14862' -> 'E00014862' | tipoPreferido='' -> 'factura'
[2025-09-29 16:53:18] [INFO] [tlot94fy] Resultados folio=E00014862 tipoDetectado=puntoVenta: 1
[2025-09-29 16:54:07] [INFO] [7jicb337] GET /api/buscar_folio
[2025-09-29 16:54:07] [DEBUG] [7jicb337] folio='FCT20179' -> 'FCT020179' | tipoPreferido='' -> 'factura'
[2025-09-29 16:54:10] [INFO] [7jicb337] Resultados folio=FCT020179 tipoDetectado=factura: 1
[2025-09-29 16:54:20] [INFO] [jvw2h2g2] GET /api/buscar_folio
[2025-09-29 16:54:20] [DEBUG] [jvw2h2g2] folio='TC29498' -> 'TC0029498' | tipoPreferido='' -> 'factura'
[2025-09-29 16:54:24] [INFO] [jvw2h2g2] Resultados folio=TC0029498 tipoDetectado=traspaso: 1
[2025-09-29 16:54:48] [INFO] [zyw4od7z] GET /api/buscar_folio
[2025-09-29 16:54:48] [DEBUG] [zyw4od7z] folio='E14862' -> 'E00014862' | tipoPreferido='' -> 'factura'
[2025-09-29 16:54:54] [INFO] [zyw4od7z] Resultados folio=E00014862 tipoDetectado=puntoVenta: 1
[2025-09-29 16:56:25] [INFO] [eba19e1x] GET /api/buscar_folio
[2025-09-29 16:56:25] [DEBUG] [eba19e1x] folio='E14862' -> 'E00014862' | tipoPreferido='' -> 'factura'
[2025-09-29 16:56:31] [INFO] [eba19e1x] Resultados folio=E00014862 tipoDetectado=puntoVenta: 1
[2025-09-29 17:18:27] [INFO] [7lzhqgnv] GET /api/buscar_folio
[2025-09-29 17:18:27] [DEBUG] [7lzhqgnv] folio='E14862' -> 'E00014862' | tipoPreferido='' -> 'factura'
[2025-09-29 17:18:28] [ERROR] GET /api/buscar_folio ERROR: Your user name and password are not defined. Ask your database
administrator to set up a Firebird login

[2025-09-29 17:18:28] [DEBUG] STACK: Error: Your user name and password are not defined. Ask your database
administrator to set up a Firebird login

    at doCallback (webpack-internal:///(rsc)/./node_modules/.pnpm/node-firebird@1.1.9/node_modules/node-firebird/lib/callback.js:23:21)
    at eval (webpack-internal:///(rsc)/./node_modules/.pnpm/node-firebird@1.1.9/node_modules/node-firebird/lib/wire/connection.js:172:21)
    at loop (webpack-internal:///(rsc)/./node_modules/.pnpm/node-firebird@1.1.9/node_modules/node-firebird/lib/wire/connection.js:232:29)
    at parseOpResponse (webpack-internal:///(rsc)/./node_modules/.pnpm/node-firebird@1.1.9/node_modules/node-firebird/lib/wire/connection.js:515:29)
    at decodeResponse (webpack-internal:///(rsc)/./node_modules/.pnpm/node-firebird@1.1.9/node_modules/node-firebird/lib/wire/connection.js:237:24)
    at Socket.eval (webpack-internal:///(rsc)/./node_modules/.pnpm/node-firebird@1.1.9/node_modules/node-firebird/lib/wire/connection.js:149:13)
    at Socket.emit (node:events:518:28)
    at addChunk (node:internal/streams/readable:559:12)
    at readableAddChunkPushByteMode (node:internal/streams/readable:510:3)
    at Readable.push (node:internal/streams/readable:390:5)
    at TCP.onStreamRead (node:internal/stream_base_commons:190:23)
    at TCP.callbackTrampoline (node:internal/async_hooks:130:17)
[2025-09-29 17:18:30] [INFO] [b7c5lttd] GET /api/buscar_folio
[2025-09-29 17:18:30] [DEBUG] [b7c5lttd] folio='E14862' -> 'E00014862' | tipoPreferido='' -> 'factura'
[2025-09-29 17:18:36] [INFO] [b7c5lttd] Resultados folio=E00014862 tipoDetectado=puntoVenta: 1
[2025-09-29 17:18:52] [INFO] [7vid6l9m] GET /api/buscar_folio
[2025-09-29 17:18:52] [DEBUG] [7vid6l9m] folio='FCT20179' -> 'FCT020179' | tipoPreferido='' -> 'factura'
[2025-09-29 17:18:53] [ERROR] GET /api/buscar_folio ERROR: Your user name and password are not defined. Ask your database
administrator to set up a Firebird login

[2025-09-29 17:18:53] [DEBUG] STACK: Error: Your user name and password are not defined. Ask your database
administrator to set up a Firebird login

    at doCallback (webpack-internal:///(rsc)/./node_modules/.pnpm/node-firebird@1.1.9/node_modules/node-firebird/lib/callback.js:23:21)
    at eval (webpack-internal:///(rsc)/./node_modules/.pnpm/node-firebird@1.1.9/node_modules/node-firebird/lib/wire/connection.js:172:21)
    at loop (webpack-internal:///(rsc)/./node_modules/.pnpm/node-firebird@1.1.9/node_modules/node-firebird/lib/wire/connection.js:232:29)
    at parseOpResponse (webpack-internal:///(rsc)/./node_modules/.pnpm/node-firebird@1.1.9/node_modules/node-firebird/lib/wire/connection.js:515:29)
    at decodeResponse (webpack-internal:///(rsc)/./node_modules/.pnpm/node-firebird@1.1.9/node_modules/node-firebird/lib/wire/connection.js:237:24)
    at Socket.eval (webpack-internal:///(rsc)/./node_modules/.pnpm/node-firebird@1.1.9/node_modules/node-firebird/lib/wire/connection.js:149:13)
    at Socket.emit (node:events:518:28)
    at addChunk (node:internal/streams/readable:559:12)
    at readableAddChunkPushByteMode (node:internal/streams/readable:510:3)
    at Readable.push (node:internal/streams/readable:390:5)
    at TCP.onStreamRead (node:internal/stream_base_commons:190:23)
    at TCP.callbackTrampoline (node:internal/async_hooks:130:17)
[2025-09-29 17:18:54] [INFO] [3d3u6ec8] GET /api/buscar_folio
[2025-09-29 17:18:54] [DEBUG] [3d3u6ec8] folio='FCT20179' -> 'FCT020179' | tipoPreferido='' -> 'factura'
[2025-09-29 17:18:56] [INFO] [3d3u6ec8] Resultados folio=FCT020179 tipoDetectado=factura: 1
[2025-09-29 17:19:01] [INFO] [g9yznxdt] GET /api/buscar_folio
[2025-09-29 17:19:01] [DEBUG] [g9yznxdt] folio='TC29489' -> 'TC0029489' | tipoPreferido='' -> 'factura'
[2025-09-29 17:19:04] [INFO] [g9yznxdt] Resultados folio=TC0029489 tipoDetectado=traspaso: 1
[2025-09-29 17:19:12] [INFO] [87527l5i] GET /api/buscar_folio
[2025-09-29 17:19:12] [DEBUG] [87527l5i] folio='E14862' -> 'E00014862' | tipoPreferido='' -> 'factura'
[2025-09-29 17:19:19] [INFO] [87527l5i] Resultados folio=E00014862 tipoDetectado=puntoVenta: 1
[2025-09-29 17:37:18] [INFO] [hn29j3jf] GET /api/buscar_folio
[2025-09-29 17:37:18] [DEBUG] [hn29j3jf] folio='TC29498' -> 'TC0029498' | tipoPreferido='' -> 'factura'
[2025-09-29 17:37:22] [INFO] [hn29j3jf] Resultados folio=TC0029498 tipoDetectado=traspaso: 1
[2025-09-29 17:38:11] [INFO] [xcw7pqk6] GET /api/buscar_folio
[2025-09-29 17:38:11] [DEBUG] [xcw7pqk6] folio='E14862' -> 'E00014862' | tipoPreferido='' -> 'factura'
[2025-09-29 17:38:18] [INFO] [xcw7pqk6] Resultados folio=E00014862 tipoDetectado=puntoVenta: 1
[2025-09-29 17:56:37] [INFO] [b442qx16] GET /api/buscar_folio
[2025-09-29 17:56:37] [DEBUG] [b442qx16] folio='FCT20179' -> 'FCT020179' | tipoPreferido='' -> 'factura'
[2025-09-29 17:56:40] [INFO] [b442qx16] Resultados folio=FCT020179 tipoDetectado=factura: 1
[2025-09-29 17:56:52] [INFO] [5vqbr0jk] GET /api/buscar_folio
[2025-09-29 17:56:52] [DEBUG] [5vqbr0jk] folio='TC29498' -> 'TC0029498' | tipoPreferido='' -> 'factura'
[2025-09-29 17:56:56] [INFO] [5vqbr0jk] Resultados folio=TC0029498 tipoDetectado=traspaso: 1
[2025-09-29 17:57:12] [INFO] [ebin6apq] GET /api/buscar_folio
[2025-09-29 17:57:12] [DEBUG] [ebin6apq] folio='E14862' -> 'E00014862' | tipoPreferido='' -> 'factura'
[2025-09-29 17:57:19] [INFO] [ebin6apq] Resultados folio=E00014862 tipoDetectado=puntoVenta: 1
[2025-09-29 17:59:16] [INFO] [8464rk9b] GET /api/buscar_folio
[2025-09-29 17:59:16] [DEBUG] [8464rk9b] folio='FCT20179' -> 'FCT020179' | tipoPreferido='' -> 'factura'
[2025-09-29 17:59:18] [INFO] [8464rk9b] Resultados folio=FCT020179 tipoDetectado=factura: 1
