[2025-10-02T19:00:21.060Z] ✅ Processed: evt_1SDrjk4eLk2TL6PZ14licdl1 (customer.subscription.deleted)
[2025-10-02T19:00:32.387Z] ✅ Processed: evt_1SDrjv4eLk2TL6PZLc6C5n5b (customer.subscription.deleted)
[2025-10-02T19:00:36.744Z] ✅ Processed: evt_1SDrk04eLk2TL6PZBVNcanAs (customer.subscription.deleted)
[2025-10-02T19:01:04.726Z] ✅ Processed: evt_1SDqpB4eLk2TL6PZ31AwEncy (checkout.session.completed)
[2025-10-02T19:01:07.044Z] ✅ Processed: evt_1SDrkU4eLk2TL6PZoSXbIjiE (customer.subscription.deleted)
[2025-10-02T19:01:19.980Z] ✅ Processed: evt_1SDrke4eLk2TL6PZebEsX8VQ (customer.subscription.deleted)
[2025-10-02T19:01:24.560Z] ✅ Processed: evt_1SDrkm4eLk2TL6PZUPDFaH2X (customer.subscription.deleted)
[2025-10-02T19:01:31.282Z] ✅ Processed: evt_1SDrkt4eLk2TL6PZ6iBe6yKf (customer.subscription.deleted)
[2025-10-02T19:01:34.975Z] ✅ Processed: evt_1SDrkw4eLk2TL6PZTlvaL9mT (customer.subscription.deleted)
[2025-10-02T19:01:47.191Z] ✅ Processed: evt_1SDqpB4eLk2TL6PZkDBpD2Xu (invoice.paid)
[2025-10-02T19:02:30.416Z] 🔁 Duplicate ignored: evt_1SDqpA4eLk2TL6PZlsURNHTl (customer.subscription.created)
[2025-10-02T19:02:40.813Z] ✅ Processed: evt_1SDrm04eLk2TL6PZFRZOJ9Ev (customer.subscription.created)
[2025-10-02T19:02:40.880Z] ℹ️ Unhandled event: payment_intent.succeeded
[2025-10-02T19:02:40.880Z] ✅ Processed: evt_3SDrlx4eLk2TL6PZ0KMPiw6Q (payment_intent.succeeded)
[2025-10-02T19:02:41.209Z] ✅ Processed: evt_1SDrm04eLk2TL6PZxRvoLJsd (invoice.paid)
[2025-10-02T19:02:41.486Z] ✅ Processed: evt_1SDrm14eLk2TL6PZuRUGhzVI (checkout.session.completed)
[2025-10-02T19:02:51.357Z] ℹ️ Unhandled event: payment_intent.succeeded
[2025-10-02T19:02:51.357Z] ✅ Processed: evt_3SDqp84eLk2TL6PZ1Qc2BnR5 (payment_intent.succeeded)
[2025-10-02T19:51:29.114Z] ℹ️ Unhandled event: payment_intent.succeeded
[2025-10-02T19:51:29.115Z] ✅ Processed: evt_3SDsXA4eLk2TL6PZ1SdNFDwq (payment_intent.succeeded)
[2025-10-02T19:51:29.330Z] ✅ Processed: evt_1SDsXC4eLk2TL6PZGHeuSP7q (customer.subscription.created)
[2025-10-02T19:51:29.859Z] ✅ Processed: evt_1SDsXD4eLk2TL6PZc8jcgxZR (invoice.paid)
[2025-10-02T19:51:41.210Z] ✅ Processed: evt_1SDsXQ4eLk2TL6PZMCEXnv2a (checkout.session.completed)
[2025-10-02T19:52:14.766Z] ✅ Processed: evt_1SDsXy4eLk2TL6PZ9tojFsEF (customer.subscription.created)
[2025-10-02T19:52:14.822Z] ℹ️ Unhandled event: payment_intent.succeeded
[2025-10-02T19:52:14.822Z] ✅ Processed: evt_3SDsXv4eLk2TL6PZ0OcYUxCY (payment_intent.succeeded)
[2025-10-02T19:52:15.122Z] ✅ Processed: evt_1SDsXy4eLk2TL6PZXLpVWP8q (invoice.paid)
[2025-10-02T19:52:15.244Z] ✅ Processed: evt_1SDsXy4eLk2TL6PZz1CLIZhq (checkout.session.completed)
[2025-10-02T23:05:43.638Z] ✅ Processed: evt_1SDvZD4eLk2TL6PZ442Lcr22 (customer.subscription.updated)
[2025-10-02T23:06:48.817Z] ✅ Processed: evt_1SDvaG4eLk2TL6PZfiaKL142 (customer.subscription.updated)
[2025-10-02T23:20:12.790Z] ✅ Processed: evt_1SDvnE4eLk2TL6PZT9UQEjyi (customer.subscription.updated)
[2025-10-02T23:22:20.120Z] ✅ Processed: evt_1SDvpH4eLk2TL6PZ8kci7Cwb (customer.subscription.updated)
[2025-10-02T23:28:43.064Z] ✅ Processed: evt_1SDvvS4eLk2TL6PZiarmR6hb (customer.subscription.updated)
[2025-10-02T23:33:42.790Z] 🔁 Duplicate ignored: evt_1SDw0I4eLk2TL6PZozJ52i08 (customer.subscription.updated)
